Applying system reset.
Run.
< 2021/09/08 14:19:08.595164  length=5 from=0 to=4
 00 80 ff 00 00                                   .....
--
> 2021/09/08 14:19:08.907246  length=6 from=0 to=5
 00 03 ff 01 00 01                                ......
--
< 2021/09/08 14:19:08.923084  length=5 from=5 to=9
 00 03 ff 00 00                                   .....
--
> 2021/09/08 14:19:08.969592  length=6 from=6 to=11
 00 03 ff 01 00 04                                ......
--
< 2021/09/08 14:19:08.985356  length=5 from=10 to=14
 00 03 ff 00 00                                   .....
--
> 2021/09/08 14:19:09.110402  length=5 from=12 to=16
 01 03 00 00 00                                   .....
--
< 2021/09/08 14:19:09.188288  length=18 from=15 to=32
 01 03 00 15 01 ee d2 bf d1 0e f9 13 06 00 00 13  ................
 82 00                                            ..
--
< 2021/09/08 14:19:09.204024  length=182 from=33 to=214
 00 00 00 00 62 74 70 5f 74 65 73 74 65 72 00 00  ....btp_tester..
 00 00 00 00 00 00 00 00 00 00 00 00 00 00 00 00  ................
 00 00 00 00 00 00 00 00 00 00 00 00 00 00 00 00  ................
 00 00 00 00 00 00 00 00 00 00 00 00 00 00 00 00  ................
 00 00 00 00 00 00 00 00 00 00 00 00 00 00 00 00  ................
 00 00 00 00 00 00 00 00 00 00 00 00 00 00 00 00  ................
 00 00 00 00 00 00 00 00 00 00 00 00 00 00 00 00  ................
 00 00 00 00 00 00 00 00 00 00 00 00 00 00 00 00  ................
 00 00 00 00 00 00 00 00 00 00 00 00 00 00 00 00  ................
 00 00 00 00 00 00 00 00 00 00 00 00 00 00 00 00  ................
 00 00 00 00 00 00 00 00 00 00 00 00 00 00 00 00  ................
 00 00 00 00 00 00                                ......
--
< 2021/09/08 14:19:09.207847  length=39 from=215 to=253
 00 00 00 00 00 00 00 00 00 00 00 00 00 00 00 00  ................
 00 00 00 00 00 00 00 00 00 00 00 00 00 00 00 00  ................
 00 00 00 00 00 00 00                             .......
--
< 2021/09/08 14:19:09.208811  length=3 from=254 to=256
 00 00 00                                         ...
--
< 2021/09/08 14:19:09.219955  length=40 from=257 to=296
 00 00 00 00 00 00 00 00 00 00 00 00 00 00 00 00  ................
 00 00 00 00 00 00 00 00 00 00 00 00 00 00 00 00  ................
 00 00 00 00 00 00 00 00                          ........
--
> 2021/09/08 14:19:19.391336  length=43 from=17 to=59
 04 02 00 26 00 e9 33 6d b8 f9 71 41 aa 8a de 50  ...&..3m..qA...P
 d8 92 8f 7a 3b 00 00 00 00 00 00 00 00 00 00 00  ...z;...........
 00 00 00 00 00 00 00 00 00 00 00                 ...........
--
< 2021/09/08 14:19:19.407248  length=5 from=297 to=301
 04 02 00 00 00                                   .....
--
> 2021/09/08 14:19:19.532358  length=5 from=60 to=64
 04 04 00 00 00                                   .....
--
< 2021/09/08 14:19:19.547771  length=5 from=302 to=306
 04 04 00 00 00                                   .....
--
< 2021/09/08 14:19:19.564033  length=6 from=307 to=312
 04 84 00 01 00 00                                ......
--
< 2021/09/08 14:19:22.438995  length=5 from=313 to=317
 04 83 00 00 00                                   .....
--
< 2021/09/08 14:19:23.829600  length=6 from=318 to=323
 04 85 00 01 00 00                                ......
--
< 2021/09/08 14:19:24.985342  length=27 from=324 to=350
 04 86 00 16 00 03 00 01 00 02 00 0f 80 80 00 00  ................
 8c ca 22 e3 36 e1 6d 45 ad 95 04                 ..".6.mE...
--
< 2021/09/08 14:19:25.407550  length=3 from=351 to=353
 04 86 00                                         ...
--
< 2021/09/08 14:19:25.422891  length=16 from=354 to=369
 0e 00 07 01 01 00 02 00 07 00 00 04 00 00 00 07  ................
--
< 2021/09/08 14:19:26.579487  length=27 from=370 to=396
 04 86 00 16 00 03 00 01 00 02 00 0f 80 80 08 00  ................
 3b e4 8e 04 56 56 01 82 a3 e9 21                 ;...VV....!
--
