2021-09-08 14:19:06,146 root DEBUG autoptsclient_common.py   781   run_test_case_thread_entry : Starting TestCase wrapper MESH MESH/NODE/BCN/SNB/BV-01-C
2021-09-08 14:19:06,146 root DEBUG testcase.py               718   pre_run                   : pre_run MESH MESH/NODE/BCN/SNB/BV-01-C
2021-09-08 14:19:06,146 root DEBUG testcase.py               720   pre_run                   : About to run test case MESH MESH/NODE/BCN/SNB/BV-01-C with commands:
2021-09-08 14:19:06,146 root DEBUG testcase.py               723   pre_run                   : 0) class=<class 'ptsprojects.testcase.TestFunc'>, func=<bound method ZephyrCtl.start of <ptsprojects.zephyr.iutctl.ZephyrCtl object at 0x000001AD82063BB0>> start_wid=None stop_wid=None post_wid=None skip_call=None call_count=0 args=(<ptsprojects.zephyr.ztestcase.ZTestCase object at 0x000001AD8229CE50>,) kwds={}
2021-09-08 14:19:06,146 root DEBUG testcase.py               723   pre_run                   : 1) class=<class 'ptsprojects.testcase.TestFunc'>, func=<bound method ZephyrCtl.wait_iut_ready_event of <ptsprojects.zephyr.iutctl.ZephyrCtl object at 0x000001AD82063BB0>> start_wid=None stop_wid=None post_wid=None skip_call=None call_count=0 args=() kwds={}
2021-09-08 14:19:06,146 root DEBUG testcase.py               723   pre_run                   : 2) class=<class 'ptsprojects.testcase.TestFunc'>, func=<function core_reg_svc_gap at 0x000001ADFFF8CDC0> start_wid=None stop_wid=None post_wid=None skip_call=None call_count=0 args=() kwds={}
2021-09-08 14:19:06,146 root DEBUG testcase.py               723   pre_run                   : 3) class=<class 'ptsprojects.testcase.TestFunc'>, func=<function core_reg_svc_mesh at 0x000001ADFFF8F160> start_wid=None stop_wid=None post_wid=None skip_call=None call_count=0 args=() kwds={}
2021-09-08 14:19:06,146 root DEBUG testcase.py               723   pre_run                   : 4) class=<class 'ptsprojects.testcase.TestFunc'>, func=<function gap_read_ctrl_info at 0x000001ADFFF9A280> start_wid=None stop_wid=None post_wid=None skip_call=None call_count=0 args=() kwds={}
2021-09-08 14:19:06,146 root DEBUG testcase.py               723   pre_run                   : 5) class=<class 'ptsprojects.testcase.TestFunc'>, func=<function test_cases.<locals>.<lambda> at 0x000001AD82086A60> start_wid=None stop_wid=None post_wid=None skip_call=None call_count=0 args=() kwds={}
2021-09-08 14:19:06,146 root DEBUG testcase.py               723   pre_run                   : 6) class=<class 'ptsprojects.testcase.TestFunc'>, func=<function test_cases.<locals>.<lambda> at 0x000001AD820869D0> start_wid=None stop_wid=None post_wid=None skip_call=None call_count=0 args=() kwds={}
2021-09-08 14:19:06,146 root DEBUG testcase.py               723   pre_run                   : 7) class=<class 'ptsprojects.testcase.TestFunc'>, func=<function test_cases.<locals>.<lambda> at 0x000001AD82086AF0> start_wid=None stop_wid=None post_wid=None skip_call=None call_count=0 args=() kwds={}
2021-09-08 14:19:06,146 root DEBUG testcase.py               723   pre_run                   : 8) class=<class 'ptsprojects.testcase.TestFunc'>, func=<function test_cases.<locals>.<lambda> at 0x000001AD82086B80> start_wid=None stop_wid=None post_wid=None skip_call=None call_count=0 args=() kwds={}
2021-09-08 14:19:06,146 root DEBUG testcase.py               723   pre_run                   : 9) class=<class 'ptsprojects.testcase.TestFunc'>, func=<function test_cases.<locals>.<lambda> at 0x000001AD82086C10> start_wid=None stop_wid=None post_wid=None skip_call=None call_count=0 args=() kwds={}
2021-09-08 14:19:06,162 root DEBUG testcase.py               723   pre_run                   : 10) class=<class 'ptsprojects.testcase.TestFunc'>, func=<function test_cases.<locals>.<lambda> at 0x000001AD82086CA0> start_wid=None stop_wid=None post_wid=None skip_call=None call_count=0 args=() kwds={}
2021-09-08 14:19:06,162 root DEBUG testcase.py               723   pre_run                   : 11) class=<class 'ptsprojects.testcase.TestFunc'>, func=<function test_cases.<locals>.<lambda> at 0x000001AD82086D30> start_wid=None stop_wid=None post_wid=None skip_call=None call_count=0 args=() kwds={}
2021-09-08 14:19:06,162 root DEBUG testcase.py               723   pre_run                   : 12) class=<class 'ptsprojects.testcase.TestFuncCleanUp'>, func=<bound method Stack.cleanup of <ptsprojects.stack.Stack object at 0x000001AD82063B80>> start_wid=None stop_wid=None post_wid=None skip_call=None call_count=0 args=() kwds={}
2021-09-08 14:19:06,162 root DEBUG testcase.py               723   pre_run                   : 13) class=<class 'ptsprojects.testcase.TestFuncCleanUp'>, func=<bound method ZephyrCtl.stop of <ptsprojects.zephyr.iutctl.ZephyrCtl object at 0x000001AD82063BB0>> start_wid=None stop_wid=None post_wid=None skip_call=None call_count=0 args=() kwds={}
2021-09-08 14:19:06,162 root DEBUG testcase.py               730   pre_run                   : post_run, run pre test case script
2021-09-08 14:19:06,162 root DEBUG testcase.py               246   start                     : Starting test function: class=<class 'ptsprojects.testcase.TestFunc'>, func=<bound method ZephyrCtl.start of <ptsprojects.zephyr.iutctl.ZephyrCtl object at 0x000001AD82063BB0>> start_wid=None stop_wid=None post_wid=None skip_call=None call_count=1 args=(<ptsprojects.zephyr.ztestcase.ZTestCase object at 0x000001AD8229CE50>,) kwds={}
2021-09-08 14:19:06,162 root DEBUG testcase.py               258   start                     : Test function parameters: args=(<ptsprojects.zephyr.ztestcase.ZTestCase object at 0x000001AD8229CE50>,), kwds={}
2021-09-08 14:19:06,162 root DEBUG iutctl.py                 116   start                     : <class 'ptsprojects.zephyr.iutctl.ZephyrCtl'>.start
2021-09-08 14:19:06,178 root DEBUG iutctl.py                 176   flush_serial              : <class 'ptsprojects.zephyr.iutctl.ZephyrCtl'>.flush_serial
2021-09-08 14:19:06,536 root DEBUG iutctl.py                 141   start                     : Starting socat process: socat.exe -x -v tcp:192.168.4.2:64414,retry=100,interval=1 /dev/ttyS3,raw,b115200
2021-09-08 14:19:06,551 root DEBUG iutctl_common.py          233   accept                    : accept
2021-09-08 14:19:06,614 root DEBUG testcase.py               246   start                     : Starting test function: class=<class 'ptsprojects.testcase.TestFunc'>, func=<bound method ZephyrCtl.wait_iut_ready_event of <ptsprojects.zephyr.iutctl.ZephyrCtl object at 0x000001AD82063BB0>> start_wid=None stop_wid=None post_wid=None skip_call=None call_count=1 args=() kwds={}
2021-09-08 14:19:06,614 root DEBUG testcase.py               258   start                     : Test function parameters: args=(), kwds={}
2021-09-08 14:19:06,614 root DEBUG iutctl.py                 207   reset                     : <class 'ptsprojects.zephyr.iutctl.ZephyrCtl'>.reset
2021-09-08 14:19:06,614 root DEBUG iutctl.py                 242   stop                      : <class 'ptsprojects.zephyr.iutctl.ZephyrCtl'>.stop
2021-09-08 14:19:07,624 root DEBUG iutctl.py                 116   start                     : <class 'ptsprojects.zephyr.iutctl.ZephyrCtl'>.start
2021-09-08 14:19:07,624 root DEBUG iutctl.py                 176   flush_serial              : <class 'ptsprojects.zephyr.iutctl.ZephyrCtl'>.flush_serial
2021-09-08 14:19:07,701 root DEBUG iutctl.py                 141   start                     : Starting socat process: socat.exe -x -v tcp:192.168.4.2:64419,retry=100,interval=1 /dev/ttyS3,raw,b115200
2021-09-08 14:19:07,717 root DEBUG iutctl_common.py          233   accept                    : accept
2021-09-08 14:19:07,748 root DEBUG iutctl.py                 176   flush_serial              : <class 'ptsprojects.zephyr.iutctl.ZephyrCtl'>.flush_serial
2021-09-08 14:19:07,748 root DEBUG iutctl.py                 316   reset                     : About to reset DUT: 'nrfjprog -f nrf52 -r -s 683060861'
2021-09-08 14:19:08,406 root DEBUG iutctl_common.py          176   read                      : read
2021-09-08 14:19:08,625 root DEBUG iutctl_common.py          100   read                      : Received: hdr: Header(svc_id=0, op=128, ctrl_index=255, data_len=0) bytearray(b'\x00\x80\xff\x00\x00')
2021-09-08 14:19:08,828 root DEBUG iutctl_common.py          113   read                      : Received data: "('',)", bytearray(b'')
2021-09-08 14:19:08,844 root DEBUG btp.py                    423   event_handler             : event_handler Header(svc_id=0, op=128, ctrl_index=255, data_len=0) (b'',)
2021-09-08 14:19:08,844 root ERROR btp.py                    455   event_handler             : Unhandled event! svc_id 0 op 128
2021-09-08 14:19:08,875 root DEBUG iutctl.py                 235   wait_iut_ready_event      : IUT ready event received OK
2021-09-08 14:19:08,875 root DEBUG testcase.py               246   start                     : Starting test function: class=<class 'ptsprojects.testcase.TestFunc'>, func=<function core_reg_svc_gap at 0x000001ADFFF8CDC0> start_wid=None stop_wid=None post_wid=None skip_call=None call_count=1 args=() kwds={}
2021-09-08 14:19:08,875 root DEBUG testcase.py               258   start                     : Test function parameters: args=(), kwds={}
2021-09-08 14:19:08,875 root DEBUG btp.py                    258   core_reg_svc_gap          : core_reg_svc_gap
2021-09-08 14:19:08,875 root DEBUG iutctl_common.py          119   send                      : send, 0 3 255 '1'
2021-09-08 14:19:08,875 root DEBUG iutctl_common.py          122   send                      : btpclient command: send 0 3 255 '1'
2021-09-08 14:19:08,875 root DEBUG iutctl_common.py          127   send                      : sending frame b'\x00\x03\xff\x01\x00\x01'
2021-09-08 14:19:08,875 root DEBUG btp.py                    340   core_reg_svc_rsp_succ     : core_reg_svc_rsp_succ
2021-09-08 14:19:08,875 root DEBUG iutctl_common.py          176   read                      : read
2021-09-08 14:19:08,938 root DEBUG iutctl_common.py          100   read                      : Received: hdr: Header(svc_id=0, op=3, ctrl_index=255, data_len=0) bytearray(b'\x00\x03\xff\x00\x00')
2021-09-08 14:19:08,953 root DEBUG iutctl_common.py          113   read                      : Received data: "('',)", bytearray(b'')
2021-09-08 14:19:08,953 root DEBUG btp.py                    351   core_reg_svc_rsp_succ     : received Header(svc_id=0, op=3, ctrl_index=255, data_len=0) (b'',)
2021-09-08 14:19:08,953 root DEBUG btp.py                    352   core_reg_svc_rsp_succ     : expected ((0, 3, 255, 0), (b'',))
2021-09-08 14:19:08,953 root DEBUG btp.py                    357   core_reg_svc_rsp_succ     : response is valid
2021-09-08 14:19:08,953 root DEBUG testcase.py               246   start                     : Starting test function: class=<class 'ptsprojects.testcase.TestFunc'>, func=<function core_reg_svc_mesh at 0x000001ADFFF8F160> start_wid=None stop_wid=None post_wid=None skip_call=None call_count=1 args=() kwds={}
2021-09-08 14:19:08,953 root DEBUG testcase.py               258   start                     : Test function parameters: args=(), kwds={}
2021-09-08 14:19:08,953 root DEBUG btp.py                    308   core_reg_svc_mesh         : core_reg_svc_mesh
2021-09-08 14:19:08,953 root DEBUG iutctl_common.py          119   send                      : send, 0 3 255 '4'
2021-09-08 14:19:08,953 root DEBUG iutctl_common.py          122   send                      : btpclient command: send 0 3 255 '4'
2021-09-08 14:19:08,953 root DEBUG iutctl_common.py          127   send                      : sending frame b'\x00\x03\xff\x01\x00\x04'
2021-09-08 14:19:08,953 root DEBUG btp.py                    340   core_reg_svc_rsp_succ     : core_reg_svc_rsp_succ
2021-09-08 14:19:08,953 root DEBUG iutctl_common.py          176   read                      : read
2021-09-08 14:19:09,000 root DEBUG iutctl_common.py          100   read                      : Received: hdr: Header(svc_id=0, op=3, ctrl_index=255, data_len=0) bytearray(b'\x00\x03\xff\x00\x00')
2021-09-08 14:19:09,031 root DEBUG iutctl_common.py          113   read                      : Received data: "('',)", bytearray(b'')
2021-09-08 14:19:09,078 root DEBUG btp.py                    351   core_reg_svc_rsp_succ     : received Header(svc_id=0, op=3, ctrl_index=255, data_len=0) (b'',)
2021-09-08 14:19:09,078 root DEBUG btp.py                    352   core_reg_svc_rsp_succ     : expected ((0, 3, 255, 0), (b'',))
2021-09-08 14:19:09,078 root DEBUG btp.py                    357   core_reg_svc_rsp_succ     : response is valid
2021-09-08 14:19:09,078 root DEBUG testcase.py               246   start                     : Starting test function: class=<class 'ptsprojects.testcase.TestFunc'>, func=<function gap_read_ctrl_info at 0x000001ADFFF9A280> start_wid=None stop_wid=None post_wid=None skip_call=None call_count=1 args=() kwds={}
2021-09-08 14:19:09,078 root DEBUG testcase.py               258   start                     : Test function parameters: args=(), kwds={}
2021-09-08 14:19:09,078 root DEBUG gap.py                    736   gap_read_ctrl_info        : gap_read_ctrl_info
2021-09-08 14:19:09,078 root DEBUG iutctl_common.py          119   send                      : send, 1 3 0 ''
2021-09-08 14:19:09,078 root DEBUG iutctl_common.py          122   send                      : btpclient command: send 1 3 0 ''
2021-09-08 14:19:09,078 root DEBUG iutctl_common.py          127   send                      : sending frame b'\x01\x03\x00\x00\x00'
2021-09-08 14:19:09,078 root DEBUG iutctl_common.py          176   read                      : read
2021-09-08 14:19:09,203 root DEBUG iutctl_common.py          100   read                      : Received: hdr: Header(svc_id=1, op=3, ctrl_index=0, data_len=277) bytearray(b'\x01\x03\x00\x15\x01')
2021-09-08 14:19:09,281 root DEBUG iutctl_common.py          113   read                      : Received data: "('îÒ¿Ñ\x0eù\x13\x06\x00\x00\x13\x82\x00\x00\x00\x00\x00btp_tester\x00\x00\x00\x00\x00\x00\x00\x00\x00\x00\x00\x00\x00\x00\x00\x00\x00\x00\x00\x00\x00\x00\x00\x00\x00\x00\x00\x00\x00\x00\x00\x00\x00\x00\x00\x00\x00\x00\x00\x00\x00\x00\x00\x00\x00\x00\x00\x00\x00\x00\x00\x00\x00\x00\x00\x00\x00\x00\x00\x00\x00\x00\x00\x00\x00\x00\x00\x00\x00\x00\x00\x00\x00\x00\x00\x00\x00\x00\x00\x00\x00\x00\x00\x00\x00\x00\x00\x00\x00\x00\x00\x00\x00\x00\x00\x00\x00\x00\x00\x00\x00\x00\x00\x00\x00\x00\x00\x00\x00\x00\x00\x00\x00\x00\x00\x00\x00\x00\x00\x00\x00\x00\x00\x00\x00\x00\x00\x00\x00\x00\x00\x00\x00\x00\x00\x00\x00\x00\x00\x00\x00\x00\x00\x00\x00\x00\x00\x00\x00\x00\x00\x00\x00\x00\x00\x00\x00\x00\x00\x00\x00\x00\x00\x00\x00\x00\x00\x00\x00\x00\x00\x00\x00\x00\x00\x00\x00\x00\x00\x00\x00\x00\x00\x00\x00\x00\x00\x00\x00\x00\x00\x00\x00\x00\x00\x00\x00\x00\x00\x00\x00\x00\x00\x00\x00\x00\x00\x00\x00\x00\x00\x00\x00\x00\x00\x00\x00\x00\x00\x00\x00\x00\x00\x00\x00\x00\x00\x00\x00\x00\x00\x00\x00\x00\x00\x00\x00\x00\x00\x00\x00\x00\x00\x00\x00\x00\x00\x00\x00\x00',)", bytearray(b'\xee\xd2\xbf\xd1\x0e\xf9\x13\x06\x00\x00\x13\x82\x00\x00\x00\x00\x00btp_tester\x00\x00\x00\x00\x00\x00\x00\x00\x00\x00\x00\x00\x00\x00\x00\x00\x00\x00\x00\x00\x00\x00\x00\x00\x00\x00\x00\x00\x00\x00\x00\x00\x00\x00\x00\x00\x00\x00\x00\x00\x00\x00\x00\x00\x00\x00\x00\x00\x00\x00\x00\x00\x00\x00\x00\x00\x00\x00\x00\x00\x00\x00\x00\x00\x00\x00\x00\x00\x00\x00\x00\x00\x00\x00\x00\x00\x00\x00\x00\x00\x00\x00\x00\x00\x00\x00\x00\x00\x00\x00\x00\x00\x00\x00\x00\x00\x00\x00\x00\x00\x00\x00\x00\x00\x00\x00\x00\x00\x00\x00\x00\x00\x00\x00\x00\x00\x00\x00\x00\x00\x00\x00\x00\x00\x00\x00\x00\x00\x00\x00\x00\x00\x00\x00\x00\x00\x00\x00\x00\x00\x00\x00\x00\x00\x00\x00\x00\x00\x00\x00\x00\x00\x00\x00\x00\x00\x00\x00\x00\x00\x00\x00\x00\x00\x00\x00\x00\x00\x00\x00\x00\x00\x00\x00\x00\x00\x00\x00\x00\x00\x00\x00\x00\x00\x00\x00\x00\x00\x00\x00\x00\x00\x00\x00\x00\x00\x00\x00\x00\x00\x00\x00\x00\x00\x00\x00\x00\x00\x00\x00\x00\x00\x00\x00\x00\x00\x00\x00\x00\x00\x00\x00\x00\x00\x00\x00\x00\x00\x00\x00\x00\x00\x00\x00\x00\x00\x00\x00\x00\x00\x00\x00\x00\x00\x00\x00\x00\x00\x00\x00')
2021-09-08 14:19:09,329 root DEBUG gap.py                    743   gap_read_ctrl_info        : received Header(svc_id=1, op=3, ctrl_index=0, data_len=277) (b'\xee\xd2\xbf\xd1\x0e\xf9\x13\x06\x00\x00\x13\x82\x00\x00\x00\x00\x00btp_tester\x00\x00\x00\x00\x00\x00\x00\x00\x00\x00\x00\x00\x00\x00\x00\x00\x00\x00\x00\x00\x00\x00\x00\x00\x00\x00\x00\x00\x00\x00\x00\x00\x00\x00\x00\x00\x00\x00\x00\x00\x00\x00\x00\x00\x00\x00\x00\x00\x00\x00\x00\x00\x00\x00\x00\x00\x00\x00\x00\x00\x00\x00\x00\x00\x00\x00\x00\x00\x00\x00\x00\x00\x00\x00\x00\x00\x00\x00\x00\x00\x00\x00\x00\x00\x00\x00\x00\x00\x00\x00\x00\x00\x00\x00\x00\x00\x00\x00\x00\x00\x00\x00\x00\x00\x00\x00\x00\x00\x00\x00\x00\x00\x00\x00\x00\x00\x00\x00\x00\x00\x00\x00\x00\x00\x00\x00\x00\x00\x00\x00\x00\x00\x00\x00\x00\x00\x00\x00\x00\x00\x00\x00\x00\x00\x00\x00\x00\x00\x00\x00\x00\x00\x00\x00\x00\x00\x00\x00\x00\x00\x00\x00\x00\x00\x00\x00\x00\x00\x00\x00\x00\x00\x00\x00\x00\x00\x00\x00\x00\x00\x00\x00\x00\x00\x00\x00\x00\x00\x00\x00\x00\x00\x00\x00\x00\x00\x00\x00\x00\x00\x00\x00\x00\x00\x00\x00\x00\x00\x00\x00\x00\x00\x00\x00\x00\x00\x00\x00\x00\x00\x00\x00\x00\x00\x00\x00\x00\x00\x00\x00\x00\x00\x00\x00\x00\x00\x00\x00\x00\x00\x00\x00\x00\x00\x00\x00\x00\x00\x00\x00',)
2021-09-08 14:19:09,329 root DEBUG gap.py                    764   gap_read_ctrl_info        : IUT address 'f90ed1bfd2ee'
2021-09-08 14:19:09,329 root DEBUG gap.py                    250   __gap_current_settings_update : __gap_current_settings_update 33299
2021-09-08 14:19:09,329 root DEBUG testcase.py               246   start                     : Starting test function: class=<class 'ptsprojects.testcase.TestFunc'>, func=<function test_cases.<locals>.<lambda> at 0x000001AD82086A60> start_wid=None stop_wid=None post_wid=None skip_call=None call_count=1 args=() kwds={}
2021-09-08 14:19:09,329 root DEBUG testcase.py               258   start                     : Test function parameters: args=(), kwds={}
2021-09-08 14:19:09,329 root DEBUG testcase.py               246   start                     : Starting test function: class=<class 'ptsprojects.testcase.TestFunc'>, func=<function test_cases.<locals>.<lambda> at 0x000001AD820869D0> start_wid=None stop_wid=None post_wid=None skip_call=None call_count=1 args=() kwds={}
2021-09-08 14:19:09,329 root DEBUG testcase.py               258   start                     : Test function parameters: args=(), kwds={}
2021-09-08 14:19:09,344 root DEBUG testcase.py               246   start                     : Starting test function: class=<class 'ptsprojects.testcase.TestFunc'>, func=<function test_cases.<locals>.<lambda> at 0x000001AD82086AF0> start_wid=None stop_wid=None post_wid=None skip_call=None call_count=1 args=() kwds={}
2021-09-08 14:19:09,344 root DEBUG testcase.py               258   start                     : Test function parameters: args=(), kwds={}
2021-09-08 14:19:09,344 root DEBUG testcase.py               246   start                     : Starting test function: class=<class 'ptsprojects.testcase.TestFunc'>, func=<function test_cases.<locals>.<lambda> at 0x000001AD82086B80> start_wid=None stop_wid=None post_wid=None skip_call=None call_count=1 args=() kwds={}
2021-09-08 14:19:09,344 root DEBUG testcase.py               258   start                     : Test function parameters: args=(), kwds={}
2021-09-08 14:19:09,344 root DEBUG testcase.py               246   start                     : Starting test function: class=<class 'ptsprojects.testcase.TestFunc'>, func=<function test_cases.<locals>.<lambda> at 0x000001AD82086C10> start_wid=None stop_wid=None post_wid=None skip_call=None call_count=1 args=() kwds={}
2021-09-08 14:19:09,344 root DEBUG testcase.py               258   start                     : Test function parameters: args=(), kwds={}
2021-09-08 14:19:09,359 root DEBUG testcase.py               246   start                     : Starting test function: class=<class 'ptsprojects.testcase.TestFunc'>, func=<function test_cases.<locals>.<lambda> at 0x000001AD82086CA0> start_wid=None stop_wid=None post_wid=None skip_call=None call_count=1 args=() kwds={}
2021-09-08 14:19:09,359 root DEBUG testcase.py               258   start                     : Test function parameters: args=(), kwds={}
2021-09-08 14:19:09,359 root DEBUG testcase.py               246   start                     : Starting test function: class=<class 'ptsprojects.testcase.TestFunc'>, func=<function test_cases.<locals>.<lambda> at 0x000001AD82086D30> start_wid=None stop_wid=None post_wid=None skip_call=None call_count=1 args=() kwds={}
2021-09-08 14:19:09,359 root DEBUG testcase.py               258   start                     : Test function parameters: args=(), kwds={}
2021-09-08 14:19:09,375 root DEBUG autoptsclient_common.py   270   set_current_test_case     : CallbackThread.set_current_test_case MESH/NODE/BCN/SNB/BV-01-C
2021-09-08 14:19:19,344 ClientCallback.on_implicit_send INFO autoptsclient_common.py   169   on_implicit_send          : ********************
2021-09-08 14:19:19,344 ClientCallback.on_implicit_send INFO autoptsclient_common.py   170   on_implicit_send          : BEGIN OnImplicitSend:
2021-09-08 14:19:19,344 ClientCallback.on_implicit_send INFO autoptsclient_common.py   171   on_implicit_send          : project_name: MESH
2021-09-08 14:19:19,344 ClientCallback.on_implicit_send INFO autoptsclient_common.py   172   on_implicit_send          : wid: 13
2021-09-08 14:19:19,344 ClientCallback.on_implicit_send INFO autoptsclient_common.py   173   on_implicit_send          : test_case_name: MESH/NODE/BCN/SNB/BV-01-C
2021-09-08 14:19:19,344 ClientCallback.on_implicit_send INFO autoptsclient_common.py   174   on_implicit_send          : description: There is no shared security information. Please remove any security information if any. PTS is waiting for beacon to start provisioning from IUT with UUID value indicated in 'TSPX_device_uuid'
2021-09-08 14:19:19,344 ClientCallback.on_implicit_send INFO autoptsclient_common.py   175   on_implicit_send          : style: MMI_Style_Ok_Cancel2 0x11141
2021-09-08 14:19:19,344 ClientCallback.on_implicit_send INFO autoptsclient_common.py   181   on_implicit_send          : Calling test cases on_implicit_send
2021-09-08 14:19:19,344 root DEBUG testcase.py               675   on_implicit_send          : MESH MESH/NODE/BCN/SNB/BV-01-C on_implicit_send
2021-09-08 14:19:19,344 root DEBUG testcase.py               619   join_post_wid_thread      : MESH MESH/NODE/BCN/SNB/BV-01-C join_post_wid_thread
2021-09-08 14:19:19,344 root DEBUG testcase.py               621   join_post_wid_thread      : self.post_wid_thread None
2021-09-08 14:19:19,344 root DEBUG mesh.py                   50    mesh_wid_hdl              : mesh_wid_hdl, 13, "There is no shared security information. Please remove any security information if any. PTS is waiting for beacon to start provisioning from IUT with UUID value indicated in 'TSPX_device_uuid'", MESH/NODE/BCN/SNB/BV-01-C
2021-09-08 14:19:19,344 root DEBUG mesh.py                   89    mesh_config_prov          : mesh_config_prov
2021-09-08 14:19:19,344 root DEBUG iutctl_common.py          119   send                      : send, 4 2 0 "bytearray(b'\\xe93m\\xb8\\xf9qA\\xaa\\x8a\\xdeP\\xd8\\x92\\x8fz;\\x00\\x00\\x00\\x00\\x00\\x00\\x00\\x00\\x00\\x00\\x00\\x00\\x00\\x00\\x00\\x00\\x00\\x00\\x00\\x00\\x00\\x00')"
2021-09-08 14:19:19,344 root DEBUG iutctl_common.py          122   send                      : btpclient command: send 4 2 0 "bytearray(b'\\xe93m\\xb8\\xf9qA\\xaa\\x8a\\xdeP\\xd8\\x92\\x8fz;\\x00\\x00\\x00\\x00\\x00\\x00\\x00\\x00\\x00\\x00\\x00\\x00\\x00\\x00\\x00\\x00\\x00\\x00\\x00\\x00\\x00\\x00')"
2021-09-08 14:19:19,344 root DEBUG iutctl_common.py          127   send                      : sending frame b'\x04\x02\x00&\x00\xe93m\xb8\xf9qA\xaa\x8a\xdeP\xd8\x92\x8fz;\x00\x00\x00\x00\x00\x00\x00\x00\x00\x00\x00\x00\x00\x00\x00\x00\x00\x00\x00\x00\x00\x00'
2021-09-08 14:19:19,344 root DEBUG iutctl_common.py          176   read                      : read
2021-09-08 14:19:19,438 root DEBUG iutctl_common.py          100   read                      : Received: hdr: Header(svc_id=4, op=2, ctrl_index=0, data_len=0) bytearray(b'\x04\x02\x00\x00\x00')
2021-09-08 14:19:19,469 root DEBUG iutctl_common.py          113   read                      : Received data: "('',)", bytearray(b'')
2021-09-08 14:19:19,500 root DEBUG mesh.py                   127   mesh_init                 : mesh_init
2021-09-08 14:19:19,500 root DEBUG iutctl_common.py          119   send                      : send, 4 4 0 ''
2021-09-08 14:19:19,500 root DEBUG iutctl_common.py          122   send                      : btpclient command: send 4 4 0 ''
2021-09-08 14:19:19,500 root DEBUG iutctl_common.py          127   send                      : sending frame b'\x04\x04\x00\x00\x00'
2021-09-08 14:19:19,500 root DEBUG iutctl_common.py          176   read                      : read
2021-09-08 14:19:19,562 root DEBUG iutctl_common.py          100   read                      : Received: hdr: Header(svc_id=4, op=4, ctrl_index=0, data_len=0) bytearray(b'\x04\x04\x00\x00\x00')
2021-09-08 14:19:19,562 root DEBUG iutctl_common.py          113   read                      : Received data: "('',)", bytearray(b'')
2021-09-08 14:19:19,594 root DEBUG testcase.py               713   on_implicit_send          : Sending response 'OK'
2021-09-08 14:19:19,594 root DEBUG iutctl_common.py          100   read                      : Received: hdr: Header(svc_id=4, op=132, ctrl_index=0, data_len=1) bytearray(b'\x04\x84\x00\x01\x00')
2021-09-08 14:19:19,594 ClientCallback.on_implicit_send INFO autoptsclient_common.py   186   on_implicit_send          : test case returned on_implicit_send, response: OK
2021-09-08 14:19:19,594 ClientCallback.on_implicit_send INFO autoptsclient_common.py   196   on_implicit_send          : END OnImplicitSend:
2021-09-08 14:19:19,594 ClientCallback.on_implicit_send INFO autoptsclient_common.py   197   on_implicit_send          : ********************
2021-09-08 14:19:19,594 root DEBUG iutctl_common.py          113   read                      : Received data: "('\x00',)", bytearray(b'\x00')
2021-09-08 14:19:19,594 root DEBUG btp.py                    423   event_handler             : event_handler Header(svc_id=4, op=132, ctrl_index=0, data_len=1) (b'\x00',)
2021-09-08 14:19:19,594 root DEBUG mesh.py                   379   mesh_prov_link_open_ev    : mesh_prov_link_open_ev b'\x00'
2021-09-08 14:19:22,438 root DEBUG iutctl_common.py          100   read                      : Received: hdr: Header(svc_id=4, op=131, ctrl_index=0, data_len=0) bytearray(b'\x04\x83\x00\x00\x00')
2021-09-08 14:19:22,438 root DEBUG iutctl_common.py          113   read                      : Received data: "('',)", bytearray(b'')
2021-09-08 14:19:22,438 root DEBUG btp.py                    423   event_handler             : event_handler Header(svc_id=4, op=131, ctrl_index=0, data_len=0) (b'',)
2021-09-08 14:19:22,438 root DEBUG mesh.py                   369   mesh_provisioned_ev       : mesh_provisioned_ev b''
2021-09-08 14:19:23,828 root DEBUG iutctl_common.py          100   read                      : Received: hdr: Header(svc_id=4, op=133, ctrl_index=0, data_len=1) bytearray(b'\x04\x85\x00\x01\x00')
2021-09-08 14:19:23,828 root DEBUG iutctl_common.py          113   read                      : Received data: "('\x00',)", bytearray(b'\x00')
2021-09-08 14:19:23,828 root DEBUG btp.py                    423   event_handler             : event_handler Header(svc_id=4, op=133, ctrl_index=0, data_len=1) (b'\x00',)
2021-09-08 14:19:23,828 root DEBUG mesh.py                   387   mesh_prov_link_closed_ev  : mesh_prov_link_closed_ev b'\x00'
2021-09-08 14:19:24,984 root DEBUG iutctl_common.py          100   read                      : Received: hdr: Header(svc_id=4, op=134, ctrl_index=0, data_len=22) bytearray(b'\x04\x86\x00\x16\x00')
2021-09-08 14:19:24,984 root DEBUG iutctl_common.py          113   read                      : Received data: '(\'\x03\x00\x01\x00\x02\x00\x0f\x80\x80\x00\x00\x8cÊ"ã6ámE\xad\x95\x04\',)', bytearray(b'\x03\x00\x01\x00\x02\x00\x0f\x80\x80\x00\x00\x8c\xca"\xe36\xe1mE\xad\x95\x04')
2021-09-08 14:19:24,984 root DEBUG btp.py                    423   event_handler             : event_handler Header(svc_id=4, op=134, ctrl_index=0, data_len=22) (b'\x03\x00\x01\x00\x02\x00\x0f\x80\x80\x00\x00\x8c\xca"\xe36\xe1mE\xad\x95\x04',)
2021-09-08 14:19:25,422 root DEBUG iutctl_common.py          100   read                      : Received: hdr: Header(svc_id=4, op=134, ctrl_index=0, data_len=14) bytearray(b'\x04\x86\x00\x0e\x00')
2021-09-08 14:19:25,422 root DEBUG iutctl_common.py          113   read                      : Received data: "('\x07\x01\x01\x00\x02\x00\x07\x00\x00\x04\x00\x00\x00\x07',)", bytearray(b'\x07\x01\x01\x00\x02\x00\x07\x00\x00\x04\x00\x00\x00\x07')
2021-09-08 14:19:25,422 root DEBUG btp.py                    423   event_handler             : event_handler Header(svc_id=4, op=134, ctrl_index=0, data_len=14) (b'\x07\x01\x01\x00\x02\x00\x07\x00\x00\x04\x00\x00\x00\x07',)
2021-09-08 14:19:26,578 root DEBUG iutctl_common.py          100   read                      : Received: hdr: Header(svc_id=4, op=134, ctrl_index=0, data_len=22) bytearray(b'\x04\x86\x00\x16\x00')
2021-09-08 14:19:26,578 root DEBUG iutctl_common.py          113   read                      : Received data: "('\x03\x00\x01\x00\x02\x00\x0f\x80\x80\x08\x00;ä\x8e\x04VV\x01\x82£é!',)", bytearray(b'\x03\x00\x01\x00\x02\x00\x0f\x80\x80\x08\x00;\xe4\x8e\x04VV\x01\x82\xa3\xe9!')
2021-09-08 14:19:26,578 root DEBUG btp.py                    423   event_handler             : event_handler Header(svc_id=4, op=134, ctrl_index=0, data_len=22) (b'\x03\x00\x01\x00\x02\x00\x0f\x80\x80\x08\x00;\xe4\x8e\x04VV\x01\x82\xa3\xe9!',)
2021-09-08 14:19:32,484 ClientCallback.on_implicit_send INFO autoptsclient_common.py   169   on_implicit_send          : ********************
2021-09-08 14:19:32,484 ClientCallback.on_implicit_send INFO autoptsclient_common.py   170   on_implicit_send          : BEGIN OnImplicitSend:
2021-09-08 14:19:32,484 ClientCallback.on_implicit_send INFO autoptsclient_common.py   171   on_implicit_send          : project_name: MESH
2021-09-08 14:19:32,484 ClientCallback.on_implicit_send INFO autoptsclient_common.py   172   on_implicit_send          : wid: 90
2021-09-08 14:19:32,484 ClientCallback.on_implicit_send INFO autoptsclient_common.py   173   on_implicit_send          : test_case_name: MESH/NODE/BCN/SNB/BV-01-C
2021-09-08 14:19:32,484 ClientCallback.on_implicit_send INFO autoptsclient_common.py   174   on_implicit_send          : description: Please order IUT to send secure network beacon to the PTS. PTS will wait for 60 seconds
2021-09-08 14:19:32,484 ClientCallback.on_implicit_send INFO autoptsclient_common.py   175   on_implicit_send          : style: MMI_Style_Ok_Cancel2 0x11141
2021-09-08 14:19:32,484 ClientCallback.on_implicit_send INFO autoptsclient_common.py   181   on_implicit_send          : Calling test cases on_implicit_send
2021-09-08 14:19:32,484 root DEBUG testcase.py               675   on_implicit_send          : MESH MESH/NODE/BCN/SNB/BV-01-C on_implicit_send
2021-09-08 14:19:32,484 root DEBUG testcase.py               619   join_post_wid_thread      : MESH MESH/NODE/BCN/SNB/BV-01-C join_post_wid_thread
2021-09-08 14:19:32,484 root DEBUG testcase.py               621   join_post_wid_thread      : self.post_wid_thread None
2021-09-08 14:19:32,484 root DEBUG mesh.py                   50    mesh_wid_hdl              : mesh_wid_hdl, 90, 'Please order IUT to send secure network beacon to the PTS. PTS will wait for 60 seconds', MESH/NODE/BCN/SNB/BV-01-C
2021-09-08 14:19:32,484 root DEBUG testcase.py               713   on_implicit_send          : Sending response 'OK'
2021-09-08 14:19:32,484 ClientCallback.on_implicit_send INFO autoptsclient_common.py   186   on_implicit_send          : test case returned on_implicit_send, response: OK
2021-09-08 14:19:32,484 ClientCallback.on_implicit_send INFO autoptsclient_common.py   196   on_implicit_send          : END OnImplicitSend:
2021-09-08 14:19:32,484 ClientCallback.on_implicit_send INFO autoptsclient_common.py   197   on_implicit_send          : ********************
2021-09-08 14:19:36,219 ClientCallback.log INFO autoptsclient_common.py   133   log                       : PTS_LOGTYPE_START_TEST Start Test Case 

+1687 ms
 MESH/NODE/BCN/SNB/BV-01-C MESH/NODE/BCN/SNB/BV-01-C

2021-09-08 14:19:36,219 root DEBUG testcase.py               464   log                       : New status MESH MESH/NODE/BCN/SNB/BV-01-C - Started
2021-09-08 14:19:38,188 ClientCallback.log INFO autoptsclient_common.py   133   log                       : PTS_LOGTYPE_FINAL_VERDICT Final Verdict 

+23578 ms
 MESH/NODE/BCN/SNB/BV-01-C PASS

2021-09-08 14:19:38,188 root DEBUG testcase.py               464   log                       : New status MESH MESH/NODE/BCN/SNB/BV-01-C - PASS
2021-09-08 14:19:38,188 ClientCallback.log INFO autoptsclient_common.py   133   log                       : PTS_LOGTYPE_FINAL_VERDICT Encrypted Verdict 

+23578 ms
 MESH/NODE/BCN/SNB/BV-01-C A1#NWFjMjViNzA1YWI2MjI1NWNmNjIwMDFlMGIxMWE4YzYwOWJiZTc1OGNjOWU5NTg3NzhhZjI3YjQ5YTZlYjVkNQ==#rYZgJCHuNtZ83H/Y/nlUWzSaLXDJhyRoSiV/8nkuKr1ilpRHqEM1ZE+96X/+EcybVgwaUA8pySU=

2021-09-08 14:19:38,203 ClientCallback.log INFO autoptsclient_common.py   133   log                       : PTS_LOGTYPE_END_TEST Test Case Ended 

+23578 ms
 MESH/NODE/BCN/SNB/BV-01-C MESH/NODE/BCN/SNB/BV-01-C

2021-09-08 14:19:38,266 root DEBUG autoptsclient_common.py   802   run_test_case_thread_entry : After run_test_case error_code='' status='PASS'
2021-09-08 14:19:38,266 root DEBUG autoptsclient_common.py   278   error_code                : CallbackThread.error_code
2021-09-08 14:19:38,266 root DEBUG autoptsclient_common.py   292   cleanup                   : CallbackThread.cleanup
2021-09-08 14:19:39,281 root DEBUG testcase.py               758   post_run                  : post_run MESH MESH/NODE/BCN/SNB/BV-01-C 
2021-09-08 14:19:39,281 root DEBUG testcase.py               246   start                     : Starting test function: class=<class 'ptsprojects.testcase.TestFuncCleanUp'>, func=<bound method Stack.cleanup of <ptsprojects.stack.Stack object at 0x000001AD82063B80>> start_wid=None stop_wid=None post_wid=None skip_call=None call_count=1 args=() kwds={}
2021-09-08 14:19:39,281 root DEBUG testcase.py               258   start                     : Test function parameters: args=(), kwds={}
2021-09-08 14:19:39,281 root DEBUG autoptsclient_common.py   287   clear_pending_responses   : CallbackThread.clear_pending_responses
2021-09-08 14:19:39,281 root DEBUG testcase.py               246   start                     : Starting test function: class=<class 'ptsprojects.testcase.TestFuncCleanUp'>, func=<bound method ZephyrCtl.stop of <ptsprojects.zephyr.iutctl.ZephyrCtl object at 0x000001AD82063BB0>> start_wid=None stop_wid=None post_wid=None skip_call=None call_count=1 args=() kwds={}
2021-09-08 14:19:39,281 root DEBUG testcase.py               258   start                     : Test function parameters: args=(), kwds={}
2021-09-08 14:19:39,281 root DEBUG iutctl.py                 242   stop                      : <class 'ptsprojects.zephyr.iutctl.ZephyrCtl'>.stop
2021-09-08 14:19:42,728 root DEBUG testcase.py               783   post_run                  : post_run, cleanup running pre test case script
2021-09-08 14:19:42,728 root DEBUG testcase.py               793   post_run                  : post_run, run post test case script
2021-09-08 14:19:43,868 root DEBUG autoptsclient_common.py   832   run_test_case_thread_entry : Done TestCase wrapper MESH MESH/NODE/BCN/SNB/BV-01-C
