Applying system reset.
Run.
> 2021/09/24 12:28:08.442016  length=5 from=0 to=4
 00 80 ff 00 00                                   .....
--
< 2021/09/24 12:28:08.548895  length=6 from=0 to=5
 00 03 ff 01 00 01                                ......
--
> 2021/09/24 12:28:08.553949  length=5 from=5 to=9
 00 03 ff 00 00                                   .....
--
< 2021/09/24 12:28:08.558161  length=6 from=6 to=11
 00 03 ff 01 00 03                                ......
--
> 2021/09/24 12:28:08.559901  length=5 from=10 to=14
 00 03 ff 00 00                                   .....
--
< 2021/09/24 12:28:08.595805  length=5 from=12 to=16
 01 03 00 00 00                                   .....
--
> 2021/09/24 12:28:08.821147  length=8 from=15 to=22
 01 03 00 15 01 ee d2 bf                          ........
--
> 2021/09/24 12:28:08.822011  length=12 from=23 to=34
 d1 0e f9 13 06 00 00 13 82 00 00 00              ............
--
> 2021/09/24 12:28:08.822974  length=11 from=35 to=45
 00 00 62 74 70 5f 74 65 73 74 65                 ..btp_teste
--
> 2021/09/24 12:28:08.823947  length=12 from=46 to=57
 72 00 00 00 00 00 00 00 00 00 00 00              r...........
--
> 2021/09/24 12:28:08.824884  length=10 from=58 to=67
 00 00 00 00 00 00 00 00 00 00                    ..........
--
> 2021/09/24 12:28:08.824984  length=1 from=68 to=68
 00                                               .
--
> 2021/09/24 12:28:08.825877  length=11 from=69 to=79
 00 00 00 00 00 00 00 00 00 00 00                 ...........
--
> 2021/09/24 12:28:08.826116  length=1 from=80 to=80
 00                                               .
--
> 2021/09/24 12:28:08.826930  length=11 from=81 to=91
 00 00 00 00 00 00 00 00 00 00 00                 ...........
--
> 2021/09/24 12:28:08.827916  length=11 from=92 to=102
 00 00 00 00 00 00 00 00 00 00 00                 ...........
--
> 2021/09/24 12:28:08.828015  length=2 from=103 to=104
 00 00                                            ..
--
> 2021/09/24 12:28:08.828903  length=10 from=105 to=114
 00 00 00 00 00 00 00 00 00 00                    ..........
--
> 2021/09/24 12:28:08.829898  length=12 from=115 to=126
 00 00 00 00 00 00 00 00 00 00 00 00              ............
--
> 2021/09/24 12:28:08.830900  length=11 from=127 to=137
 00 00 00 00 00 00 00 00 00 00 00                 ...........
--
> 2021/09/24 12:28:08.831060  length=1 from=138 to=138
 00                                               .
--
> 2021/09/24 12:28:08.831969  length=11 from=139 to=149
 00 00 00 00 00 00 00 00 00 00 00                 ...........
--
> 2021/09/24 12:28:08.832915  length=11 from=150 to=160
 00 00 00 00 00 00 00 00 00 00 00                 ...........
--
> 2021/09/24 12:28:08.832960  length=1 from=161 to=161
 00                                               .
--
> 2021/09/24 12:28:08.833958  length=11 from=162 to=172
 00 00 00 00 00 00 00 00 00 00 00                 ...........
--
> 2021/09/24 12:28:08.834946  length=12 from=173 to=184
 00 00 00 00 00 00 00 00 00 00 00 00              ............
--
> 2021/09/24 12:28:08.835946  length=12 from=185 to=196
 00 00 00 00 00 00 00 00 00 00 00 00              ............
--
> 2021/09/24 12:28:08.836899  length=11 from=197 to=207
 00 00 00 00 00 00 00 00 00 00 00                 ...........
--
> 2021/09/24 12:28:08.837970  length=12 from=208 to=219
 00 00 00 00 00 00 00 00 00 00 00 00              ............
--
> 2021/09/24 12:28:08.838955  length=11 from=220 to=230
 00 00 00 00 00 00 00 00 00 00 00                 ...........
--
> 2021/09/24 12:28:08.840006  length=12 from=231 to=242
 00 00 00 00 00 00 00 00 00 00 00 00              ............
--
> 2021/09/24 12:28:08.840902  length=11 from=243 to=253
 00 00 00 00 00 00 00 00 00 00 00                 ...........
--
> 2021/09/24 12:28:08.841963  length=12 from=254 to=265
 00 00 00 00 00 00 00 00 00 00 00 00              ............
--
> 2021/09/24 12:28:08.843022  length=11 from=266 to=276
 00 00 00 00 00 00 00 00 00 00 00                 ...........
--
> 2021/09/24 12:28:08.843947  length=12 from=277 to=288
 00 00 00 00 00 00 00 00 00 00 00 00              ............
--
> 2021/09/24 12:28:08.844959  length=8 from=289 to=296
 00 00 00 00 00 00 00 00                          ........
--
< 2021/09/24 12:28:08.926498  length=12 from=17 to=28
 03 05 00 07 00 27 00 01 78 00 00 00              .....'..x...
--
> 2021/09/24 12:28:08.928917  length=5 from=297 to=301
 03 05 00 00 00                                   .....
--
< 2021/09/24 12:28:18.664101  length=13 from=29 to=41
 01 0e 00 08 00 00 35 1c f2 dc 1b 00 00           ......5......
--
> 2021/09/24 12:28:18.667176  length=5 from=302 to=306
 01 0e 00 00 00                                   .....
--
> 2021/09/24 12:28:19.133234  length=3 from=307 to=309
 01 82 00                                         ...
--
> 2021/09/24 12:28:19.134316  length=12 from=310 to=321
 0d 00 00 35 1c f2 dc 1b 00 28 00 00              ...5.....(..
--
> 2021/09/24 12:28:19.135232  length=3 from=322 to=324
 00 90 01                                         ...
--
> 2021/09/24 12:28:20.585194  length=8 from=325 to=332
 01 83 00 07 00 00 35 1c                          ......5.
--
> 2021/09/24 12:28:20.586240  length=4 from=333 to=336
 f2 dc 1b 00                                      ....
--
