Applying system reset.
Run.
< 2021/09/08 14:56:02.490579  length=5 from=0 to=4
 00 80 ff 00 00                                   .....
--
> 2021/09/08 14:56:02.771976  length=6 from=0 to=5
 00 03 ff 01 00 01                                ......
--
< 2021/09/08 14:56:02.787467  length=5 from=5 to=9
 00 03 ff 00 00                                   .....
--
> 2021/09/08 14:56:02.881130  length=6 from=6 to=11
 00 03 ff 01 00 04                                ......
--
< 2021/09/08 14:56:02.896703  length=5 from=10 to=14
 00 03 ff 00 00                                   .....
--
> 2021/09/08 14:56:03.021757  length=5 from=12 to=16
 01 03 00 00 00                                   .....
--
< 2021/09/08 14:56:03.053542  length=22 from=15 to=36
 01 03 00 15 01 ee d2 bf d1 0e f9 13 06 00 00 13  ................
 82 00 00 00 00 00                                ......
--
< 2021/09/08 14:56:03.055119  length=14 from=37 to=50
 62 74 70 5f 74 65 73 74 65 72 00 00 00 00        btp_tester....
--
< 2021/09/08 14:56:03.056335  length=15 from=51 to=65
 00 00 00 00 00 00 00 00 00 00 00 00 00 00 00     ...............
--
< 2021/09/08 14:56:03.057433  length=13 from=66 to=78
 00 00 00 00 00 00 00 00 00 00 00 00 00           .............
--
< 2021/09/08 14:56:03.058442  length=14 from=79 to=92
 00 00 00 00 00 00 00 00 00 00 00 00 00 00        ..............
--
< 2021/09/08 14:56:03.059653  length=13 from=93 to=105
 00 00 00 00 00 00 00 00 00 00 00 00 00           .............
--
< 2021/09/08 14:56:03.060844  length=13 from=106 to=118
 00 00 00 00 00 00 00 00 00 00 00 00 00           .............
--
< 2021/09/08 14:56:03.061877  length=14 from=119 to=132
 00 00 00 00 00 00 00 00 00 00 00 00 00 00        ..............
--
< 2021/09/08 14:56:03.084922  length=164 from=133 to=296
 00 00 00 00 00 00 00 00 00 00 00 00 00 00 00 00  ................
 00 00 00 00 00 00 00 00 00 00 00 00 00 00 00 00  ................
 00 00 00 00 00 00 00 00 00 00 00 00 00 00 00 00  ................
 00 00 00 00 00 00 00 00 00 00 00 00 00 00 00 00  ................
 00 00 00 00 00 00 00 00 00 00 00 00 00 00 00 00  ................
 00 00 00 00 00 00 00 00 00 00 00 00 00 00 00 00  ................
 00 00 00 00 00 00 00 00 00 00 00 00 00 00 00 00  ................
 00 00 00 00 00 00 00 00 00 00 00 00 00 00 00 00  ................
 00 00 00 00 00 00 00 00 00 00 00 00 00 00 00 00  ................
 00 00 00 00 00 00 00 00 00 00 00 00 00 00 00 00  ................
 00 00 00 00                                      ....
--
> 2021/09/08 14:56:13.196841  length=43 from=17 to=59
 04 02 00 26 00 d5 80 2b c9 7f c0 42 e5 9e 72 bc  ...&...+...B..r.
 d1 53 08 8b cf 00 00 00 00 00 00 00 00 00 00 00  .S..............
 00 00 00 00 00 00 00 00 00 00 00                 ...........
--
< 2021/09/08 14:56:13.212394  length=5 from=297 to=301
 04 02 00 00 00                                   .....
--
> 2021/09/08 14:56:13.303964  length=5 from=60 to=64
 04 04 00 00 00                                   .....
--
< 2021/09/08 14:56:13.318571  length=5 from=302 to=306
 04 04 00 00 00                                   .....
--
< 2021/09/08 14:56:13.349941  length=6 from=307 to=312
 04 84 00 01 00 00                                ......
--
< 2021/09/08 14:56:16.115507  length=3 from=313 to=315
 04 83 00                                         ...
--
< 2021/09/08 14:56:16.115808  length=2 from=316 to=317
 00 00                                            ..
--
< 2021/09/08 14:56:17.709945  length=6 from=318 to=323
 04 85 00 01 00 00                                ......
--
< 2021/09/08 14:56:18.881687  length=27 from=324 to=350
 04 86 00 16 00 03 00 01 00 02 00 0f 80 80 00 00  ................
 a3 6e bf 9d 84 b8 be c8 07 54 77                 .n.......Tw
--
< 2021/09/08 14:56:19.256900  length=19 from=351 to=369
 04 86 00 0e 00 07 01 01 00 02 00 07 00 00 04 00  ................
 00 00 07                                         ...
--
< 2021/09/08 14:56:20.475324  length=27 from=370 to=396
 04 86 00 16 00 03 00 01 00 02 00 0f 80 80 08 00  ................
 85 6f c0 24 aa a8 84 7a d8 b9 2d                 .o.$...z..-
--
