Applying system reset.
Run.
< 2021/09/03 18:37:52.341852  length=5 from=0 to=4
 00 80 ff 00 00                                   .....
--
> 2021/09/03 18:37:52.637156  length=6 from=0 to=5
 00 03 ff 01 00 01                                ......
--
< 2021/09/03 18:37:52.668231  length=5 from=5 to=9
 00 03 ff 00 00                                   .....
--
> 2021/09/03 18:37:52.778117  length=5 from=6 to=10
 01 03 00 00 00                                   .....
--
< 2021/09/03 18:37:52.918079  length=113 from=10 to=122
 01 03 00 15 01 ee d2 bf d1 0e f9 13 06 00 00 13  ................
 82 00 00 00 00 00 62 74 70 5f 74 65 73 74 65 72  ......btp_tester
 00 00 00 00 00 00 00 00 00 00 00 00 00 00 00 00  ................
 00 00 00 00 00 00 00 00 00 00 00 00 00 00 00 00  ................
 00 00 00 00 00 00 00 00 00 00 00 00 00 00 00 00  ................
 00 00 00 00 00 00 00 00 00 00 00 00 00 00 00 00  ................
 00 00 00 00 00 00 00 00 00 00 00 00 00 00 00 00  ................
 00                                               .
--
< 2021/09/03 18:37:52.924589  length=83 from=123 to=205
 00 00 00 00 00 00 00 00 00 00 00 00 00 00 00 00  ................
 00 00 00 00 00 00 00 00 00 00 00 00 00 00 00 00  ................
 00 00 00 00 00 00 00 00 00 00 00 00 00 00 00 00  ................
 00 00 00 00 00 00 00 00 00 00 00 00 00 00 00 00  ................
 00 00 00 00 00 00 00 00 00 00 00 00 00 00 00 00  ................
 00 00 00                                         ...
--
< 2021/09/03 18:37:52.928440  length=39 from=206 to=244
 00 00 00 00 00 00 00 00 00 00 00 00 00 00 00 00  ................
 00 00 00 00 00 00 00 00 00 00 00 00 00 00 00 00  ................
 00 00 00 00 00 00 00                             .......
--
< 2021/09/03 18:37:52.929484  length=12 from=245 to=256
 00 00 00 00 00 00 00 00 00 00 00 00              ............
--
< 2021/09/03 18:37:52.930492  length=16 from=257 to=272
 00 00 00 00 00 00 00 00 00 00 00 00 00 00 00 00  ................
--
< 2021/09/03 18:37:52.949696  length=19 from=273 to=291
 00 00 00 00 00 00 00 00 00 00 00 00 00 00 00 00  ................
 00 00 00                                         ...
--
> 2021/09/03 18:37:53.105496  length=6 from=11 to=16
 00 03 ff 01 00 02                                ......
--
< 2021/09/03 18:37:53.121501  length=5 from=292 to=296
 00 03 ff 00 00                                   .....
--
> 2021/09/03 18:37:53.183717  length=9 from=17 to=25
 02 02 00 04 00 00 02 0a                          ........
 18                                               .
--
< 2021/09/03 18:37:53.199451  length=7 from=297 to=303
 02 02 00 02 00 00 00                             .......
--
> 2021/09/03 18:37:53.339902  length=12 from=26 to=37
 02 03 00 07 00 00 00 02 01 02 29 2a              ..........)*
--
< 2021/09/03 18:37:53.355597  length=7 from=304 to=310
 02 03 00 02 00 00 00                             .......
--
> 2021/09/03 18:37:53.418027  length=12 from=38 to=49
 02 03 00 07 00 00 00 02 01 02 24 2a              ..........$*
--
< 2021/09/03 18:37:53.433848  length=7 from=311 to=317
 02 03 00 02 00 00 00                             .......
--
> 2021/09/03 18:37:53.511657  length=12 from=50 to=61
 02 03 00 07 00 00 00 02 01 02 25 2a              ..........%*
--
< 2021/09/03 18:37:53.527887  length=7 from=318 to=324
 02 03 00 02 00 00 00                             .......
--
> 2021/09/03 18:37:53.622063  length=12 from=62 to=73
 02 03 00 07 00 00 00 02 01 02 27 2a              ..........'*
--
< 2021/09/03 18:37:53.652845  length=7 from=325 to=331
 02 03 00 02 00 00 00                             .......
--
> 2021/09/03 18:37:53.824220  length=12 from=74 to=85
 02 03 00 07 00 00 00 02 01 02 26 2a              ..........&*
--
< 2021/09/03 18:37:53.840144  length=7 from=332 to=338
 02 03 00 02 00 00 00                             .......
--
> 2021/09/03 18:37:53.949461  length=12 from=86 to=97
 02 03 00 07 00 00 00 02 01 02 28 2a              ..........(*
--
< 2021/09/03 18:37:53.965079  length=7 from=339 to=345
 02 03 00 02 00 00 00                             .......
--
> 2021/09/03 18:37:54.074483  length=12 from=98 to=109
 02 03 00 07 00 00 00 02 01 02 50 2a              ..........P*
--
< 2021/09/03 18:37:54.090032  length=7 from=346 to=352
 02 03 00 02 00 00 00                             .......
--
> 2021/09/03 18:37:54.277223  length=16 from=110 to=125
 02 06 00 0b 00 00 00 07 00 01 00 e5 fe 11 00 11  ................
--
< 2021/09/03 18:37:54.293151  length=5 from=353 to=357
 02 06 00 00 00                                   .....
--
> 2021/09/03 18:37:54.370878  length=5 from=126 to=130
 02 07 00 00 00                                   .....
--
< 2021/09/03 18:37:54.387015  length=8 from=358 to=365
 02 07 00 03 00 00 00 00                          ........
--
> 2021/09/03 18:38:03.136675  length=27 from=131 to=157
 01 0a                                            ..
 00 16 00 0f 00 08 0d 54 65 73 74 65 72 5f 46 32  .......Tester_F2
 31 43 33 35 ff ff ff ff 00                       1C35.....
--
< 2021/09/03 18:38:03.152574  length=9 from=366 to=374
 01 0a                                            ..
 00 04 00 13 86 00 00                             .......
--
< 2021/09/03 18:38:03.371120  length=18 from=375 to=392
 01 82 00 0d 00 00 35 1c f2 dc 1b 00 3c 00 00 00  ......5.....<...
 d0 07                                            ..
--
< 2021/09/03 18:38:08.510570  length=12 from=393 to=404
 01 83 00 07 00 00 35 1c f2 dc 1b 00              ......5.....
--
