Applying system reset.
Run.
< 2021/09/03 18:58:32.252719  length=5 from=0 to=4
 00 80 ff 00 00                                   .....
--
> 2021/09/03 18:58:32.610075  length=6 from=0 to=5
 00 03 ff 01 00 01                                ......
--
< 2021/09/03 18:58:32.625964  length=5 from=5 to=9
 00 03 ff 00 00                                   .....
--
> 2021/09/03 18:58:32.688560  length=5 from=6 to=10
 01 03 00 00 00                                   .....
--
< 2021/09/03 18:58:32.891350  length=135 from=10 to=144
 01 03 00 15 01 ee d2 bf d1 0e f9 13 06 00 00 13  ................
 82 00 00 00 00 00 62 74 70 5f 74 65 73 74 65 72  ......btp_tester
 00 00 00 00 00 00 00 00 00 00 00 00 00 00 00 00  ................
 00 00 00 00 00 00 00 00 00 00 00 00 00 00 00 00  ................
 00 00 00 00 00 00 00 00 00 00 00 00 00 00 00 00  ................
 00 00 00 00 00 00 00 00 00 00 00 00 00 00 00 00  ................
 00 00 00 00 00 00 00 00 00 00 00 00 00 00 00 00  ................
 00 00 00 00 00 00 00 00 00 00 00 00 00 00 00 00  ................
 00 00 00 00 00 00 00                             .......
--
< 2021/09/03 18:58:32.895949  length=55 from=145 to=199
 00 00 00 00 00 00 00 00 00 00 00 00 00 00 00 00  ................
 00 00 00 00 00 00 00 00 00 00 00 00 00 00 00 00  ................
 00 00 00 00 00 00 00 00 00 00 00 00 00 00 00 00  ................
 00 00 00 00 00 00 00                             .......
--
< 2021/09/03 18:58:32.897974  length=26 from=200 to=225
 00 00 00 00 00 00 00 00 00 00 00 00 00 00 00 00  ................
 00 00 00 00 00 00 00 00 00 00                    ..........
--
< 2021/09/03 18:58:32.898834  length=14 from=226 to=239
 00 00 00 00 00 00 00 00 00 00 00 00 00 00        ..............
--
< 2021/09/03 18:58:32.923952  length=52 from=240 to=291
 00 00 00 00 00 00 00 00 00 00 00 00 00 00 00 00  ................
 00 00 00 00 00 00 00 00 00 00 00 00 00 00 00 00  ................
 00 00 00 00 00 00 00 00 00 00 00 00 00 00 00 00  ................
 00 00 00 00                                      ....
--
> 2021/09/03 18:58:33.063799  length=6 from=11 to=16
 00 03 ff 01 00 02                                ......
--
< 2021/09/03 18:58:33.094839  length=5 from=292 to=296
 00 03 ff 00 00                                   .....
--
> 2021/09/03 18:58:33.188114  length=9 from=17 to=25
 02 02 00 04 00 00 02 0a                          ........
 18                                               .
--
< 2021/09/03 18:58:33.204194  length=7 from=297 to=303
 02 02 00 02 00 00 00                             .......
--
> 2021/09/03 18:58:33.297540  length=12 from=26 to=37
 02 03 00 07 00 00 00 02 01 02 29 2a              ..........)*
--
< 2021/09/03 18:58:33.313623  length=7 from=304 to=310
 02 03 00 02 00 00 00                             .......
--
> 2021/09/03 18:58:33.376839  length=12 from=38 to=49
 02 03 00 07 00 00 00 02 01 02 24 2a              ..........$*
--
< 2021/09/03 18:58:33.407590  length=7 from=311 to=317
 02 03 00 02 00 00 00                             .......
--
> 2021/09/03 18:58:33.500699  length=12 from=50 to=61
 02 03 00 07 00 00 00 02 01 02 25 2a              ..........%*
--
< 2021/09/03 18:58:33.516696  length=7 from=318 to=324
 02 03 00 02 00 00 00                             .......
--
> 2021/09/03 18:58:33.594440  length=12 from=62 to=73
 02 03 00 07 00 00 00 02 01 02 27 2a              ..........'*
--
< 2021/09/03 18:58:33.610299  length=7 from=325 to=331
 02 03 00 02 00 00 00                             .......
--
> 2021/09/03 18:58:33.783043  length=12 from=74 to=85
 02 03 00 07 00 00 00 02 01 02 26 2a              ..........&*
--
< 2021/09/03 18:58:33.813879  length=7 from=332 to=338
 02 03 00 02 00 00 00                             .......
--
> 2021/09/03 18:58:33.891259  length=12 from=86 to=97
 02 03 00 07 00 00 00 02 01 02 28 2a              ..........(*
--
< 2021/09/03 18:58:33.907118  length=7 from=339 to=345
 02 03 00 02 00 00 00                             .......
--
> 2021/09/03 18:58:34.063659  length=12 from=98 to=109
 02 03 00 07 00 00 00 02 01 02 50 2a              ..........P*
--
< 2021/09/03 18:58:34.078932  length=7 from=346 to=352
 02 03 00 02 00 00 00                             .......
--
> 2021/09/03 18:58:34.172888  length=16 from=110 to=125
 02 06 00 0b 00 00 00 07 00 01 00 e5 fe 11 00 11  ................
--
< 2021/09/03 18:58:34.188779  length=5 from=353 to=357
 02 06 00 00 00                                   .....
--
> 2021/09/03 18:58:34.313196  length=5 from=126 to=130
 02 07 00 00 00                                   .....
--
< 2021/09/03 18:58:34.329175  length=8 from=358 to=365
 02 07 00 03 00 00 00 00                          ........
--
> 2021/09/03 18:58:43.110161  length=27 from=131 to=157
 01 0a                                            ..
 00 16 00 0f 00 08 0d 54 65 73 74 65 72 5f 46 32  .......Tester_F2
 31 43 33 35 ff ff ff ff 00                       1C35.....
--
< 2021/09/03 18:58:43.127483  length=9 from=366 to=374
 01 0a                                            ..
 00 04 00 13 86 00 00                             .......
--
< 2021/09/03 18:58:43.235493  length=18 from=375 to=392
 01 82 00 0d 00 00 35 1c f2 dc 1b 00 3c 00 00 00  ......5.....<...
 d0 07                                            ..
--
< 2021/09/03 18:58:48.270103  length=12 from=393 to=404
 01 83 00 07 00 00 35 1c f2 dc 1b 00              ......5.....
--
