Applying system reset.
Run.
> 2021/09/24 11:17:08.815126  length=2 from=0 to=1
 00 80                                            ..
--
> 2021/09/24 11:17:08.816098  length=3 from=2 to=4
 ff 00 00                                         ...
--
< 2021/09/24 11:17:08.871437  length=6 from=0 to=5
 00 03 ff 01 00 01                                ......
--
> 2021/09/24 11:17:08.876263  length=3 from=5 to=7
 00 03 ff                                         ...
--
> 2021/09/24 11:17:08.876957  length=2 from=8 to=9
 00 00                                            ..
--
< 2021/09/24 11:17:08.910195  length=6 from=6 to=11
 00 03 ff 01 00 03                                ......
--
> 2021/09/24 11:17:08.912012  length=5 from=10 to=14
 00 03 ff 00 00                                   .....
--
< 2021/09/24 11:17:08.945498  length=5 from=12 to=16
 01 03 00 00 00                                   .....
--
> 2021/09/24 11:17:09.140057  length=9 from=15 to=23
 01 03 00 15 01 ee d2 bf d1                       .........
--
> 2021/09/24 11:17:09.141010  length=12 from=24 to=35
 0e f9 13 06 00 00 13 82 00 00 00 00              ............
--
> 2021/09/24 11:17:09.142043  length=11 from=36 to=46
 00 62 74 70 5f 74 65 73 74 65 72                 .btp_tester
--
> 2021/09/24 11:17:09.143043  length=12 from=47 to=58
 00 00 00 00 00 00 00 00 00 00 00 00              ............
--
> 2021/09/24 11:17:09.144049  length=12 from=59 to=70
 00 00 00 00 00 00 00 00 00 00 00 00              ............
--
> 2021/09/24 11:17:09.145017  length=11 from=71 to=81
 00 00 00 00 00 00 00 00 00 00 00                 ...........
--
> 2021/09/24 11:17:09.146084  length=12 from=82 to=93
 00 00 00 00 00 00 00 00 00 00 00 00              ............
--
> 2021/09/24 11:17:09.147040  length=11 from=94 to=104
 00 00 00 00 00 00 00 00 00 00 00                 ...........
--
> 2021/09/24 11:17:09.148035  length=12 from=105 to=116
 00 00 00 00 00 00 00 00 00 00 00 00              ............
--
> 2021/09/24 11:17:09.149000  length=12 from=117 to=128
 00 00 00 00 00 00 00 00 00 00 00 00              ............
--
> 2021/09/24 11:17:09.150019  length=11 from=129 to=139
 00 00 00 00 00 00 00 00 00 00 00                 ...........
--
> 2021/09/24 11:17:09.151047  length=12 from=140 to=151
 00 00 00 00 00 00 00 00 00 00 00 00              ............
--
> 2021/09/24 11:17:09.151981  length=11 from=152 to=162
 00 00 00 00 00 00 00 00 00 00 00                 ...........
--
> 2021/09/24 11:17:09.152977  length=11 from=163 to=173
 00 00 00 00 00 00 00 00 00 00 00                 ...........
--
> 2021/09/24 11:17:09.153099  length=1 from=174 to=174
 00                                               .
--
> 2021/09/24 11:17:09.153982  length=11 from=175 to=185
 00 00 00 00 00 00 00 00 00 00 00                 ...........
--
> 2021/09/24 11:17:09.154086  length=1 from=186 to=186
 00                                               .
--
> 2021/09/24 11:17:09.154981  length=11 from=187 to=197
 00 00 00 00 00 00 00 00 00 00 00                 ...........
--
> 2021/09/24 11:17:09.155951  length=11 from=198 to=208
 00 00 00 00 00 00 00 00 00 00 00                 ...........
--
> 2021/09/24 11:17:09.156036  length=1 from=209 to=209
 00                                               .
--
> 2021/09/24 11:17:09.156948  length=11 from=210 to=220
 00 00 00 00 00 00 00 00 00 00 00                 ...........
--
> 2021/09/24 11:17:09.157980  length=11 from=221 to=231
 00 00 00 00 00 00 00 00 00 00 00                 ...........
--
> 2021/09/24 11:17:09.158076  length=1 from=232 to=232
 00                                               .
--
> 2021/09/24 11:17:09.158975  length=11 from=233 to=243
 00 00 00 00 00 00 00 00 00 00 00                 ...........
--
> 2021/09/24 11:17:09.159951  length=11 from=244 to=254
 00 00 00 00 00 00 00 00 00 00 00                 ...........
--
> 2021/09/24 11:17:09.160037  length=1 from=255 to=255
 00                                               .
--
> 2021/09/24 11:17:09.160945  length=11 from=256 to=266
 00 00 00 00 00 00 00 00 00 00 00                 ...........
--
> 2021/09/24 11:17:09.161048  length=1 from=267 to=267
 00                                               .
--
> 2021/09/24 11:17:09.162024  length=11 from=268 to=278
 00 00 00 00 00 00 00 00 00 00 00                 ...........
--
> 2021/09/24 11:17:09.163023  length=12 from=279 to=290
 00 00 00 00 00 00 00 00 00 00 00 00              ............
--
> 2021/09/24 11:17:09.163951  length=6 from=291 to=296
 00 00 00 00 00 00                                ......
--
< 2021/09/24 11:17:09.229389  length=12 from=17 to=28
 03 05 00 07 00 27 00 01 78 00 00 00              .....'..x...
--
> 2021/09/24 11:17:09.231024  length=2 from=297 to=298
 03 00                                            ..
--
> 2021/09/24 11:17:09.232019  length=4 from=299 to=302
 00 01 00 01                                      ....
--
