2021-09-24 11:17:03,481 root DEBUG autoptsclient_common.py   792   run_test_case_thread_entry : Starting TestCase wrapper L2CAP L2CAP/ECFC/BV-26-C
2021-09-24 11:17:03,481 root DEBUG testcase.py               718   pre_run                   : pre_run L2CAP L2CAP/ECFC/BV-26-C
2021-09-24 11:17:03,481 root DEBUG testcase.py               720   pre_run                   : About to run test case L2CAP L2CAP/ECFC/BV-26-C with commands:
2021-09-24 11:17:03,481 root DEBUG testcase.py               723   pre_run                   : 0) class=<class 'ptsprojects.testcase.TestFunc'>, func=<bound method ZephyrCtl.start of <ptsprojects.zephyr.iutctl.ZephyrCtl object at 0x7f751d9f5130>> start_wid=None stop_wid=None post_wid=None skip_call=None call_count=0 args=(<ptsprojects.zephyr.ztestcase.ZTestCase object at 0x7f751c7cef40>,) kwds={}
2021-09-24 11:17:03,481 root DEBUG testcase.py               723   pre_run                   : 1) class=<class 'ptsprojects.testcase.TestFunc'>, func=<bound method ZephyrCtl.wait_iut_ready_event of <ptsprojects.zephyr.iutctl.ZephyrCtl object at 0x7f751d9f5130>> start_wid=None stop_wid=None post_wid=None skip_call=None call_count=0 args=() kwds={}
2021-09-24 11:17:03,481 root DEBUG testcase.py               723   pre_run                   : 2) class=<class 'ptsprojects.testcase.TestFunc'>, func=<function core_reg_svc_gap at 0x7f751f11b280> start_wid=None stop_wid=None post_wid=None skip_call=None call_count=0 args=() kwds={}
2021-09-24 11:17:03,481 root DEBUG testcase.py               723   pre_run                   : 3) class=<class 'ptsprojects.testcase.TestFunc'>, func=<function core_reg_svc_l2cap at 0x7f751f11b4c0> start_wid=None stop_wid=None post_wid=None skip_call=None call_count=0 args=() kwds={}
2021-09-24 11:17:03,482 root DEBUG testcase.py               723   pre_run                   : 4) class=<class 'ptsprojects.testcase.TestFunc'>, func=<function gap_read_ctrl_info at 0x7f751f126700> start_wid=None stop_wid=None post_wid=None skip_call=None call_count=0 args=() kwds={}
2021-09-24 11:17:03,482 root DEBUG testcase.py               723   pre_run                   : 5) class=<class 'ptsprojects.testcase.TestFunc'>, func=<function test_cases.<locals>.<lambda> at 0x7f751d9f9c10> start_wid=None stop_wid=None post_wid=None skip_call=None call_count=0 args=() kwds={}
2021-09-24 11:17:03,482 root DEBUG testcase.py               723   pre_run                   : 6) class=<class 'ptsprojects.testcase.TestFunc'>, func=<function test_cases.<locals>.<lambda> at 0x7f751d9f9ca0> start_wid=None stop_wid=None post_wid=None skip_call=None call_count=0 args=() kwds={}
2021-09-24 11:17:03,482 root DEBUG testcase.py               723   pre_run                   : 7) class=<class 'ptsprojects.testcase.TestFunc'>, func=<function test_cases.<locals>.<lambda> at 0x7f751d9f9d30> start_wid=None stop_wid=None post_wid=None skip_call=None call_count=0 args=() kwds={}
2021-09-24 11:17:03,482 root DEBUG testcase.py               723   pre_run                   : 8) class=<class 'ptsprojects.testcase.TestFunc'>, func=<function test_cases.<locals>.<lambda> at 0x7f751d9f9dc0> start_wid=None stop_wid=None post_wid=None skip_call=None call_count=0 args=() kwds={}
2021-09-24 11:17:03,482 root DEBUG testcase.py               723   pre_run                   : 9) class=<class 'ptsprojects.testcase.TestFunc'>, func=<function test_cases.<locals>.<lambda> at 0x7f751d9f9e50> start_wid=None stop_wid=None post_wid=None skip_call=None call_count=0 args=() kwds={}
2021-09-24 11:17:03,482 root DEBUG testcase.py               723   pre_run                   : 10) class=<class 'ptsprojects.testcase.TestFunc'>, func=<function test_cases.<locals>.<lambda> at 0x7f751d9f9ee0> start_wid=None stop_wid=None post_wid=None skip_call=None call_count=0 args=() kwds={}
2021-09-24 11:17:03,482 root DEBUG testcase.py               723   pre_run                   : 11) class=<class 'ptsprojects.testcase.TestFunc'>, func=<function test_cases.<locals>.<lambda> at 0x7f751d9f9f70> start_wid=None stop_wid=None post_wid=None skip_call=None call_count=0 args=() kwds={}
2021-09-24 11:17:03,482 root DEBUG testcase.py               723   pre_run                   : 12) class=<class 'ptsprojects.testcase.TestFunc'>, func=<function test_cases.<locals>.<lambda> at 0x7f751c811040> start_wid=None stop_wid=None post_wid=None skip_call=None call_count=0 args=() kwds={}
2021-09-24 11:17:03,482 root DEBUG testcase.py               723   pre_run                   : 13) class=<class 'ptsprojects.testcase.TestFunc'>, func=<function test_cases.<locals>.<lambda> at 0x7f751c8110d0> start_wid=None stop_wid=None post_wid=None skip_call=None call_count=0 args=() kwds={}
2021-09-24 11:17:03,482 root DEBUG testcase.py               723   pre_run                   : 14) class=<class 'ptsprojects.testcase.TestFunc'>, func=<function set_pts_addr at 0x7f751f11b1f0> start_wid=None stop_wid=None post_wid=None skip_call=None call_count=0 args=('00:1B:DC:F2:1C:35', 0) kwds={}
2021-09-24 11:17:03,482 root DEBUG testcase.py               723   pre_run                   : 15) class=<class 'ptsprojects.testcase.TestFunc'>, func=<bound method Stack.l2cap_init of <ptsprojects.stack.Stack object at 0x7f751d9f5160>> start_wid=None stop_wid=None post_wid=None skip_call=None call_count=0 args=(39, 120) kwds={}
2021-09-24 11:17:03,482 root DEBUG testcase.py               723   pre_run                   : 16) class=<class 'ptsprojects.testcase.TestFunc'>, func=<function l2cap_le_listen at 0x7f751f13bf70> start_wid=None stop_wid=None post_wid=None skip_call=None call_count=0 args=(39, 120, 0) kwds={}
2021-09-24 11:17:03,482 root DEBUG testcase.py               723   pre_run                   : 17) class=<class 'ptsprojects.testcase.TestFuncCleanUp'>, func=<bound method Stack.cleanup of <ptsprojects.stack.Stack object at 0x7f751d9f5160>> start_wid=None stop_wid=None post_wid=None skip_call=None call_count=0 args=() kwds={}
2021-09-24 11:17:03,482 root DEBUG testcase.py               723   pre_run                   : 18) class=<class 'ptsprojects.testcase.TestFuncCleanUp'>, func=<bound method ZephyrCtl.stop of <ptsprojects.zephyr.iutctl.ZephyrCtl object at 0x7f751d9f5130>> start_wid=None stop_wid=None post_wid=None skip_call=None call_count=0 args=() kwds={}
2021-09-24 11:17:03,483 root DEBUG testcase.py               730   pre_run                   : post_run, run pre test case script
2021-09-24 11:17:03,486 root DEBUG testcase.py               246   start                     : Starting test function: class=<class 'ptsprojects.testcase.TestFunc'>, func=<bound method ZephyrCtl.start of <ptsprojects.zephyr.iutctl.ZephyrCtl object at 0x7f751d9f5130>> start_wid=None stop_wid=None post_wid=None skip_call=None call_count=1 args=(<ptsprojects.zephyr.ztestcase.ZTestCase object at 0x7f751c7cef40>,) kwds={}
2021-09-24 11:17:03,487 root DEBUG testcase.py               258   start                     : Test function parameters: args=(<ptsprojects.zephyr.ztestcase.ZTestCase object at 0x7f751c7cef40>,), kwds={}
2021-09-24 11:17:03,487 root DEBUG iutctl.py                 92    start                     : <class 'ptsprojects.zephyr.iutctl.ZephyrCtl'>.start
2021-09-24 11:17:03,487 root DEBUG iutctl.py                 152   flush_serial              : <class 'ptsprojects.zephyr.iutctl.ZephyrCtl'>.flush_serial
2021-09-24 11:17:04,629 root DEBUG iutctl.py                 117   start                     : Starting socat process: socat -x -v /dev/ttyACM0,rawer,b115200 UNIX-CONNECT:/tmp/bt-stack-tester683060861
2021-09-24 11:17:04,643 root DEBUG iutctl_common.py          231   accept                    : accept
2021-09-24 11:17:04,646 root DEBUG testcase.py               246   start                     : Starting test function: class=<class 'ptsprojects.testcase.TestFunc'>, func=<bound method ZephyrCtl.wait_iut_ready_event of <ptsprojects.zephyr.iutctl.ZephyrCtl object at 0x7f751d9f5130>> start_wid=None stop_wid=None post_wid=None skip_call=None call_count=1 args=() kwds={}
2021-09-24 11:17:04,646 root DEBUG testcase.py               258   start                     : Test function parameters: args=(), kwds={}
2021-09-24 11:17:04,646 root DEBUG iutctl.py                 186   reset                     : <class 'ptsprojects.zephyr.iutctl.ZephyrCtl'>.reset
2021-09-24 11:17:04,646 root DEBUG iutctl.py                 221   stop                      : <class 'ptsprojects.zephyr.iutctl.ZephyrCtl'>.stop
2021-09-24 11:17:05,647 root DEBUG iutctl.py                 92    start                     : <class 'ptsprojects.zephyr.iutctl.ZephyrCtl'>.start
2021-09-24 11:17:05,648 root DEBUG iutctl.py                 152   flush_serial              : <class 'ptsprojects.zephyr.iutctl.ZephyrCtl'>.flush_serial
2021-09-24 11:17:06,651 root DEBUG iutctl.py                 117   start                     : Starting socat process: socat -x -v /dev/ttyACM0,rawer,b115200 UNIX-CONNECT:/tmp/bt-stack-tester683060861
2021-09-24 11:17:06,654 root DEBUG iutctl_common.py          231   accept                    : accept
2021-09-24 11:17:06,656 root DEBUG iutctl.py                 152   flush_serial              : <class 'ptsprojects.zephyr.iutctl.ZephyrCtl'>.flush_serial
2021-09-24 11:17:07,657 root DEBUG iutctl.py                 295   reset                     : About to reset DUT: 'nrfjprog -f nrf52 -r -s 683060861'
2021-09-24 11:17:08,451 root DEBUG iutctl_common.py          174   read                      : read
2021-09-24 11:17:08,821 root DEBUG iutctl_common.py          98    read                      : Received: hdr: Header(svc_id=0, op=128, ctrl_index=255, data_len=0) bytearray(b'\x00\x80\xff\x00\x00')
2021-09-24 11:17:08,837 root DEBUG iutctl_common.py          111   read                      : Received data: "('',)", bytearray(b'')
2021-09-24 11:17:08,848 root DEBUG btp.py                    423   event_handler             : event_handler Header(svc_id=0, op=128, ctrl_index=255, data_len=0) (b'',)
2021-09-24 11:17:08,859 root ERROR btp.py                    455   event_handler             : Unhandled event! svc_id 0 op 128
2021-09-24 11:17:08,870 root DEBUG iutctl.py                 214   wait_iut_ready_event      : IUT ready event received OK
2021-09-24 11:17:08,870 root DEBUG testcase.py               246   start                     : Starting test function: class=<class 'ptsprojects.testcase.TestFunc'>, func=<function core_reg_svc_gap at 0x7f751f11b280> start_wid=None stop_wid=None post_wid=None skip_call=None call_count=1 args=() kwds={}
2021-09-24 11:17:08,870 root DEBUG testcase.py               258   start                     : Test function parameters: args=(), kwds={}
2021-09-24 11:17:08,871 root DEBUG btp.py                    258   core_reg_svc_gap          : core_reg_svc_gap
2021-09-24 11:17:08,871 root DEBUG iutctl_common.py          117   send                      : send, 0 3 255 '1'
2021-09-24 11:17:08,871 root DEBUG iutctl_common.py          120   send                      : btpclient command: send 0 3 255 '1'
2021-09-24 11:17:08,871 root DEBUG iutctl_common.py          125   send                      : sending frame b'\x00\x03\xff\x01\x00\x01'
2021-09-24 11:17:08,871 root DEBUG btp.py                    340   core_reg_svc_rsp_succ     : core_reg_svc_rsp_succ
2021-09-24 11:17:08,871 root DEBUG iutctl_common.py          174   read                      : read
2021-09-24 11:17:08,887 root DEBUG iutctl_common.py          98    read                      : Received: hdr: Header(svc_id=0, op=3, ctrl_index=255, data_len=0) bytearray(b'\x00\x03\xff\x00\x00')
2021-09-24 11:17:08,898 root DEBUG iutctl_common.py          111   read                      : Received data: "('',)", bytearray(b'')
2021-09-24 11:17:08,909 root DEBUG btp.py                    351   core_reg_svc_rsp_succ     : received Header(svc_id=0, op=3, ctrl_index=255, data_len=0) (b'',)
2021-09-24 11:17:08,909 root DEBUG btp.py                    352   core_reg_svc_rsp_succ     : expected ((0, 3, 255, 0), (b'',))
2021-09-24 11:17:08,909 root DEBUG btp.py                    357   core_reg_svc_rsp_succ     : response is valid
2021-09-24 11:17:08,909 root DEBUG testcase.py               246   start                     : Starting test function: class=<class 'ptsprojects.testcase.TestFunc'>, func=<function core_reg_svc_l2cap at 0x7f751f11b4c0> start_wid=None stop_wid=None post_wid=None skip_call=None call_count=1 args=() kwds={}
2021-09-24 11:17:08,909 root DEBUG testcase.py               258   start                     : Test function parameters: args=(), kwds={}
2021-09-24 11:17:08,909 root DEBUG btp.py                    292   core_reg_svc_l2cap        : core_reg_svc_l2cap
2021-09-24 11:17:08,909 root DEBUG iutctl_common.py          117   send                      : send, 0 3 255 '3'
2021-09-24 11:17:08,910 root DEBUG iutctl_common.py          120   send                      : btpclient command: send 0 3 255 '3'
2021-09-24 11:17:08,910 root DEBUG iutctl_common.py          125   send                      : sending frame b'\x00\x03\xff\x01\x00\x03'
2021-09-24 11:17:08,910 root DEBUG btp.py                    340   core_reg_svc_rsp_succ     : core_reg_svc_rsp_succ
2021-09-24 11:17:08,910 root DEBUG iutctl_common.py          174   read                      : read
2021-09-24 11:17:08,922 root DEBUG iutctl_common.py          98    read                      : Received: hdr: Header(svc_id=0, op=3, ctrl_index=255, data_len=0) bytearray(b'\x00\x03\xff\x00\x00')
2021-09-24 11:17:08,933 root DEBUG iutctl_common.py          111   read                      : Received data: "('',)", bytearray(b'')
2021-09-24 11:17:08,944 root DEBUG btp.py                    351   core_reg_svc_rsp_succ     : received Header(svc_id=0, op=3, ctrl_index=255, data_len=0) (b'',)
2021-09-24 11:17:08,944 root DEBUG btp.py                    352   core_reg_svc_rsp_succ     : expected ((0, 3, 255, 0), (b'',))
2021-09-24 11:17:08,944 root DEBUG btp.py                    357   core_reg_svc_rsp_succ     : response is valid
2021-09-24 11:17:08,945 root DEBUG testcase.py               246   start                     : Starting test function: class=<class 'ptsprojects.testcase.TestFunc'>, func=<function gap_read_ctrl_info at 0x7f751f126700> start_wid=None stop_wid=None post_wid=None skip_call=None call_count=1 args=() kwds={}
2021-09-24 11:17:08,945 root DEBUG testcase.py               258   start                     : Test function parameters: args=(), kwds={}
2021-09-24 11:17:08,945 root DEBUG gap.py                    736   gap_read_ctrl_info        : gap_read_ctrl_info
2021-09-24 11:17:08,945 root DEBUG iutctl_common.py          117   send                      : send, 1 3 0 ''
2021-09-24 11:17:08,945 root DEBUG iutctl_common.py          120   send                      : btpclient command: send 1 3 0 ''
2021-09-24 11:17:08,945 root DEBUG iutctl_common.py          125   send                      : sending frame b'\x01\x03\x00\x00\x00'
2021-09-24 11:17:08,945 root DEBUG iutctl_common.py          174   read                      : read
2021-09-24 11:17:09,150 root DEBUG iutctl_common.py          98    read                      : Received: hdr: Header(svc_id=1, op=3, ctrl_index=0, data_len=277) bytearray(b'\x01\x03\x00\x15\x01')
2021-09-24 11:17:09,171 root DEBUG iutctl_common.py          111   read                      : Received data: "('îÒ¿Ñ\x0eù\x13\x06\x00\x00\x13\x82\x00\x00\x00\x00\x00btp_tester\x00\x00\x00\x00\x00\x00\x00\x00\x00\x00\x00\x00\x00\x00\x00\x00\x00\x00\x00\x00\x00\x00\x00\x00\x00\x00\x00\x00\x00\x00\x00\x00\x00\x00\x00\x00\x00\x00\x00\x00\x00\x00\x00\x00\x00\x00\x00\x00\x00\x00\x00\x00\x00\x00\x00\x00\x00\x00\x00\x00\x00\x00\x00\x00\x00\x00\x00\x00\x00\x00\x00\x00\x00\x00\x00\x00\x00\x00\x00\x00\x00\x00\x00\x00\x00\x00\x00\x00\x00\x00\x00\x00\x00\x00\x00\x00\x00\x00\x00\x00\x00\x00\x00\x00\x00\x00\x00\x00\x00\x00\x00\x00\x00\x00\x00\x00\x00\x00\x00\x00\x00\x00\x00\x00\x00\x00\x00\x00\x00\x00\x00\x00\x00\x00\x00\x00\x00\x00\x00\x00\x00\x00\x00\x00\x00\x00\x00\x00\x00\x00\x00\x00\x00\x00\x00\x00\x00\x00\x00\x00\x00\x00\x00\x00\x00\x00\x00\x00\x00\x00\x00\x00\x00\x00\x00\x00\x00\x00\x00\x00\x00\x00\x00\x00\x00\x00\x00\x00\x00\x00\x00\x00\x00\x00\x00\x00\x00\x00\x00\x00\x00\x00\x00\x00\x00\x00\x00\x00\x00\x00\x00\x00\x00\x00\x00\x00\x00\x00\x00\x00\x00\x00\x00\x00\x00\x00\x00\x00\x00\x00\x00\x00\x00\x00\x00\x00\x00\x00\x00\x00\x00\x00\x00\x00\x00\x00\x00\x00\x00\x00',)", bytearray(b'\xee\xd2\xbf\xd1\x0e\xf9\x13\x06\x00\x00\x13\x82\x00\x00\x00\x00\x00btp_tester\x00\x00\x00\x00\x00\x00\x00\x00\x00\x00\x00\x00\x00\x00\x00\x00\x00\x00\x00\x00\x00\x00\x00\x00\x00\x00\x00\x00\x00\x00\x00\x00\x00\x00\x00\x00\x00\x00\x00\x00\x00\x00\x00\x00\x00\x00\x00\x00\x00\x00\x00\x00\x00\x00\x00\x00\x00\x00\x00\x00\x00\x00\x00\x00\x00\x00\x00\x00\x00\x00\x00\x00\x00\x00\x00\x00\x00\x00\x00\x00\x00\x00\x00\x00\x00\x00\x00\x00\x00\x00\x00\x00\x00\x00\x00\x00\x00\x00\x00\x00\x00\x00\x00\x00\x00\x00\x00\x00\x00\x00\x00\x00\x00\x00\x00\x00\x00\x00\x00\x00\x00\x00\x00\x00\x00\x00\x00\x00\x00\x00\x00\x00\x00\x00\x00\x00\x00\x00\x00\x00\x00\x00\x00\x00\x00\x00\x00\x00\x00\x00\x00\x00\x00\x00\x00\x00\x00\x00\x00\x00\x00\x00\x00\x00\x00\x00\x00\x00\x00\x00\x00\x00\x00\x00\x00\x00\x00\x00\x00\x00\x00\x00\x00\x00\x00\x00\x00\x00\x00\x00\x00\x00\x00\x00\x00\x00\x00\x00\x00\x00\x00\x00\x00\x00\x00\x00\x00\x00\x00\x00\x00\x00\x00\x00\x00\x00\x00\x00\x00\x00\x00\x00\x00\x00\x00\x00\x00\x00\x00\x00\x00\x00\x00\x00\x00\x00\x00\x00\x00\x00\x00\x00\x00\x00\x00\x00\x00\x00\x00\x00')
2021-09-24 11:17:09,182 root DEBUG gap.py                    743   gap_read_ctrl_info        : received Header(svc_id=1, op=3, ctrl_index=0, data_len=277) (b'\xee\xd2\xbf\xd1\x0e\xf9\x13\x06\x00\x00\x13\x82\x00\x00\x00\x00\x00btp_tester\x00\x00\x00\x00\x00\x00\x00\x00\x00\x00\x00\x00\x00\x00\x00\x00\x00\x00\x00\x00\x00\x00\x00\x00\x00\x00\x00\x00\x00\x00\x00\x00\x00\x00\x00\x00\x00\x00\x00\x00\x00\x00\x00\x00\x00\x00\x00\x00\x00\x00\x00\x00\x00\x00\x00\x00\x00\x00\x00\x00\x00\x00\x00\x00\x00\x00\x00\x00\x00\x00\x00\x00\x00\x00\x00\x00\x00\x00\x00\x00\x00\x00\x00\x00\x00\x00\x00\x00\x00\x00\x00\x00\x00\x00\x00\x00\x00\x00\x00\x00\x00\x00\x00\x00\x00\x00\x00\x00\x00\x00\x00\x00\x00\x00\x00\x00\x00\x00\x00\x00\x00\x00\x00\x00\x00\x00\x00\x00\x00\x00\x00\x00\x00\x00\x00\x00\x00\x00\x00\x00\x00\x00\x00\x00\x00\x00\x00\x00\x00\x00\x00\x00\x00\x00\x00\x00\x00\x00\x00\x00\x00\x00\x00\x00\x00\x00\x00\x00\x00\x00\x00\x00\x00\x00\x00\x00\x00\x00\x00\x00\x00\x00\x00\x00\x00\x00\x00\x00\x00\x00\x00\x00\x00\x00\x00\x00\x00\x00\x00\x00\x00\x00\x00\x00\x00\x00\x00\x00\x00\x00\x00\x00\x00\x00\x00\x00\x00\x00\x00\x00\x00\x00\x00\x00\x00\x00\x00\x00\x00\x00\x00\x00\x00\x00\x00\x00\x00\x00\x00\x00\x00\x00\x00\x00\x00\x00\x00\x00\x00\x00',)
2021-09-24 11:17:09,183 root DEBUG gap.py                    764   gap_read_ctrl_info        : IUT address 'f90ed1bfd2ee'
2021-09-24 11:17:09,183 root DEBUG gap.py                    250   __gap_current_settings_update : __gap_current_settings_update 33299
2021-09-24 11:17:09,183 root DEBUG testcase.py               246   start                     : Starting test function: class=<class 'ptsprojects.testcase.TestFunc'>, func=<function test_cases.<locals>.<lambda> at 0x7f751d9f9c10> start_wid=None stop_wid=None post_wid=None skip_call=None call_count=1 args=() kwds={}
2021-09-24 11:17:09,183 root DEBUG testcase.py               258   start                     : Test function parameters: args=(), kwds={}
2021-09-24 11:17:09,189 root DEBUG testcase.py               246   start                     : Starting test function: class=<class 'ptsprojects.testcase.TestFunc'>, func=<function test_cases.<locals>.<lambda> at 0x7f751d9f9ca0> start_wid=None stop_wid=None post_wid=None skip_call=None call_count=1 args=() kwds={}
2021-09-24 11:17:09,190 root DEBUG testcase.py               258   start                     : Test function parameters: args=(), kwds={}
2021-09-24 11:17:09,195 root DEBUG testcase.py               246   start                     : Starting test function: class=<class 'ptsprojects.testcase.TestFunc'>, func=<function test_cases.<locals>.<lambda> at 0x7f751d9f9d30> start_wid=None stop_wid=None post_wid=None skip_call=None call_count=1 args=() kwds={}
2021-09-24 11:17:09,195 root DEBUG testcase.py               258   start                     : Test function parameters: args=(), kwds={}
2021-09-24 11:17:09,200 root DEBUG testcase.py               246   start                     : Starting test function: class=<class 'ptsprojects.testcase.TestFunc'>, func=<function test_cases.<locals>.<lambda> at 0x7f751d9f9dc0> start_wid=None stop_wid=None post_wid=None skip_call=None call_count=1 args=() kwds={}
2021-09-24 11:17:09,200 root DEBUG testcase.py               258   start                     : Test function parameters: args=(), kwds={}
2021-09-24 11:17:09,204 root DEBUG testcase.py               246   start                     : Starting test function: class=<class 'ptsprojects.testcase.TestFunc'>, func=<function test_cases.<locals>.<lambda> at 0x7f751d9f9e50> start_wid=None stop_wid=None post_wid=None skip_call=None call_count=1 args=() kwds={}
2021-09-24 11:17:09,205 root DEBUG testcase.py               258   start                     : Test function parameters: args=(), kwds={}
2021-09-24 11:17:09,209 root DEBUG testcase.py               246   start                     : Starting test function: class=<class 'ptsprojects.testcase.TestFunc'>, func=<function test_cases.<locals>.<lambda> at 0x7f751d9f9ee0> start_wid=None stop_wid=None post_wid=None skip_call=None call_count=1 args=() kwds={}
2021-09-24 11:17:09,209 root DEBUG testcase.py               258   start                     : Test function parameters: args=(), kwds={}
2021-09-24 11:17:09,214 root DEBUG testcase.py               246   start                     : Starting test function: class=<class 'ptsprojects.testcase.TestFunc'>, func=<function test_cases.<locals>.<lambda> at 0x7f751d9f9f70> start_wid=None stop_wid=None post_wid=None skip_call=None call_count=1 args=() kwds={}
2021-09-24 11:17:09,214 root DEBUG testcase.py               258   start                     : Test function parameters: args=(), kwds={}
2021-09-24 11:17:09,218 root DEBUG testcase.py               246   start                     : Starting test function: class=<class 'ptsprojects.testcase.TestFunc'>, func=<function test_cases.<locals>.<lambda> at 0x7f751c811040> start_wid=None stop_wid=None post_wid=None skip_call=None call_count=1 args=() kwds={}
2021-09-24 11:17:09,218 root DEBUG testcase.py               258   start                     : Test function parameters: args=(), kwds={}
2021-09-24 11:17:09,223 root DEBUG testcase.py               246   start                     : Starting test function: class=<class 'ptsprojects.testcase.TestFunc'>, func=<function test_cases.<locals>.<lambda> at 0x7f751c8110d0> start_wid=None stop_wid=None post_wid=None skip_call=None call_count=1 args=() kwds={}
2021-09-24 11:17:09,223 root DEBUG testcase.py               258   start                     : Test function parameters: args=(), kwds={}
2021-09-24 11:17:09,228 root DEBUG testcase.py               246   start                     : Starting test function: class=<class 'ptsprojects.testcase.TestFunc'>, func=<function set_pts_addr at 0x7f751f11b1f0> start_wid=None stop_wid=None post_wid=None skip_call=None call_count=1 args=('00:1B:DC:F2:1C:35', 0) kwds={}
2021-09-24 11:17:09,228 root DEBUG testcase.py               258   start                     : Test function parameters: args=('00:1B:DC:F2:1C:35', 0), kwds={}
2021-09-24 11:17:09,228 root DEBUG testcase.py               246   start                     : Starting test function: class=<class 'ptsprojects.testcase.TestFunc'>, func=<bound method Stack.l2cap_init of <ptsprojects.stack.Stack object at 0x7f751d9f5160>> start_wid=None stop_wid=None post_wid=None skip_call=None call_count=1 args=(39, 120) kwds={}
2021-09-24 11:17:09,228 root DEBUG testcase.py               258   start                     : Test function parameters: args=(39, 120), kwds={}
2021-09-24 11:17:09,228 root DEBUG testcase.py               246   start                     : Starting test function: class=<class 'ptsprojects.testcase.TestFunc'>, func=<function l2cap_le_listen at 0x7f751f13bf70> start_wid=None stop_wid=None post_wid=None skip_call=None call_count=1 args=(39, 120, 0) kwds={}
2021-09-24 11:17:09,228 root DEBUG testcase.py               258   start                     : Test function parameters: args=(39, 120, 0), kwds={}
2021-09-24 11:17:09,229 root DEBUG l2cap.py                  145   l2cap_listen              : l2cap_le_listen 39 1 120 0
2021-09-24 11:17:09,229 root DEBUG iutctl_common.py          117   send                      : send, 3 5 0 'bytearray(b"\\\'\\x00\\x01x\\x00\\x00\\x00")'
2021-09-24 11:17:09,229 root DEBUG iutctl_common.py          120   send                      : btpclient command: send 3 5 0 'bytearray(b"\\\'\\x00\\x01x\\x00\\x00\\x00")'
2021-09-24 11:17:09,229 root DEBUG iutctl_common.py          125   send                      : sending frame b"\x03\x05\x00\x07\x00'\x00\x01x\x00\x00\x00"
2021-09-24 11:17:09,229 root DEBUG l2cap.py                  48    l2cap_command_rsp_succ    : l2cap_command_rsp_succ
2021-09-24 11:17:09,229 root DEBUG iutctl_common.py          174   read                      : read
2021-09-24 11:17:09,242 root DEBUG iutctl_common.py          98    read                      : Received: hdr: Header(svc_id=3, op=0, ctrl_index=0, data_len=1) bytearray(b'\x03\x00\x00\x01\x00')
2021-09-24 11:17:09,263 root DEBUG iutctl_common.py          111   read                      : Received data: "('\x01',)", bytearray(b'\x01')
2021-09-24 11:17:09,279 root DEBUG l2cap.py                  53    l2cap_command_rsp_succ    : received Header(svc_id=3, op=0, ctrl_index=0, data_len=1) (b'\x01',)
2021-09-24 11:17:09,279 root ERROR autoptsclient_common.py   824   run_test_case_thread_entry : Error opcode in response!
Traceback (most recent call last):
  File "/home/magda/auto-pts-code/autoptsclient_common.py", line 806, in run_test_case_thread_entry
    test_case.pre_run()
  File "/home/magda/auto-pts-code/ptsprojects/testcase.py", line 751, in pre_run
    cmd.start()
  File "/home/magda/auto-pts-code/ptsprojects/testcase.py", line 260, in start
    self.func(*args, **self.kwds)
  File "/home/magda/auto-pts-code/pybtp/btp/l2cap.py", line 181, in l2cap_le_listen
    l2cap_listen(psm, defs.L2CAP_TRANSPORT_LE, mtu, response)
  File "/home/magda/auto-pts-code/pybtp/btp/l2cap.py", line 159, in l2cap_listen
    l2cap_command_rsp_succ(defs.L2CAP_LISTEN)
  File "/home/magda/auto-pts-code/pybtp/btp/l2cap.py", line 55, in l2cap_command_rsp_succ
    btp_hdr_check(tuple_hdr, defs.BTP_SERVICE_ID_L2CAP, op)
  File "/home/magda/auto-pts-code/pybtp/btp/btp.py", line 220, in btp_hdr_check
    raise BTPError("Error opcode in response!")
pybtp.types.BTPError: Error opcode in response!
2021-09-24 11:17:09,291 root DEBUG autoptsclient_common.py   748   get_error_code            : get_error_code returning error code 'BTP ERROR' for exception BTPError('Error opcode in response!')
2021-09-24 11:17:10,292 root DEBUG testcase.py               758   post_run                  : post_run L2CAP L2CAP/ECFC/BV-26-C BTP ERROR
2021-09-24 11:17:10,293 root DEBUG testcase.py               246   start                     : Starting test function: class=<class 'ptsprojects.testcase.TestFuncCleanUp'>, func=<bound method Stack.cleanup of <ptsprojects.stack.Stack object at 0x7f751d9f5160>> start_wid=None stop_wid=None post_wid=None skip_call=None call_count=1 args=() kwds={}
2021-09-24 11:17:10,293 root DEBUG testcase.py               258   start                     : Test function parameters: args=(), kwds={}
2021-09-24 11:17:10,293 root DEBUG autoptsclient_common.py   287   clear_pending_responses   : CallbackThread.clear_pending_responses
2021-09-24 11:17:10,293 root DEBUG testcase.py               246   start                     : Starting test function: class=<class 'ptsprojects.testcase.TestFuncCleanUp'>, func=<bound method ZephyrCtl.stop of <ptsprojects.zephyr.iutctl.ZephyrCtl object at 0x7f751d9f5130>> start_wid=None stop_wid=None post_wid=None skip_call=None call_count=1 args=() kwds={}
2021-09-24 11:17:10,293 root DEBUG testcase.py               258   start                     : Test function parameters: args=(), kwds={}
2021-09-24 11:17:10,293 root DEBUG iutctl.py                 221   stop                      : <class 'ptsprojects.zephyr.iutctl.ZephyrCtl'>.stop
2021-09-24 11:17:14,285 root DEBUG testcase.py               783   post_run                  : post_run, cleanup running pre test case script
2021-09-24 11:17:14,286 root DEBUG testcase.py               793   post_run                  : post_run, run post test case script
2021-09-24 11:17:14,318 root DEBUG autoptsclient_common.py   843   run_test_case_thread_entry : Done TestCase wrapper L2CAP L2CAP/ECFC/BV-26-C
