Applying system reset.
Run.
< 2021/09/08 14:24:17.063868  length=5 from=0 to=4
 00 80 ff 00 00                                   .....
--
> 2021/09/08 14:24:17.422705  length=6 from=0 to=5
 00 03 ff 01 00 01                                ......
--
< 2021/09/08 14:24:17.438516  length=5 from=5 to=9
 00 03 ff 00 00                                   .....
--
> 2021/09/08 14:24:17.594286  length=6 from=6 to=11
 00 03 ff 01 00 04                                ......
--
< 2021/09/08 14:24:17.610040  length=5 from=10 to=14
 00 03 ff 00 00                                   .....
--
> 2021/09/08 14:24:17.719243  length=5 from=12 to=16
 01 03 00 00 00                                   .....
--
< 2021/09/08 14:24:17.735485  length=131 from=15 to=145
 01 03 00 15 01 ee d2 bf d1 0e f9 13 06 00 00 13  ................
 82 00 00 00 00 00 62 74 70 5f 74 65 73 74 65 72  ......btp_tester
 00 00 00 00 00 00 00 00 00 00 00 00 00 00 00 00  ................
 00 00 00 00 00 00 00 00 00 00 00 00 00 00 00 00  ................
 00 00 00 00 00 00 00 00 00 00 00 00 00 00 00 00  ................
 00 00 00 00 00 00 00 00 00 00 00 00 00 00 00 00  ................
 00 00 00 00 00 00 00 00 00 00 00 00 00 00 00 00  ................
 00 00 00 00 00 00 00 00 00 00 00 00 00 00 00 00  ................
 00 00 00                                         ...
--
< 2021/09/08 14:24:17.737708  length=28 from=146 to=173
 00 00 00 00 00 00 00 00 00 00 00 00 00 00 00 00  ................
 00 00 00 00 00 00 00 00 00 00 00 00              ............
--
< 2021/09/08 14:24:17.750622  length=123 from=174 to=296
 00 00 00 00 00 00 00 00 00 00 00 00 00 00 00 00  ................
 00 00 00 00 00 00 00 00 00 00 00 00 00 00 00 00  ................
 00 00 00 00 00 00 00 00 00 00 00 00 00 00 00 00  ................
 00 00 00 00 00 00 00 00 00 00 00 00 00 00 00 00  ................
 00 00 00 00 00 00 00 00 00 00 00 00 00 00 00 00  ................
 00 00 00 00 00 00 00 00 00 00 00 00 00 00 00 00  ................
 00 00 00 00 00 00 00 00 00 00 00 00 00 00 00 00  ................
 00 00 00 00 00 00 00 00 00 00 00                 ...........
--
> 2021/09/08 14:24:27.516662  length=43 from=17 to=59
 04 02 00 26 00 f9 fd a2 2b 7c c4 4c c4 94 db 12  ...&....+|.L....
 56 88 d0 d3 a9 00 00 00 00 00 00 00 00 00 00 00  V...............
 00 00 00 00 00 02 18 00 01 04 00                 ...........
--
< 2021/09/08 14:24:27.532528  length=5 from=297 to=301
 04 02 00 00 00                                   .....
--
> 2021/09/08 14:24:27.657771  length=5 from=60 to=64
 04 04 00 00 00                                   .....
--
< 2021/09/08 14:24:27.688678  length=5 from=302 to=306
 04 04 00 00 00                                   .....
--
< 2021/09/08 14:24:27.735607  length=6 from=307 to=312
 04 84 00 01 00 00                                ......
--
< 2021/09/08 14:24:30.423077  length=5 from=313 to=317
 04 83 00 00 00                                   .....
--
< 2021/09/08 14:24:31.845742  length=6 from=318 to=323
 04 85 00 01 00 00                                ......
--
< 2021/09/08 14:24:33.017352  length=27 from=324 to=350
 04 86 00 16 00 03 00 01 00 02 00 0f 80 80 00 00  ................
 4f b3 57 5e 39 d7 fb e3 de 16 5f                 O.W^9....._
--
< 2021/09/08 14:24:33.438690  length=19 from=351 to=369
 04 86 00 0e 00 07 01 01 00 02 00 07 00 00 04 00  ................
 00 00 07                                         ...
--
< 2021/09/08 14:24:34.625768  length=7 from=370 to=376
 04 86 00 16 00 03 00                             .......
--
< 2021/09/08 14:24:34.626285  length=13 from=377 to=389
 01 00 02 00 0f 80 80 08 00 23 0b 19 e1           .........#...
--
< 2021/09/08 14:24:34.641662  length=7 from=390 to=396
 3f fb c6 31 c4 6d 93                             ?..1.m.
--
