2021-09-08 14:24:14,836 root DEBUG autoptsclient_common.py   781   run_test_case_thread_entry : Starting TestCase wrapper MESH MESH/NODE/BCN/SNB/BV-01-C
2021-09-08 14:24:14,836 root DEBUG testcase.py               718   pre_run                   : pre_run MESH MESH/NODE/BCN/SNB/BV-01-C
2021-09-08 14:24:14,836 root DEBUG testcase.py               720   pre_run                   : About to run test case MESH MESH/NODE/BCN/SNB/BV-01-C with commands:
2021-09-08 14:24:14,836 root DEBUG testcase.py               723   pre_run                   : 0) class=<class 'ptsprojects.testcase.TestFunc'>, func=<bound method ZephyrCtl.start of <ptsprojects.zephyr.iutctl.ZephyrCtl object at 0x00000258755FA880>> start_wid=None stop_wid=None post_wid=None skip_call=None call_count=0 args=(<ptsprojects.zephyr.ztestcase.ZTestCase object at 0x00000258759B8BB0>,) kwds={}
2021-09-08 14:24:14,836 root DEBUG testcase.py               723   pre_run                   : 1) class=<class 'ptsprojects.testcase.TestFunc'>, func=<bound method ZephyrCtl.wait_iut_ready_event of <ptsprojects.zephyr.iutctl.ZephyrCtl object at 0x00000258755FA880>> start_wid=None stop_wid=None post_wid=None skip_call=None call_count=0 args=() kwds={}
2021-09-08 14:24:14,836 root DEBUG testcase.py               723   pre_run                   : 2) class=<class 'ptsprojects.testcase.TestFunc'>, func=<function core_reg_svc_gap at 0x000002587495CE50> start_wid=None stop_wid=None post_wid=None skip_call=None call_count=0 args=() kwds={}
2021-09-08 14:24:14,836 root DEBUG testcase.py               723   pre_run                   : 3) class=<class 'ptsprojects.testcase.TestFunc'>, func=<function core_reg_svc_mesh at 0x000002587495F1F0> start_wid=None stop_wid=None post_wid=None skip_call=None call_count=0 args=() kwds={}
2021-09-08 14:24:14,836 root DEBUG testcase.py               723   pre_run                   : 4) class=<class 'ptsprojects.testcase.TestFunc'>, func=<function gap_read_ctrl_info at 0x000002587496A310> start_wid=None stop_wid=None post_wid=None skip_call=None call_count=0 args=() kwds={}
2021-09-08 14:24:14,836 root DEBUG testcase.py               723   pre_run                   : 5) class=<class 'ptsprojects.testcase.TestFunc'>, func=<function test_cases.<locals>.<lambda> at 0x00000258758AE9D0> start_wid=None stop_wid=None post_wid=None skip_call=None call_count=0 args=() kwds={}
2021-09-08 14:24:14,836 root DEBUG testcase.py               723   pre_run                   : 6) class=<class 'ptsprojects.testcase.TestFunc'>, func=<function test_cases.<locals>.<lambda> at 0x00000258758AE940> start_wid=None stop_wid=None post_wid=None skip_call=None call_count=0 args=() kwds={}
2021-09-08 14:24:14,836 root DEBUG testcase.py               723   pre_run                   : 7) class=<class 'ptsprojects.testcase.TestFunc'>, func=<function test_cases.<locals>.<lambda> at 0x00000258758AEA60> start_wid=None stop_wid=None post_wid=None skip_call=None call_count=0 args=() kwds={}
2021-09-08 14:24:14,836 root DEBUG testcase.py               723   pre_run                   : 8) class=<class 'ptsprojects.testcase.TestFunc'>, func=<function test_cases.<locals>.<lambda> at 0x00000258758AEAF0> start_wid=None stop_wid=None post_wid=None skip_call=None call_count=0 args=() kwds={}
2021-09-08 14:24:14,836 root DEBUG testcase.py               723   pre_run                   : 9) class=<class 'ptsprojects.testcase.TestFunc'>, func=<function test_cases.<locals>.<lambda> at 0x00000258758AEB80> start_wid=None stop_wid=None post_wid=None skip_call=None call_count=0 args=() kwds={}
2021-09-08 14:24:14,836 root DEBUG testcase.py               723   pre_run                   : 10) class=<class 'ptsprojects.testcase.TestFunc'>, func=<function test_cases.<locals>.<lambda> at 0x00000258758AEC10> start_wid=None stop_wid=None post_wid=None skip_call=None call_count=0 args=() kwds={}
2021-09-08 14:24:14,836 root DEBUG testcase.py               723   pre_run                   : 11) class=<class 'ptsprojects.testcase.TestFunc'>, func=<function test_cases.<locals>.<lambda> at 0x00000258758AECA0> start_wid=None stop_wid=None post_wid=None skip_call=None call_count=0 args=() kwds={}
2021-09-08 14:24:14,836 root DEBUG testcase.py               723   pre_run                   : 12) class=<class 'ptsprojects.testcase.TestFuncCleanUp'>, func=<bound method Stack.cleanup of <ptsprojects.stack.Stack object at 0x0000025875611190>> start_wid=None stop_wid=None post_wid=None skip_call=None call_count=0 args=() kwds={}
2021-09-08 14:24:14,836 root DEBUG testcase.py               723   pre_run                   : 13) class=<class 'ptsprojects.testcase.TestFuncCleanUp'>, func=<bound method ZephyrCtl.stop of <ptsprojects.zephyr.iutctl.ZephyrCtl object at 0x00000258755FA880>> start_wid=None stop_wid=None post_wid=None skip_call=None call_count=0 args=() kwds={}
2021-09-08 14:24:14,836 root DEBUG testcase.py               730   pre_run                   : post_run, run pre test case script
2021-09-08 14:24:14,851 root DEBUG testcase.py               246   start                     : Starting test function: class=<class 'ptsprojects.testcase.TestFunc'>, func=<bound method ZephyrCtl.start of <ptsprojects.zephyr.iutctl.ZephyrCtl object at 0x00000258755FA880>> start_wid=None stop_wid=None post_wid=None skip_call=None call_count=1 args=(<ptsprojects.zephyr.ztestcase.ZTestCase object at 0x00000258759B8BB0>,) kwds={}
2021-09-08 14:24:14,851 root DEBUG testcase.py               258   start                     : Test function parameters: args=(<ptsprojects.zephyr.ztestcase.ZTestCase object at 0x00000258759B8BB0>,), kwds={}
2021-09-08 14:24:14,851 root DEBUG iutctl.py                 116   start                     : <class 'ptsprojects.zephyr.iutctl.ZephyrCtl'>.start
2021-09-08 14:24:14,851 root DEBUG iutctl.py                 176   flush_serial              : <class 'ptsprojects.zephyr.iutctl.ZephyrCtl'>.flush_serial
2021-09-08 14:24:14,997 root DEBUG iutctl.py                 141   start                     : Starting socat process: socat.exe -x -v tcp:192.168.4.2:64703,retry=100,interval=1 /dev/ttyS3,raw,b115200
2021-09-08 14:24:15,012 root DEBUG iutctl_common.py          233   accept                    : accept
2021-09-08 14:24:15,059 root DEBUG testcase.py               246   start                     : Starting test function: class=<class 'ptsprojects.testcase.TestFunc'>, func=<bound method ZephyrCtl.wait_iut_ready_event of <ptsprojects.zephyr.iutctl.ZephyrCtl object at 0x00000258755FA880>> start_wid=None stop_wid=None post_wid=None skip_call=None call_count=1 args=() kwds={}
2021-09-08 14:24:15,059 root DEBUG testcase.py               258   start                     : Test function parameters: args=(), kwds={}
2021-09-08 14:24:15,059 root DEBUG iutctl.py                 207   reset                     : <class 'ptsprojects.zephyr.iutctl.ZephyrCtl'>.reset
2021-09-08 14:24:15,059 root DEBUG iutctl.py                 242   stop                      : <class 'ptsprojects.zephyr.iutctl.ZephyrCtl'>.stop
2021-09-08 14:24:16,086 root DEBUG iutctl.py                 116   start                     : <class 'ptsprojects.zephyr.iutctl.ZephyrCtl'>.start
2021-09-08 14:24:16,086 root DEBUG iutctl.py                 176   flush_serial              : <class 'ptsprojects.zephyr.iutctl.ZephyrCtl'>.flush_serial
2021-09-08 14:24:16,165 root DEBUG iutctl.py                 141   start                     : Starting socat process: socat.exe -x -v tcp:192.168.4.2:64708,retry=100,interval=1 /dev/ttyS3,raw,b115200
2021-09-08 14:24:16,181 root DEBUG iutctl_common.py          233   accept                    : accept
2021-09-08 14:24:16,212 root DEBUG iutctl.py                 176   flush_serial              : <class 'ptsprojects.zephyr.iutctl.ZephyrCtl'>.flush_serial
2021-09-08 14:24:16,212 root DEBUG iutctl.py                 316   reset                     : About to reset DUT: 'nrfjprog -f nrf52 -r -s 683060861'
2021-09-08 14:24:16,906 root DEBUG iutctl_common.py          176   read                      : read
2021-09-08 14:24:17,125 root DEBUG iutctl_common.py          100   read                      : Received: hdr: Header(svc_id=0, op=128, ctrl_index=255, data_len=0) bytearray(b'\x00\x80\xff\x00\x00')
2021-09-08 14:24:17,344 root DEBUG iutctl_common.py          113   read                      : Received data: "('',)", bytearray(b'')
2021-09-08 14:24:17,360 root DEBUG btp.py                    423   event_handler             : event_handler Header(svc_id=0, op=128, ctrl_index=255, data_len=0) (b'',)
2021-09-08 14:24:17,375 root ERROR btp.py                    455   event_handler             : Unhandled event! svc_id 0 op 128
2021-09-08 14:24:17,375 root DEBUG iutctl.py                 235   wait_iut_ready_event      : IUT ready event received OK
2021-09-08 14:24:17,375 root DEBUG testcase.py               246   start                     : Starting test function: class=<class 'ptsprojects.testcase.TestFunc'>, func=<function core_reg_svc_gap at 0x000002587495CE50> start_wid=None stop_wid=None post_wid=None skip_call=None call_count=1 args=() kwds={}
2021-09-08 14:24:17,375 root DEBUG testcase.py               258   start                     : Test function parameters: args=(), kwds={}
2021-09-08 14:24:17,375 root DEBUG btp.py                    258   core_reg_svc_gap          : core_reg_svc_gap
2021-09-08 14:24:17,375 root DEBUG iutctl_common.py          119   send                      : send, 0 3 255 '1'
2021-09-08 14:24:17,375 root DEBUG iutctl_common.py          122   send                      : btpclient command: send 0 3 255 '1'
2021-09-08 14:24:17,375 root DEBUG iutctl_common.py          127   send                      : sending frame b'\x00\x03\xff\x01\x00\x01'
2021-09-08 14:24:17,375 root DEBUG btp.py                    340   core_reg_svc_rsp_succ     : core_reg_svc_rsp_succ
2021-09-08 14:24:17,375 root DEBUG iutctl_common.py          176   read                      : read
2021-09-08 14:24:17,453 root DEBUG iutctl_common.py          100   read                      : Received: hdr: Header(svc_id=0, op=3, ctrl_index=255, data_len=0) bytearray(b'\x00\x03\xff\x00\x00')
2021-09-08 14:24:17,500 root DEBUG iutctl_common.py          113   read                      : Received data: "('',)", bytearray(b'')
2021-09-08 14:24:17,547 root DEBUG btp.py                    351   core_reg_svc_rsp_succ     : received Header(svc_id=0, op=3, ctrl_index=255, data_len=0) (b'',)
2021-09-08 14:24:17,547 root DEBUG btp.py                    352   core_reg_svc_rsp_succ     : expected ((0, 3, 255, 0), (b'',))
2021-09-08 14:24:17,547 root DEBUG btp.py                    357   core_reg_svc_rsp_succ     : response is valid
2021-09-08 14:24:17,547 root DEBUG testcase.py               246   start                     : Starting test function: class=<class 'ptsprojects.testcase.TestFunc'>, func=<function core_reg_svc_mesh at 0x000002587495F1F0> start_wid=None stop_wid=None post_wid=None skip_call=None call_count=1 args=() kwds={}
2021-09-08 14:24:17,547 root DEBUG testcase.py               258   start                     : Test function parameters: args=(), kwds={}
2021-09-08 14:24:17,547 root DEBUG btp.py                    308   core_reg_svc_mesh         : core_reg_svc_mesh
2021-09-08 14:24:17,547 root DEBUG iutctl_common.py          119   send                      : send, 0 3 255 '4'
2021-09-08 14:24:17,547 root DEBUG iutctl_common.py          122   send                      : btpclient command: send 0 3 255 '4'
2021-09-08 14:24:17,547 root DEBUG iutctl_common.py          127   send                      : sending frame b'\x00\x03\xff\x01\x00\x04'
2021-09-08 14:24:17,547 root DEBUG btp.py                    340   core_reg_svc_rsp_succ     : core_reg_svc_rsp_succ
2021-09-08 14:24:17,547 root DEBUG iutctl_common.py          176   read                      : read
2021-09-08 14:24:17,640 root DEBUG iutctl_common.py          100   read                      : Received: hdr: Header(svc_id=0, op=3, ctrl_index=255, data_len=0) bytearray(b'\x00\x03\xff\x00\x00')
2021-09-08 14:24:17,672 root DEBUG iutctl_common.py          113   read                      : Received data: "('',)", bytearray(b'')
2021-09-08 14:24:17,672 root DEBUG btp.py                    351   core_reg_svc_rsp_succ     : received Header(svc_id=0, op=3, ctrl_index=255, data_len=0) (b'',)
2021-09-08 14:24:17,672 root DEBUG btp.py                    352   core_reg_svc_rsp_succ     : expected ((0, 3, 255, 0), (b'',))
2021-09-08 14:24:17,672 root DEBUG btp.py                    357   core_reg_svc_rsp_succ     : response is valid
2021-09-08 14:24:17,672 root DEBUG testcase.py               246   start                     : Starting test function: class=<class 'ptsprojects.testcase.TestFunc'>, func=<function gap_read_ctrl_info at 0x000002587496A310> start_wid=None stop_wid=None post_wid=None skip_call=None call_count=1 args=() kwds={}
2021-09-08 14:24:17,672 root DEBUG testcase.py               258   start                     : Test function parameters: args=(), kwds={}
2021-09-08 14:24:17,672 root DEBUG gap.py                    736   gap_read_ctrl_info        : gap_read_ctrl_info
2021-09-08 14:24:17,672 root DEBUG iutctl_common.py          119   send                      : send, 1 3 0 ''
2021-09-08 14:24:17,672 root DEBUG iutctl_common.py          122   send                      : btpclient command: send 1 3 0 ''
2021-09-08 14:24:17,672 root DEBUG iutctl_common.py          127   send                      : sending frame b'\x01\x03\x00\x00\x00'
2021-09-08 14:24:17,672 root DEBUG iutctl_common.py          176   read                      : read
2021-09-08 14:24:17,750 root DEBUG iutctl_common.py          100   read                      : Received: hdr: Header(svc_id=1, op=3, ctrl_index=0, data_len=277) bytearray(b'\x01\x03\x00\x15\x01')
2021-09-08 14:24:17,813 root DEBUG iutctl_common.py          113   read                      : Received data: "('îÒ¿Ñ\x0eù\x13\x06\x00\x00\x13\x82\x00\x00\x00\x00\x00btp_tester\x00\x00\x00\x00\x00\x00\x00\x00\x00\x00\x00\x00\x00\x00\x00\x00\x00\x00\x00\x00\x00\x00\x00\x00\x00\x00\x00\x00\x00\x00\x00\x00\x00\x00\x00\x00\x00\x00\x00\x00\x00\x00\x00\x00\x00\x00\x00\x00\x00\x00\x00\x00\x00\x00\x00\x00\x00\x00\x00\x00\x00\x00\x00\x00\x00\x00\x00\x00\x00\x00\x00\x00\x00\x00\x00\x00\x00\x00\x00\x00\x00\x00\x00\x00\x00\x00\x00\x00\x00\x00\x00\x00\x00\x00\x00\x00\x00\x00\x00\x00\x00\x00\x00\x00\x00\x00\x00\x00\x00\x00\x00\x00\x00\x00\x00\x00\x00\x00\x00\x00\x00\x00\x00\x00\x00\x00\x00\x00\x00\x00\x00\x00\x00\x00\x00\x00\x00\x00\x00\x00\x00\x00\x00\x00\x00\x00\x00\x00\x00\x00\x00\x00\x00\x00\x00\x00\x00\x00\x00\x00\x00\x00\x00\x00\x00\x00\x00\x00\x00\x00\x00\x00\x00\x00\x00\x00\x00\x00\x00\x00\x00\x00\x00\x00\x00\x00\x00\x00\x00\x00\x00\x00\x00\x00\x00\x00\x00\x00\x00\x00\x00\x00\x00\x00\x00\x00\x00\x00\x00\x00\x00\x00\x00\x00\x00\x00\x00\x00\x00\x00\x00\x00\x00\x00\x00\x00\x00\x00\x00\x00\x00\x00\x00\x00\x00\x00\x00\x00\x00\x00\x00\x00\x00\x00\x00\x00\x00\x00\x00\x00',)", bytearray(b'\xee\xd2\xbf\xd1\x0e\xf9\x13\x06\x00\x00\x13\x82\x00\x00\x00\x00\x00btp_tester\x00\x00\x00\x00\x00\x00\x00\x00\x00\x00\x00\x00\x00\x00\x00\x00\x00\x00\x00\x00\x00\x00\x00\x00\x00\x00\x00\x00\x00\x00\x00\x00\x00\x00\x00\x00\x00\x00\x00\x00\x00\x00\x00\x00\x00\x00\x00\x00\x00\x00\x00\x00\x00\x00\x00\x00\x00\x00\x00\x00\x00\x00\x00\x00\x00\x00\x00\x00\x00\x00\x00\x00\x00\x00\x00\x00\x00\x00\x00\x00\x00\x00\x00\x00\x00\x00\x00\x00\x00\x00\x00\x00\x00\x00\x00\x00\x00\x00\x00\x00\x00\x00\x00\x00\x00\x00\x00\x00\x00\x00\x00\x00\x00\x00\x00\x00\x00\x00\x00\x00\x00\x00\x00\x00\x00\x00\x00\x00\x00\x00\x00\x00\x00\x00\x00\x00\x00\x00\x00\x00\x00\x00\x00\x00\x00\x00\x00\x00\x00\x00\x00\x00\x00\x00\x00\x00\x00\x00\x00\x00\x00\x00\x00\x00\x00\x00\x00\x00\x00\x00\x00\x00\x00\x00\x00\x00\x00\x00\x00\x00\x00\x00\x00\x00\x00\x00\x00\x00\x00\x00\x00\x00\x00\x00\x00\x00\x00\x00\x00\x00\x00\x00\x00\x00\x00\x00\x00\x00\x00\x00\x00\x00\x00\x00\x00\x00\x00\x00\x00\x00\x00\x00\x00\x00\x00\x00\x00\x00\x00\x00\x00\x00\x00\x00\x00\x00\x00\x00\x00\x00\x00\x00\x00\x00\x00\x00\x00\x00\x00\x00')
2021-09-08 14:24:17,859 root DEBUG gap.py                    743   gap_read_ctrl_info        : received Header(svc_id=1, op=3, ctrl_index=0, data_len=277) (b'\xee\xd2\xbf\xd1\x0e\xf9\x13\x06\x00\x00\x13\x82\x00\x00\x00\x00\x00btp_tester\x00\x00\x00\x00\x00\x00\x00\x00\x00\x00\x00\x00\x00\x00\x00\x00\x00\x00\x00\x00\x00\x00\x00\x00\x00\x00\x00\x00\x00\x00\x00\x00\x00\x00\x00\x00\x00\x00\x00\x00\x00\x00\x00\x00\x00\x00\x00\x00\x00\x00\x00\x00\x00\x00\x00\x00\x00\x00\x00\x00\x00\x00\x00\x00\x00\x00\x00\x00\x00\x00\x00\x00\x00\x00\x00\x00\x00\x00\x00\x00\x00\x00\x00\x00\x00\x00\x00\x00\x00\x00\x00\x00\x00\x00\x00\x00\x00\x00\x00\x00\x00\x00\x00\x00\x00\x00\x00\x00\x00\x00\x00\x00\x00\x00\x00\x00\x00\x00\x00\x00\x00\x00\x00\x00\x00\x00\x00\x00\x00\x00\x00\x00\x00\x00\x00\x00\x00\x00\x00\x00\x00\x00\x00\x00\x00\x00\x00\x00\x00\x00\x00\x00\x00\x00\x00\x00\x00\x00\x00\x00\x00\x00\x00\x00\x00\x00\x00\x00\x00\x00\x00\x00\x00\x00\x00\x00\x00\x00\x00\x00\x00\x00\x00\x00\x00\x00\x00\x00\x00\x00\x00\x00\x00\x00\x00\x00\x00\x00\x00\x00\x00\x00\x00\x00\x00\x00\x00\x00\x00\x00\x00\x00\x00\x00\x00\x00\x00\x00\x00\x00\x00\x00\x00\x00\x00\x00\x00\x00\x00\x00\x00\x00\x00\x00\x00\x00\x00\x00\x00\x00\x00\x00\x00\x00\x00\x00\x00\x00\x00\x00',)
2021-09-08 14:24:17,859 root DEBUG gap.py                    764   gap_read_ctrl_info        : IUT address 'f90ed1bfd2ee'
2021-09-08 14:24:17,859 root DEBUG gap.py                    250   __gap_current_settings_update : __gap_current_settings_update 33299
2021-09-08 14:24:17,859 root DEBUG testcase.py               246   start                     : Starting test function: class=<class 'ptsprojects.testcase.TestFunc'>, func=<function test_cases.<locals>.<lambda> at 0x00000258758AE9D0> start_wid=None stop_wid=None post_wid=None skip_call=None call_count=1 args=() kwds={}
2021-09-08 14:24:17,859 root DEBUG testcase.py               258   start                     : Test function parameters: args=(), kwds={}
2021-09-08 14:24:17,859 root DEBUG testcase.py               246   start                     : Starting test function: class=<class 'ptsprojects.testcase.TestFunc'>, func=<function test_cases.<locals>.<lambda> at 0x00000258758AE940> start_wid=None stop_wid=None post_wid=None skip_call=None call_count=1 args=() kwds={}
2021-09-08 14:24:17,859 root DEBUG testcase.py               258   start                     : Test function parameters: args=(), kwds={}
2021-09-08 14:24:17,859 root DEBUG testcase.py               246   start                     : Starting test function: class=<class 'ptsprojects.testcase.TestFunc'>, func=<function test_cases.<locals>.<lambda> at 0x00000258758AEA60> start_wid=None stop_wid=None post_wid=None skip_call=None call_count=1 args=() kwds={}
2021-09-08 14:24:17,859 root DEBUG testcase.py               258   start                     : Test function parameters: args=(), kwds={}
2021-09-08 14:24:17,876 root DEBUG testcase.py               246   start                     : Starting test function: class=<class 'ptsprojects.testcase.TestFunc'>, func=<function test_cases.<locals>.<lambda> at 0x00000258758AEAF0> start_wid=None stop_wid=None post_wid=None skip_call=None call_count=1 args=() kwds={}
2021-09-08 14:24:17,876 root DEBUG testcase.py               258   start                     : Test function parameters: args=(), kwds={}
2021-09-08 14:24:17,876 root DEBUG testcase.py               246   start                     : Starting test function: class=<class 'ptsprojects.testcase.TestFunc'>, func=<function test_cases.<locals>.<lambda> at 0x00000258758AEB80> start_wid=None stop_wid=None post_wid=None skip_call=None call_count=1 args=() kwds={}
2021-09-08 14:24:17,876 root DEBUG testcase.py               258   start                     : Test function parameters: args=(), kwds={}
2021-09-08 14:24:17,890 root DEBUG testcase.py               246   start                     : Starting test function: class=<class 'ptsprojects.testcase.TestFunc'>, func=<function test_cases.<locals>.<lambda> at 0x00000258758AEC10> start_wid=None stop_wid=None post_wid=None skip_call=None call_count=1 args=() kwds={}
2021-09-08 14:24:17,890 root DEBUG testcase.py               258   start                     : Test function parameters: args=(), kwds={}
2021-09-08 14:24:17,890 root DEBUG testcase.py               246   start                     : Starting test function: class=<class 'ptsprojects.testcase.TestFunc'>, func=<function test_cases.<locals>.<lambda> at 0x00000258758AECA0> start_wid=None stop_wid=None post_wid=None skip_call=None call_count=1 args=() kwds={}
2021-09-08 14:24:17,890 root DEBUG testcase.py               258   start                     : Test function parameters: args=(), kwds={}
2021-09-08 14:24:17,906 root DEBUG autoptsclient_common.py   270   set_current_test_case     : CallbackThread.set_current_test_case MESH/NODE/BCN/SNB/BV-01-C
2021-09-08 14:24:27,469 ClientCallback.on_implicit_send INFO autoptsclient_common.py   169   on_implicit_send          : ********************
2021-09-08 14:24:27,469 ClientCallback.on_implicit_send INFO autoptsclient_common.py   170   on_implicit_send          : BEGIN OnImplicitSend:
2021-09-08 14:24:27,469 ClientCallback.on_implicit_send INFO autoptsclient_common.py   171   on_implicit_send          : project_name: MESH
2021-09-08 14:24:27,469 ClientCallback.on_implicit_send INFO autoptsclient_common.py   172   on_implicit_send          : wid: 13
2021-09-08 14:24:27,469 ClientCallback.on_implicit_send INFO autoptsclient_common.py   173   on_implicit_send          : test_case_name: MESH/NODE/BCN/SNB/BV-01-C
2021-09-08 14:24:27,469 ClientCallback.on_implicit_send INFO autoptsclient_common.py   174   on_implicit_send          : description: There is no shared security information. Please remove any security information if any. PTS is waiting for beacon to start provisioning from IUT with UUID value indicated in 'TSPX_device_uuid'
2021-09-08 14:24:27,469 ClientCallback.on_implicit_send INFO autoptsclient_common.py   175   on_implicit_send          : style: MMI_Style_Ok_Cancel2 0x11141
2021-09-08 14:24:27,469 ClientCallback.on_implicit_send INFO autoptsclient_common.py   181   on_implicit_send          : Calling test cases on_implicit_send
2021-09-08 14:24:27,469 root DEBUG testcase.py               675   on_implicit_send          : MESH MESH/NODE/BCN/SNB/BV-01-C on_implicit_send
2021-09-08 14:24:27,469 root DEBUG testcase.py               619   join_post_wid_thread      : MESH MESH/NODE/BCN/SNB/BV-01-C join_post_wid_thread
2021-09-08 14:24:27,469 root DEBUG testcase.py               621   join_post_wid_thread      : self.post_wid_thread None
2021-09-08 14:24:27,485 root DEBUG mesh.py                   50    mesh_wid_hdl              : mesh_wid_hdl, 13, "There is no shared security information. Please remove any security information if any. PTS is waiting for beacon to start provisioning from IUT with UUID value indicated in 'TSPX_device_uuid'", MESH/NODE/BCN/SNB/BV-01-C
2021-09-08 14:24:27,485 root DEBUG mesh.py                   89    mesh_config_prov          : mesh_config_prov
2021-09-08 14:24:27,485 root DEBUG iutctl_common.py          119   send                      : send, 4 2 0 "bytearray(b'\\xf9\\xfd\\xa2+|\\xc4L\\xc4\\x94\\xdb\\x12V\\x88\\xd0\\xd3\\xa9\\x00\\x00\\x00\\x00\\x00\\x00\\x00\\x00\\x00\\x00\\x00\\x00\\x00\\x00\\x00\\x00\\x02\\x18\\x00\\x01\\x04\\x00')"
2021-09-08 14:24:27,485 root DEBUG iutctl_common.py          122   send                      : btpclient command: send 4 2 0 "bytearray(b'\\xf9\\xfd\\xa2+|\\xc4L\\xc4\\x94\\xdb\\x12V\\x88\\xd0\\xd3\\xa9\\x00\\x00\\x00\\x00\\x00\\x00\\x00\\x00\\x00\\x00\\x00\\x00\\x00\\x00\\x00\\x00\\x02\\x18\\x00\\x01\\x04\\x00')"
2021-09-08 14:24:27,485 root DEBUG iutctl_common.py          127   send                      : sending frame b'\x04\x02\x00&\x00\xf9\xfd\xa2+|\xc4L\xc4\x94\xdb\x12V\x88\xd0\xd3\xa9\x00\x00\x00\x00\x00\x00\x00\x00\x00\x00\x00\x00\x00\x00\x00\x00\x02\x18\x00\x01\x04\x00'
2021-09-08 14:24:27,485 root DEBUG iutctl_common.py          176   read                      : read
2021-09-08 14:24:27,562 root DEBUG iutctl_common.py          100   read                      : Received: hdr: Header(svc_id=4, op=2, ctrl_index=0, data_len=0) bytearray(b'\x04\x02\x00\x00\x00')
2021-09-08 14:24:27,594 root DEBUG iutctl_common.py          113   read                      : Received data: "('',)", bytearray(b'')
2021-09-08 14:24:27,625 root DEBUG mesh.py                   127   mesh_init                 : mesh_init
2021-09-08 14:24:27,625 root DEBUG iutctl_common.py          119   send                      : send, 4 4 0 ''
2021-09-08 14:24:27,625 root DEBUG iutctl_common.py          122   send                      : btpclient command: send 4 4 0 ''
2021-09-08 14:24:27,625 root DEBUG iutctl_common.py          127   send                      : sending frame b'\x04\x04\x00\x00\x00'
2021-09-08 14:24:27,625 root DEBUG iutctl_common.py          176   read                      : read
2021-09-08 14:24:27,719 root DEBUG iutctl_common.py          100   read                      : Received: hdr: Header(svc_id=4, op=4, ctrl_index=0, data_len=0) bytearray(b'\x04\x04\x00\x00\x00')
2021-09-08 14:24:27,750 root DEBUG iutctl_common.py          113   read                      : Received data: "('',)", bytearray(b'')
2021-09-08 14:24:27,797 root DEBUG testcase.py               713   on_implicit_send          : Sending response 'OK'
2021-09-08 14:24:27,797 ClientCallback.on_implicit_send INFO autoptsclient_common.py   186   on_implicit_send          : test case returned on_implicit_send, response: OK
2021-09-08 14:24:27,797 ClientCallback.on_implicit_send INFO autoptsclient_common.py   196   on_implicit_send          : END OnImplicitSend:
2021-09-08 14:24:27,797 root DEBUG iutctl_common.py          100   read                      : Received: hdr: Header(svc_id=4, op=132, ctrl_index=0, data_len=1) bytearray(b'\x04\x84\x00\x01\x00')
2021-09-08 14:24:27,797 ClientCallback.on_implicit_send INFO autoptsclient_common.py   197   on_implicit_send          : ********************
2021-09-08 14:24:27,797 root DEBUG iutctl_common.py          113   read                      : Received data: "('\x00',)", bytearray(b'\x00')
2021-09-08 14:24:27,797 root DEBUG btp.py                    423   event_handler             : event_handler Header(svc_id=4, op=132, ctrl_index=0, data_len=1) (b'\x00',)
2021-09-08 14:24:27,797 root DEBUG mesh.py                   379   mesh_prov_link_open_ev    : mesh_prov_link_open_ev b'\x00'
2021-09-08 14:24:30,422 root DEBUG iutctl_common.py          100   read                      : Received: hdr: Header(svc_id=4, op=131, ctrl_index=0, data_len=0) bytearray(b'\x04\x83\x00\x00\x00')
2021-09-08 14:24:30,422 root DEBUG iutctl_common.py          113   read                      : Received data: "('',)", bytearray(b'')
2021-09-08 14:24:30,422 root DEBUG btp.py                    423   event_handler             : event_handler Header(svc_id=4, op=131, ctrl_index=0, data_len=0) (b'',)
2021-09-08 14:24:30,422 root DEBUG mesh.py                   369   mesh_provisioned_ev       : mesh_provisioned_ev b''
2021-09-08 14:24:31,844 root DEBUG iutctl_common.py          100   read                      : Received: hdr: Header(svc_id=4, op=133, ctrl_index=0, data_len=1) bytearray(b'\x04\x85\x00\x01\x00')
2021-09-08 14:24:31,844 root DEBUG iutctl_common.py          113   read                      : Received data: "('\x00',)", bytearray(b'\x00')
2021-09-08 14:24:31,844 root DEBUG btp.py                    423   event_handler             : event_handler Header(svc_id=4, op=133, ctrl_index=0, data_len=1) (b'\x00',)
2021-09-08 14:24:31,844 root DEBUG mesh.py                   387   mesh_prov_link_closed_ev  : mesh_prov_link_closed_ev b'\x00'
2021-09-08 14:24:33,016 root DEBUG iutctl_common.py          100   read                      : Received: hdr: Header(svc_id=4, op=134, ctrl_index=0, data_len=22) bytearray(b'\x04\x86\x00\x16\x00')
2021-09-08 14:24:33,016 root DEBUG iutctl_common.py          113   read                      : Received data: "('\x03\x00\x01\x00\x02\x00\x0f\x80\x80\x00\x00O³W^9×ûãÞ\x16_',)", bytearray(b'\x03\x00\x01\x00\x02\x00\x0f\x80\x80\x00\x00O\xb3W^9\xd7\xfb\xe3\xde\x16_')
2021-09-08 14:24:33,016 root DEBUG btp.py                    423   event_handler             : event_handler Header(svc_id=4, op=134, ctrl_index=0, data_len=22) (b'\x03\x00\x01\x00\x02\x00\x0f\x80\x80\x00\x00O\xb3W^9\xd7\xfb\xe3\xde\x16_',)
2021-09-08 14:24:33,437 root DEBUG iutctl_common.py          100   read                      : Received: hdr: Header(svc_id=4, op=134, ctrl_index=0, data_len=14) bytearray(b'\x04\x86\x00\x0e\x00')
2021-09-08 14:24:33,437 root DEBUG iutctl_common.py          113   read                      : Received data: "('\x07\x01\x01\x00\x02\x00\x07\x00\x00\x04\x00\x00\x00\x07',)", bytearray(b'\x07\x01\x01\x00\x02\x00\x07\x00\x00\x04\x00\x00\x00\x07')
2021-09-08 14:24:33,437 root DEBUG btp.py                    423   event_handler             : event_handler Header(svc_id=4, op=134, ctrl_index=0, data_len=14) (b'\x07\x01\x01\x00\x02\x00\x07\x00\x00\x04\x00\x00\x00\x07',)
2021-09-08 14:24:34,625 root DEBUG iutctl_common.py          100   read                      : Received: hdr: Header(svc_id=4, op=134, ctrl_index=0, data_len=22) bytearray(b'\x04\x86\x00\x16\x00')
2021-09-08 14:24:34,641 root DEBUG iutctl_common.py          113   read                      : Received data: "('\x03\x00\x01\x00\x02\x00\x0f\x80\x80\x08\x00#\x0b\x19á?ûÆ1Äm\x93',)", bytearray(b'\x03\x00\x01\x00\x02\x00\x0f\x80\x80\x08\x00#\x0b\x19\xe1?\xfb\xc61\xc4m\x93')
2021-09-08 14:24:34,641 root DEBUG btp.py                    423   event_handler             : event_handler Header(svc_id=4, op=134, ctrl_index=0, data_len=22) (b'\x03\x00\x01\x00\x02\x00\x0f\x80\x80\x08\x00#\x0b\x19\xe1?\xfb\xc61\xc4m\x93',)
2021-09-08 14:24:40,609 ClientCallback.on_implicit_send INFO autoptsclient_common.py   169   on_implicit_send          : ********************
2021-09-08 14:24:40,609 ClientCallback.on_implicit_send INFO autoptsclient_common.py   170   on_implicit_send          : BEGIN OnImplicitSend:
2021-09-08 14:24:40,609 ClientCallback.on_implicit_send INFO autoptsclient_common.py   171   on_implicit_send          : project_name: MESH
2021-09-08 14:24:40,609 ClientCallback.on_implicit_send INFO autoptsclient_common.py   172   on_implicit_send          : wid: 90
2021-09-08 14:24:40,609 ClientCallback.on_implicit_send INFO autoptsclient_common.py   173   on_implicit_send          : test_case_name: MESH/NODE/BCN/SNB/BV-01-C
2021-09-08 14:24:40,609 ClientCallback.on_implicit_send INFO autoptsclient_common.py   174   on_implicit_send          : description: Please order IUT to send secure network beacon to the PTS. PTS will wait for 60 seconds
2021-09-08 14:24:40,609 ClientCallback.on_implicit_send INFO autoptsclient_common.py   175   on_implicit_send          : style: MMI_Style_Ok_Cancel2 0x11141
2021-09-08 14:24:40,609 ClientCallback.on_implicit_send INFO autoptsclient_common.py   181   on_implicit_send          : Calling test cases on_implicit_send
2021-09-08 14:24:40,609 root DEBUG testcase.py               675   on_implicit_send          : MESH MESH/NODE/BCN/SNB/BV-01-C on_implicit_send
2021-09-08 14:24:40,609 root DEBUG testcase.py               619   join_post_wid_thread      : MESH MESH/NODE/BCN/SNB/BV-01-C join_post_wid_thread
2021-09-08 14:24:40,609 root DEBUG testcase.py               621   join_post_wid_thread      : self.post_wid_thread None
2021-09-08 14:24:40,609 root DEBUG mesh.py                   50    mesh_wid_hdl              : mesh_wid_hdl, 90, 'Please order IUT to send secure network beacon to the PTS. PTS will wait for 60 seconds', MESH/NODE/BCN/SNB/BV-01-C
2021-09-08 14:24:40,609 root DEBUG testcase.py               713   on_implicit_send          : Sending response 'OK'
2021-09-08 14:24:40,609 ClientCallback.on_implicit_send INFO autoptsclient_common.py   186   on_implicit_send          : test case returned on_implicit_send, response: OK
2021-09-08 14:24:40,609 ClientCallback.on_implicit_send INFO autoptsclient_common.py   196   on_implicit_send          : END OnImplicitSend:
2021-09-08 14:24:40,609 ClientCallback.on_implicit_send INFO autoptsclient_common.py   197   on_implicit_send          : ********************
2021-09-08 14:24:44,344 ClientCallback.log INFO autoptsclient_common.py   133   log                       : PTS_LOGTYPE_START_TEST Start Test Case 

+1703 ms
 MESH/NODE/BCN/SNB/BV-01-C MESH/NODE/BCN/SNB/BV-01-C

2021-09-08 14:24:44,344 root DEBUG testcase.py               464   log                       : New status MESH MESH/NODE/BCN/SNB/BV-01-C - Started
2021-09-08 14:24:46,344 ClientCallback.log INFO autoptsclient_common.py   133   log                       : PTS_LOGTYPE_FINAL_VERDICT Final Verdict 

+23515 ms
 MESH/NODE/BCN/SNB/BV-01-C PASS

2021-09-08 14:24:46,344 root DEBUG testcase.py               464   log                       : New status MESH MESH/NODE/BCN/SNB/BV-01-C - PASS
2021-09-08 14:24:46,359 ClientCallback.log INFO autoptsclient_common.py   133   log                       : PTS_LOGTYPE_FINAL_VERDICT Encrypted Verdict 

+23515 ms
 MESH/NODE/BCN/SNB/BV-01-C A1#NzViZDljMjA3ZTRhM2M2NGRiOTBhMmUwZWIwOGE3ZDRmZmYzMzcyZDc4NTE1MjZjZDZmNGE0Mzc2NTQ3NzgwNA==#2A5Z8XURI4kk9Jqt4D+e0N4x4swfeAPq4zqAw8C/00vFhgbRM7bgN35X8zGjW9Po0P8NJLN1MOw=

2021-09-08 14:24:46,359 ClientCallback.log INFO autoptsclient_common.py   133   log                       : PTS_LOGTYPE_END_TEST Test Case Ended 

+23515 ms
 MESH/NODE/BCN/SNB/BV-01-C MESH/NODE/BCN/SNB/BV-01-C

2021-09-08 14:24:46,516 root DEBUG autoptsclient_common.py   802   run_test_case_thread_entry : After run_test_case error_code='' status='PASS'
2021-09-08 14:24:46,516 root DEBUG autoptsclient_common.py   278   error_code                : CallbackThread.error_code
2021-09-08 14:24:46,516 root DEBUG autoptsclient_common.py   292   cleanup                   : CallbackThread.cleanup
2021-09-08 14:24:47,532 root DEBUG testcase.py               758   post_run                  : post_run MESH MESH/NODE/BCN/SNB/BV-01-C 
2021-09-08 14:24:47,532 root DEBUG testcase.py               246   start                     : Starting test function: class=<class 'ptsprojects.testcase.TestFuncCleanUp'>, func=<bound method Stack.cleanup of <ptsprojects.stack.Stack object at 0x0000025875611190>> start_wid=None stop_wid=None post_wid=None skip_call=None call_count=1 args=() kwds={}
2021-09-08 14:24:47,532 root DEBUG testcase.py               258   start                     : Test function parameters: args=(), kwds={}
2021-09-08 14:24:47,532 root DEBUG autoptsclient_common.py   287   clear_pending_responses   : CallbackThread.clear_pending_responses
2021-09-08 14:24:47,532 root DEBUG testcase.py               246   start                     : Starting test function: class=<class 'ptsprojects.testcase.TestFuncCleanUp'>, func=<bound method ZephyrCtl.stop of <ptsprojects.zephyr.iutctl.ZephyrCtl object at 0x00000258755FA880>> start_wid=None stop_wid=None post_wid=None skip_call=None call_count=1 args=() kwds={}
2021-09-08 14:24:47,532 root DEBUG testcase.py               258   start                     : Test function parameters: args=(), kwds={}
2021-09-08 14:24:47,532 root DEBUG iutctl.py                 242   stop                      : <class 'ptsprojects.zephyr.iutctl.ZephyrCtl'>.stop
2021-09-08 14:24:50,792 root DEBUG testcase.py               783   post_run                  : post_run, cleanup running pre test case script
2021-09-08 14:24:50,792 root DEBUG testcase.py               793   post_run                  : post_run, run post test case script
2021-09-08 14:24:51,996 root DEBUG autoptsclient_common.py   832   run_test_case_thread_entry : Done TestCase wrapper MESH MESH/NODE/BCN/SNB/BV-01-C
