Applying system reset.
Run.
> 2021/09/24 11:17:35.480127  length=5 from=0 to=4
 00 80 ff 00 00                                   .....
--
< 2021/09/24 11:17:35.532767  length=6 from=0 to=5
 00 03 ff 01 00 01                                ......
--
> 2021/09/24 11:17:35.537676  length=5 from=5 to=9
 00 03 ff 00 00                                   .....
--
< 2021/09/24 11:17:35.565898  length=6 from=6 to=11
 00 03 ff 01 00 03                                ......
--
> 2021/09/24 11:17:35.567649  length=5 from=10 to=14
 00 03 ff 00 00                                   .....
--
< 2021/09/24 11:17:35.601430  length=5 from=12 to=16
 01 03 00 00 00                                   .....
--
> 2021/09/24 11:17:35.800879  length=9 from=15 to=23
 01 03 00 15 01 ee d2 bf d1                       .........
--
> 2021/09/24 11:17:35.801663  length=12 from=24 to=35
 0e f9 13 06 00 00 13 82 00 00 00 00              ............
--
> 2021/09/24 11:17:35.802623  length=11 from=36 to=46
 00 62 74 70 5f 74 65 73 74 65 72                 .btp_tester
--
> 2021/09/24 11:17:35.803652  length=12 from=47 to=58
 00 00 00 00 00 00 00 00 00 00 00 00              ............
--
> 2021/09/24 11:17:35.804607  length=12 from=59 to=70
 00 00 00 00 00 00 00 00 00 00 00 00              ............
--
> 2021/09/24 11:17:35.805625  length=11 from=71 to=81
 00 00 00 00 00 00 00 00 00 00 00                 ...........
--
> 2021/09/24 11:17:35.806632  length=12 from=82 to=93
 00 00 00 00 00 00 00 00 00 00 00 00              ............
--
> 2021/09/24 11:17:35.807620  length=11 from=94 to=104
 00 00 00 00 00 00 00 00 00 00 00                 ...........
--
> 2021/09/24 11:17:35.807760  length=1 from=105 to=105
 00                                               .
--
> 2021/09/24 11:17:35.808604  length=11 from=106 to=116
 00 00 00 00 00 00 00 00 00 00 00                 ...........
--
> 2021/09/24 11:17:35.809635  length=12 from=117 to=128
 00 00 00 00 00 00 00 00 00 00 00 00              ............
--
> 2021/09/24 11:17:35.810623  length=11 from=129 to=139
 00 00 00 00 00 00 00 00 00 00 00                 ...........
--
> 2021/09/24 11:17:35.811630  length=12 from=140 to=151
 00 00 00 00 00 00 00 00 00 00 00 00              ............
--
> 2021/09/24 11:17:35.812604  length=11 from=152 to=162
 00 00 00 00 00 00 00 00 00 00 00                 ...........
--
> 2021/09/24 11:17:35.813663  length=12 from=163 to=174
 00 00 00 00 00 00 00 00 00 00 00 00              ............
--
> 2021/09/24 11:17:35.814632  length=11 from=175 to=185
 00 00 00 00 00 00 00 00 00 00 00                 ...........
--
> 2021/09/24 11:17:35.815630  length=12 from=186 to=197
 00 00 00 00 00 00 00 00 00 00 00 00              ............
--
> 2021/09/24 11:17:35.816638  length=11 from=198 to=208
 00 00 00 00 00 00 00 00 00 00 00                 ...........
--
> 2021/09/24 11:17:35.817655  length=12 from=209 to=220
 00 00 00 00 00 00 00 00 00 00 00 00              ............
--
> 2021/09/24 11:17:35.818608  length=12 from=221 to=232
 00 00 00 00 00 00 00 00 00 00 00 00              ............
--
> 2021/09/24 11:17:35.819631  length=11 from=233 to=243
 00 00 00 00 00 00 00 00 00 00 00                 ...........
--
> 2021/09/24 11:17:35.820598  length=12 from=244 to=255
 00 00 00 00 00 00 00 00 00 00 00 00              ............
--
> 2021/09/24 11:17:35.821619  length=11 from=256 to=266
 00 00 00 00 00 00 00 00 00 00 00                 ...........
--
> 2021/09/24 11:17:35.822584  length=12 from=267 to=278
 00 00 00 00 00 00 00 00 00 00 00 00              ............
--
> 2021/09/24 11:17:35.823984  length=12 from=279 to=290
 00 00 00 00 00 00 00 00 00 00 00 00              ............
--
> 2021/09/24 11:17:35.824582  length=6 from=291 to=296
 00 00 00 00 00 00                                ......
--
< 2021/09/24 11:17:35.881472  length=12 from=17 to=28
 03 05 00 07 00 27 00 01 78 00 00 00              .....'..x...
--
> 2021/09/24 11:17:35.883624  length=6 from=297 to=302
 03 00 00 01 00 01                                ......
--
