Applying system reset.
Run.
> 2021/09/24 11:19:27.503181  length=5 from=0 to=4
 00 80 ff 00 00                                   .....
--
< 2021/09/24 11:19:27.564124  length=6 from=0 to=5
 00 03 ff 01 00 01                                ......
--
> 2021/09/24 11:19:27.569225  length=5 from=5 to=9
 00 03 ff 00 00                                   .....
--
< 2021/09/24 11:19:27.603293  length=6 from=6 to=11
 00 03 ff 01 00 03                                ......
--
> 2021/09/24 11:19:27.605200  length=5 from=10 to=14
 00 03 ff 00 00                                   .....
--
< 2021/09/24 11:19:27.643361  length=5 from=12 to=16
 01 03 00 00 00                                   .....
--
> 2021/09/24 11:19:27.836522  length=2 from=15 to=16
 01 03                                            ..
--
> 2021/09/24 11:19:27.837197  length=12 from=17 to=28
 00 15 01 ee d2 bf d1 0e f9 13 06 00              ............
--
> 2021/09/24 11:19:27.838294  length=11 from=29 to=39
 00 13 82 00 00 00 00 00 62 74 70                 ........btp
--
> 2021/09/24 11:19:27.839234  length=12 from=40 to=51
 5f 74 65 73 74 65 72 00 00 00 00 00              _tester.....
--
> 2021/09/24 11:19:27.840232  length=12 from=52 to=63
 00 00 00 00 00 00 00 00 00 00 00 00              ............
--
> 2021/09/24 11:19:27.841211  length=11 from=64 to=74
 00 00 00 00 00 00 00 00 00 00 00                 ...........
--
> 2021/09/24 11:19:27.842246  length=12 from=75 to=86
 00 00 00 00 00 00 00 00 00 00 00 00              ............
--
> 2021/09/24 11:19:27.843262  length=11 from=87 to=97
 00 00 00 00 00 00 00 00 00 00 00                 ...........
--
> 2021/09/24 11:19:27.844290  length=12 from=98 to=109
 00 00 00 00 00 00 00 00 00 00 00 00              ............
--
> 2021/09/24 11:19:27.845243  length=12 from=110 to=121
 00 00 00 00 00 00 00 00 00 00 00 00              ............
--
> 2021/09/24 11:19:27.846240  length=11 from=122 to=132
 00 00 00 00 00 00 00 00 00 00 00                 ...........
--
> 2021/09/24 11:19:27.847285  length=11 from=133 to=143
 00 00 00 00 00 00 00 00 00 00 00                 ...........
--
> 2021/09/24 11:19:27.848304  length=12 from=144 to=155
 00 00 00 00 00 00 00 00 00 00 00 00              ............
--
> 2021/09/24 11:19:27.849275  length=11 from=156 to=166
 00 00 00 00 00 00 00 00 00 00 00                 ...........
--
> 2021/09/24 11:19:27.850252  length=12 from=167 to=178
 00 00 00 00 00 00 00 00 00 00 00 00              ............
--
> 2021/09/24 11:19:27.851222  length=11 from=179 to=189
 00 00 00 00 00 00 00 00 00 00 00                 ...........
--
> 2021/09/24 11:19:27.852166  length=12 from=190 to=201
 00 00 00 00 00 00 00 00 00 00 00 00              ............
--
> 2021/09/24 11:19:27.853216  length=12 from=202 to=213
 00 00 00 00 00 00 00 00 00 00 00 00              ............
--
> 2021/09/24 11:19:27.854238  length=11 from=214 to=224
 00 00 00 00 00 00 00 00 00 00 00                 ...........
--
> 2021/09/24 11:19:27.855235  length=12 from=225 to=236
 00 00 00 00 00 00 00 00 00 00 00 00              ............
--
> 2021/09/24 11:19:27.856237  length=12 from=237 to=248
 00 00 00 00 00 00 00 00 00 00 00 00              ............
--
> 2021/09/24 11:19:27.857162  length=11 from=249 to=259
 00 00 00 00 00 00 00 00 00 00 00                 ...........
--
> 2021/09/24 11:19:27.858237  length=12 from=260 to=271
 00 00 00 00 00 00 00 00 00 00 00 00              ............
--
> 2021/09/24 11:19:27.859286  length=11 from=272 to=282
 00 00 00 00 00 00 00 00 00 00 00                 ...........
--
> 2021/09/24 11:19:27.860304  length=12 from=283 to=294
 00 00 00 00 00 00 00 00 00 00 00 00              ............
--
> 2021/09/24 11:19:27.861275  length=2 from=295 to=296
 00 00                                            ..
--
< 2021/09/24 11:19:27.923226  length=12 from=17 to=28
 03 05 00 07 00 27 00 01 78 00 00 00              .....'..x...
--
> 2021/09/24 11:19:27.925234  length=5 from=297 to=301
 03 05 00 00 00                                   .....
--
< 2021/09/24 11:19:37.652441  length=13 from=29 to=41
 01 0e 00 08 00 00 35 1c f2 dc 1b 00 00           ......5......
--
> 2021/09/24 11:19:37.655433  length=5 from=302 to=306
 01 0e 00 00 00                                   .....
--
> 2021/09/24 11:19:38.123423  length=9 from=307 to=315
 01 82 00 0d 00 00 35 1c f2                       ......5..
--
> 2021/09/24 11:19:38.124463  length=9 from=316 to=324
 dc 1b 00 28 00 00 00 90 01                       ...(.....
--
> 2021/09/24 11:19:39.574666  length=3 from=325 to=327
 01 83 00                                         ...
--
> 2021/09/24 11:19:39.575468  length=9 from=328 to=336
 07 00 00 35 1c f2 dc 1b 00                       ...5.....
--
