2021-09-24 11:19:22,204 root DEBUG autoptsclient_common.py   792   run_test_case_thread_entry : Starting TestCase wrapper L2CAP L2CAP/ECFC/BV-26-C
2021-09-24 11:19:22,204 root DEBUG testcase.py               718   pre_run                   : pre_run L2CAP L2CAP/ECFC/BV-26-C
2021-09-24 11:19:22,204 root DEBUG testcase.py               720   pre_run                   : About to run test case L2CAP L2CAP/ECFC/BV-26-C with commands:
2021-09-24 11:19:22,204 root DEBUG testcase.py               723   pre_run                   : 0) class=<class 'ptsprojects.testcase.TestFunc'>, func=<bound method ZephyrCtl.start of <ptsprojects.zephyr.iutctl.ZephyrCtl object at 0x7ff4e0e62970>> start_wid=None stop_wid=None post_wid=None skip_call=None call_count=0 args=(<ptsprojects.zephyr.ztestcase.ZTestCase object at 0x7ff4e04dc820>,) kwds={}
2021-09-24 11:19:22,204 root DEBUG testcase.py               723   pre_run                   : 1) class=<class 'ptsprojects.testcase.TestFunc'>, func=<bound method ZephyrCtl.wait_iut_ready_event of <ptsprojects.zephyr.iutctl.ZephyrCtl object at 0x7ff4e0e62970>> start_wid=None stop_wid=None post_wid=None skip_call=None call_count=0 args=() kwds={}
2021-09-24 11:19:22,204 root DEBUG testcase.py               723   pre_run                   : 2) class=<class 'ptsprojects.testcase.TestFunc'>, func=<function core_reg_svc_gap at 0x7ff4e258d280> start_wid=None stop_wid=None post_wid=None skip_call=None call_count=0 args=() kwds={}
2021-09-24 11:19:22,204 root DEBUG testcase.py               723   pre_run                   : 3) class=<class 'ptsprojects.testcase.TestFunc'>, func=<function core_reg_svc_l2cap at 0x7ff4e258d4c0> start_wid=None stop_wid=None post_wid=None skip_call=None call_count=0 args=() kwds={}
2021-09-24 11:19:22,204 root DEBUG testcase.py               723   pre_run                   : 4) class=<class 'ptsprojects.testcase.TestFunc'>, func=<function gap_read_ctrl_info at 0x7ff4e2598700> start_wid=None stop_wid=None post_wid=None skip_call=None call_count=0 args=() kwds={}
2021-09-24 11:19:22,204 root DEBUG testcase.py               723   pre_run                   : 5) class=<class 'ptsprojects.testcase.TestFunc'>, func=<function test_cases.<locals>.<lambda> at 0x7ff4e0628820> start_wid=None stop_wid=None post_wid=None skip_call=None call_count=0 args=() kwds={}
2021-09-24 11:19:22,204 root DEBUG testcase.py               723   pre_run                   : 6) class=<class 'ptsprojects.testcase.TestFunc'>, func=<function test_cases.<locals>.<lambda> at 0x7ff4e06288b0> start_wid=None stop_wid=None post_wid=None skip_call=None call_count=0 args=() kwds={}
2021-09-24 11:19:22,204 root DEBUG testcase.py               723   pre_run                   : 7) class=<class 'ptsprojects.testcase.TestFunc'>, func=<function test_cases.<locals>.<lambda> at 0x7ff4e0628940> start_wid=None stop_wid=None post_wid=None skip_call=None call_count=0 args=() kwds={}
2021-09-24 11:19:22,204 root DEBUG testcase.py               723   pre_run                   : 8) class=<class 'ptsprojects.testcase.TestFunc'>, func=<function test_cases.<locals>.<lambda> at 0x7ff4e06289d0> start_wid=None stop_wid=None post_wid=None skip_call=None call_count=0 args=() kwds={}
2021-09-24 11:19:22,204 root DEBUG testcase.py               723   pre_run                   : 9) class=<class 'ptsprojects.testcase.TestFunc'>, func=<function test_cases.<locals>.<lambda> at 0x7ff4e0628a60> start_wid=None stop_wid=None post_wid=None skip_call=None call_count=0 args=() kwds={}
2021-09-24 11:19:22,204 root DEBUG testcase.py               723   pre_run                   : 10) class=<class 'ptsprojects.testcase.TestFunc'>, func=<function test_cases.<locals>.<lambda> at 0x7ff4e0628af0> start_wid=None stop_wid=None post_wid=None skip_call=None call_count=0 args=() kwds={}
2021-09-24 11:19:22,204 root DEBUG testcase.py               723   pre_run                   : 11) class=<class 'ptsprojects.testcase.TestFunc'>, func=<function test_cases.<locals>.<lambda> at 0x7ff4e0628b80> start_wid=None stop_wid=None post_wid=None skip_call=None call_count=0 args=() kwds={}
2021-09-24 11:19:22,205 root DEBUG testcase.py               723   pre_run                   : 12) class=<class 'ptsprojects.testcase.TestFunc'>, func=<function test_cases.<locals>.<lambda> at 0x7ff4e0628c10> start_wid=None stop_wid=None post_wid=None skip_call=None call_count=0 args=() kwds={}
2021-09-24 11:19:22,205 root DEBUG testcase.py               723   pre_run                   : 13) class=<class 'ptsprojects.testcase.TestFunc'>, func=<function test_cases.<locals>.<lambda> at 0x7ff4e0628ca0> start_wid=None stop_wid=None post_wid=None skip_call=None call_count=0 args=() kwds={}
2021-09-24 11:19:22,205 root DEBUG testcase.py               723   pre_run                   : 14) class=<class 'ptsprojects.testcase.TestFunc'>, func=<function set_pts_addr at 0x7ff4e258d1f0> start_wid=None stop_wid=None post_wid=None skip_call=None call_count=0 args=('00:1B:DC:F2:1C:35', 0) kwds={}
2021-09-24 11:19:22,205 root DEBUG testcase.py               723   pre_run                   : 15) class=<class 'ptsprojects.testcase.TestFunc'>, func=<bound method Stack.l2cap_init of <ptsprojects.stack.Stack object at 0x7ff4e0e62a90>> start_wid=None stop_wid=None post_wid=None skip_call=None call_count=0 args=(39, 120) kwds={}
2021-09-24 11:19:22,205 root DEBUG testcase.py               723   pre_run                   : 16) class=<class 'ptsprojects.testcase.TestFunc'>, func=<function l2cap_le_listen at 0x7ff4e25adf70> start_wid=None stop_wid=None post_wid=None skip_call=None call_count=0 args=(39, 120, 0) kwds={}
2021-09-24 11:19:22,205 root DEBUG testcase.py               723   pre_run                   : 17) class=<class 'ptsprojects.testcase.TestFuncCleanUp'>, func=<bound method Stack.cleanup of <ptsprojects.stack.Stack object at 0x7ff4e0e62a90>> start_wid=None stop_wid=None post_wid=None skip_call=None call_count=0 args=() kwds={}
2021-09-24 11:19:22,205 root DEBUG testcase.py               723   pre_run                   : 18) class=<class 'ptsprojects.testcase.TestFuncCleanUp'>, func=<bound method ZephyrCtl.stop of <ptsprojects.zephyr.iutctl.ZephyrCtl object at 0x7ff4e0e62970>> start_wid=None stop_wid=None post_wid=None skip_call=None call_count=0 args=() kwds={}
2021-09-24 11:19:22,205 root DEBUG testcase.py               730   pre_run                   : post_run, run pre test case script
2021-09-24 11:19:22,208 root DEBUG testcase.py               246   start                     : Starting test function: class=<class 'ptsprojects.testcase.TestFunc'>, func=<bound method ZephyrCtl.start of <ptsprojects.zephyr.iutctl.ZephyrCtl object at 0x7ff4e0e62970>> start_wid=None stop_wid=None post_wid=None skip_call=None call_count=1 args=(<ptsprojects.zephyr.ztestcase.ZTestCase object at 0x7ff4e04dc820>,) kwds={}
2021-09-24 11:19:22,208 root DEBUG testcase.py               258   start                     : Test function parameters: args=(<ptsprojects.zephyr.ztestcase.ZTestCase object at 0x7ff4e04dc820>,), kwds={}
2021-09-24 11:19:22,208 root DEBUG iutctl.py                 92    start                     : <class 'ptsprojects.zephyr.iutctl.ZephyrCtl'>.start
2021-09-24 11:19:22,208 root DEBUG iutctl.py                 152   flush_serial              : <class 'ptsprojects.zephyr.iutctl.ZephyrCtl'>.flush_serial
2021-09-24 11:19:23,344 root DEBUG iutctl.py                 117   start                     : Starting socat process: socat -x -v /dev/ttyACM0,rawer,b115200 UNIX-CONNECT:/tmp/bt-stack-tester683060861
2021-09-24 11:19:23,349 root DEBUG iutctl_common.py          231   accept                    : accept
2021-09-24 11:19:23,361 root DEBUG testcase.py               246   start                     : Starting test function: class=<class 'ptsprojects.testcase.TestFunc'>, func=<bound method ZephyrCtl.wait_iut_ready_event of <ptsprojects.zephyr.iutctl.ZephyrCtl object at 0x7ff4e0e62970>> start_wid=None stop_wid=None post_wid=None skip_call=None call_count=1 args=() kwds={}
2021-09-24 11:19:23,361 root DEBUG testcase.py               258   start                     : Test function parameters: args=(), kwds={}
2021-09-24 11:19:23,361 root DEBUG iutctl.py                 186   reset                     : <class 'ptsprojects.zephyr.iutctl.ZephyrCtl'>.reset
2021-09-24 11:19:23,361 root DEBUG iutctl.py                 221   stop                      : <class 'ptsprojects.zephyr.iutctl.ZephyrCtl'>.stop
2021-09-24 11:19:24,364 root DEBUG iutctl.py                 92    start                     : <class 'ptsprojects.zephyr.iutctl.ZephyrCtl'>.start
2021-09-24 11:19:24,364 root DEBUG iutctl.py                 152   flush_serial              : <class 'ptsprojects.zephyr.iutctl.ZephyrCtl'>.flush_serial
2021-09-24 11:19:25,367 root DEBUG iutctl.py                 117   start                     : Starting socat process: socat -x -v /dev/ttyACM0,rawer,b115200 UNIX-CONNECT:/tmp/bt-stack-tester683060861
2021-09-24 11:19:25,372 root DEBUG iutctl_common.py          231   accept                    : accept
2021-09-24 11:19:25,376 root DEBUG iutctl.py                 152   flush_serial              : <class 'ptsprojects.zephyr.iutctl.ZephyrCtl'>.flush_serial
2021-09-24 11:19:26,377 root DEBUG iutctl.py                 295   reset                     : About to reset DUT: 'nrfjprog -f nrf52 -r -s 683060861'
2021-09-24 11:19:27,150 root DEBUG iutctl_common.py          174   read                      : read
2021-09-24 11:19:27,514 root DEBUG iutctl_common.py          98    read                      : Received: hdr: Header(svc_id=0, op=128, ctrl_index=255, data_len=0) bytearray(b'\x00\x80\xff\x00\x00')
2021-09-24 11:19:27,546 root DEBUG iutctl_common.py          111   read                      : Received data: "('',)", bytearray(b'')
2021-09-24 11:19:27,562 root DEBUG btp.py                    423   event_handler             : event_handler Header(svc_id=0, op=128, ctrl_index=255, data_len=0) (b'',)
2021-09-24 11:19:27,563 root ERROR btp.py                    455   event_handler             : Unhandled event! svc_id 0 op 128
2021-09-24 11:19:27,563 root DEBUG iutctl.py                 214   wait_iut_ready_event      : IUT ready event received OK
2021-09-24 11:19:27,563 root DEBUG testcase.py               246   start                     : Starting test function: class=<class 'ptsprojects.testcase.TestFunc'>, func=<function core_reg_svc_gap at 0x7ff4e258d280> start_wid=None stop_wid=None post_wid=None skip_call=None call_count=1 args=() kwds={}
2021-09-24 11:19:27,563 root DEBUG testcase.py               258   start                     : Test function parameters: args=(), kwds={}
2021-09-24 11:19:27,563 root DEBUG btp.py                    258   core_reg_svc_gap          : core_reg_svc_gap
2021-09-24 11:19:27,563 root DEBUG iutctl_common.py          117   send                      : send, 0 3 255 '1'
2021-09-24 11:19:27,563 root DEBUG iutctl_common.py          120   send                      : btpclient command: send 0 3 255 '1'
2021-09-24 11:19:27,563 root DEBUG iutctl_common.py          125   send                      : sending frame b'\x00\x03\xff\x01\x00\x01'
2021-09-24 11:19:27,564 root DEBUG btp.py                    340   core_reg_svc_rsp_succ     : core_reg_svc_rsp_succ
2021-09-24 11:19:27,564 root DEBUG iutctl_common.py          174   read                      : read
2021-09-24 11:19:27,579 root DEBUG iutctl_common.py          98    read                      : Received: hdr: Header(svc_id=0, op=3, ctrl_index=255, data_len=0) bytearray(b'\x00\x03\xff\x00\x00')
2021-09-24 11:19:27,591 root DEBUG iutctl_common.py          111   read                      : Received data: "('',)", bytearray(b'')
2021-09-24 11:19:27,602 root DEBUG btp.py                    351   core_reg_svc_rsp_succ     : received Header(svc_id=0, op=3, ctrl_index=255, data_len=0) (b'',)
2021-09-24 11:19:27,602 root DEBUG btp.py                    352   core_reg_svc_rsp_succ     : expected ((0, 3, 255, 0), (b'',))
2021-09-24 11:19:27,602 root DEBUG btp.py                    357   core_reg_svc_rsp_succ     : response is valid
2021-09-24 11:19:27,603 root DEBUG testcase.py               246   start                     : Starting test function: class=<class 'ptsprojects.testcase.TestFunc'>, func=<function core_reg_svc_l2cap at 0x7ff4e258d4c0> start_wid=None stop_wid=None post_wid=None skip_call=None call_count=1 args=() kwds={}
2021-09-24 11:19:27,603 root DEBUG testcase.py               258   start                     : Test function parameters: args=(), kwds={}
2021-09-24 11:19:27,603 root DEBUG btp.py                    292   core_reg_svc_l2cap        : core_reg_svc_l2cap
2021-09-24 11:19:27,603 root DEBUG iutctl_common.py          117   send                      : send, 0 3 255 '3'
2021-09-24 11:19:27,603 root DEBUG iutctl_common.py          120   send                      : btpclient command: send 0 3 255 '3'
2021-09-24 11:19:27,603 root DEBUG iutctl_common.py          125   send                      : sending frame b'\x00\x03\xff\x01\x00\x03'
2021-09-24 11:19:27,603 root DEBUG btp.py                    340   core_reg_svc_rsp_succ     : core_reg_svc_rsp_succ
2021-09-24 11:19:27,603 root DEBUG iutctl_common.py          174   read                      : read
2021-09-24 11:19:27,615 root DEBUG iutctl_common.py          98    read                      : Received: hdr: Header(svc_id=0, op=3, ctrl_index=255, data_len=0) bytearray(b'\x00\x03\xff\x00\x00')
2021-09-24 11:19:27,626 root DEBUG iutctl_common.py          111   read                      : Received data: "('',)", bytearray(b'')
2021-09-24 11:19:27,642 root DEBUG btp.py                    351   core_reg_svc_rsp_succ     : received Header(svc_id=0, op=3, ctrl_index=255, data_len=0) (b'',)
2021-09-24 11:19:27,642 root DEBUG btp.py                    352   core_reg_svc_rsp_succ     : expected ((0, 3, 255, 0), (b'',))
2021-09-24 11:19:27,642 root DEBUG btp.py                    357   core_reg_svc_rsp_succ     : response is valid
2021-09-24 11:19:27,642 root DEBUG testcase.py               246   start                     : Starting test function: class=<class 'ptsprojects.testcase.TestFunc'>, func=<function gap_read_ctrl_info at 0x7ff4e2598700> start_wid=None stop_wid=None post_wid=None skip_call=None call_count=1 args=() kwds={}
2021-09-24 11:19:27,642 root DEBUG testcase.py               258   start                     : Test function parameters: args=(), kwds={}
2021-09-24 11:19:27,642 root DEBUG gap.py                    736   gap_read_ctrl_info        : gap_read_ctrl_info
2021-09-24 11:19:27,643 root DEBUG iutctl_common.py          117   send                      : send, 1 3 0 ''
2021-09-24 11:19:27,643 root DEBUG iutctl_common.py          120   send                      : btpclient command: send 1 3 0 ''
2021-09-24 11:19:27,643 root DEBUG iutctl_common.py          125   send                      : sending frame b'\x01\x03\x00\x00\x00'
2021-09-24 11:19:27,643 root DEBUG iutctl_common.py          174   read                      : read
2021-09-24 11:19:27,847 root DEBUG iutctl_common.py          98    read                      : Received: hdr: Header(svc_id=1, op=3, ctrl_index=0, data_len=277) bytearray(b'\x01\x03\x00\x15\x01')
2021-09-24 11:19:27,868 root DEBUG iutctl_common.py          111   read                      : Received data: "('îÒ¿Ñ\x0eù\x13\x06\x00\x00\x13\x82\x00\x00\x00\x00\x00btp_tester\x00\x00\x00\x00\x00\x00\x00\x00\x00\x00\x00\x00\x00\x00\x00\x00\x00\x00\x00\x00\x00\x00\x00\x00\x00\x00\x00\x00\x00\x00\x00\x00\x00\x00\x00\x00\x00\x00\x00\x00\x00\x00\x00\x00\x00\x00\x00\x00\x00\x00\x00\x00\x00\x00\x00\x00\x00\x00\x00\x00\x00\x00\x00\x00\x00\x00\x00\x00\x00\x00\x00\x00\x00\x00\x00\x00\x00\x00\x00\x00\x00\x00\x00\x00\x00\x00\x00\x00\x00\x00\x00\x00\x00\x00\x00\x00\x00\x00\x00\x00\x00\x00\x00\x00\x00\x00\x00\x00\x00\x00\x00\x00\x00\x00\x00\x00\x00\x00\x00\x00\x00\x00\x00\x00\x00\x00\x00\x00\x00\x00\x00\x00\x00\x00\x00\x00\x00\x00\x00\x00\x00\x00\x00\x00\x00\x00\x00\x00\x00\x00\x00\x00\x00\x00\x00\x00\x00\x00\x00\x00\x00\x00\x00\x00\x00\x00\x00\x00\x00\x00\x00\x00\x00\x00\x00\x00\x00\x00\x00\x00\x00\x00\x00\x00\x00\x00\x00\x00\x00\x00\x00\x00\x00\x00\x00\x00\x00\x00\x00\x00\x00\x00\x00\x00\x00\x00\x00\x00\x00\x00\x00\x00\x00\x00\x00\x00\x00\x00\x00\x00\x00\x00\x00\x00\x00\x00\x00\x00\x00\x00\x00\x00\x00\x00\x00\x00\x00\x00\x00\x00\x00\x00\x00\x00\x00\x00\x00\x00\x00\x00',)", bytearray(b'\xee\xd2\xbf\xd1\x0e\xf9\x13\x06\x00\x00\x13\x82\x00\x00\x00\x00\x00btp_tester\x00\x00\x00\x00\x00\x00\x00\x00\x00\x00\x00\x00\x00\x00\x00\x00\x00\x00\x00\x00\x00\x00\x00\x00\x00\x00\x00\x00\x00\x00\x00\x00\x00\x00\x00\x00\x00\x00\x00\x00\x00\x00\x00\x00\x00\x00\x00\x00\x00\x00\x00\x00\x00\x00\x00\x00\x00\x00\x00\x00\x00\x00\x00\x00\x00\x00\x00\x00\x00\x00\x00\x00\x00\x00\x00\x00\x00\x00\x00\x00\x00\x00\x00\x00\x00\x00\x00\x00\x00\x00\x00\x00\x00\x00\x00\x00\x00\x00\x00\x00\x00\x00\x00\x00\x00\x00\x00\x00\x00\x00\x00\x00\x00\x00\x00\x00\x00\x00\x00\x00\x00\x00\x00\x00\x00\x00\x00\x00\x00\x00\x00\x00\x00\x00\x00\x00\x00\x00\x00\x00\x00\x00\x00\x00\x00\x00\x00\x00\x00\x00\x00\x00\x00\x00\x00\x00\x00\x00\x00\x00\x00\x00\x00\x00\x00\x00\x00\x00\x00\x00\x00\x00\x00\x00\x00\x00\x00\x00\x00\x00\x00\x00\x00\x00\x00\x00\x00\x00\x00\x00\x00\x00\x00\x00\x00\x00\x00\x00\x00\x00\x00\x00\x00\x00\x00\x00\x00\x00\x00\x00\x00\x00\x00\x00\x00\x00\x00\x00\x00\x00\x00\x00\x00\x00\x00\x00\x00\x00\x00\x00\x00\x00\x00\x00\x00\x00\x00\x00\x00\x00\x00\x00\x00\x00\x00\x00\x00\x00\x00\x00')
2021-09-24 11:19:27,879 root DEBUG gap.py                    743   gap_read_ctrl_info        : received Header(svc_id=1, op=3, ctrl_index=0, data_len=277) (b'\xee\xd2\xbf\xd1\x0e\xf9\x13\x06\x00\x00\x13\x82\x00\x00\x00\x00\x00btp_tester\x00\x00\x00\x00\x00\x00\x00\x00\x00\x00\x00\x00\x00\x00\x00\x00\x00\x00\x00\x00\x00\x00\x00\x00\x00\x00\x00\x00\x00\x00\x00\x00\x00\x00\x00\x00\x00\x00\x00\x00\x00\x00\x00\x00\x00\x00\x00\x00\x00\x00\x00\x00\x00\x00\x00\x00\x00\x00\x00\x00\x00\x00\x00\x00\x00\x00\x00\x00\x00\x00\x00\x00\x00\x00\x00\x00\x00\x00\x00\x00\x00\x00\x00\x00\x00\x00\x00\x00\x00\x00\x00\x00\x00\x00\x00\x00\x00\x00\x00\x00\x00\x00\x00\x00\x00\x00\x00\x00\x00\x00\x00\x00\x00\x00\x00\x00\x00\x00\x00\x00\x00\x00\x00\x00\x00\x00\x00\x00\x00\x00\x00\x00\x00\x00\x00\x00\x00\x00\x00\x00\x00\x00\x00\x00\x00\x00\x00\x00\x00\x00\x00\x00\x00\x00\x00\x00\x00\x00\x00\x00\x00\x00\x00\x00\x00\x00\x00\x00\x00\x00\x00\x00\x00\x00\x00\x00\x00\x00\x00\x00\x00\x00\x00\x00\x00\x00\x00\x00\x00\x00\x00\x00\x00\x00\x00\x00\x00\x00\x00\x00\x00\x00\x00\x00\x00\x00\x00\x00\x00\x00\x00\x00\x00\x00\x00\x00\x00\x00\x00\x00\x00\x00\x00\x00\x00\x00\x00\x00\x00\x00\x00\x00\x00\x00\x00\x00\x00\x00\x00\x00\x00\x00\x00\x00\x00\x00\x00\x00\x00\x00',)
2021-09-24 11:19:27,879 root DEBUG gap.py                    764   gap_read_ctrl_info        : IUT address 'f90ed1bfd2ee'
2021-09-24 11:19:27,879 root DEBUG gap.py                    250   __gap_current_settings_update : __gap_current_settings_update 33299
2021-09-24 11:19:27,879 root DEBUG testcase.py               246   start                     : Starting test function: class=<class 'ptsprojects.testcase.TestFunc'>, func=<function test_cases.<locals>.<lambda> at 0x7ff4e0628820> start_wid=None stop_wid=None post_wid=None skip_call=None call_count=1 args=() kwds={}
2021-09-24 11:19:27,879 root DEBUG testcase.py               258   start                     : Test function parameters: args=(), kwds={}
2021-09-24 11:19:27,885 root DEBUG testcase.py               246   start                     : Starting test function: class=<class 'ptsprojects.testcase.TestFunc'>, func=<function test_cases.<locals>.<lambda> at 0x7ff4e06288b0> start_wid=None stop_wid=None post_wid=None skip_call=None call_count=1 args=() kwds={}
2021-09-24 11:19:27,885 root DEBUG testcase.py               258   start                     : Test function parameters: args=(), kwds={}
2021-09-24 11:19:27,890 root DEBUG testcase.py               246   start                     : Starting test function: class=<class 'ptsprojects.testcase.TestFunc'>, func=<function test_cases.<locals>.<lambda> at 0x7ff4e0628940> start_wid=None stop_wid=None post_wid=None skip_call=None call_count=1 args=() kwds={}
2021-09-24 11:19:27,890 root DEBUG testcase.py               258   start                     : Test function parameters: args=(), kwds={}
2021-09-24 11:19:27,894 root DEBUG testcase.py               246   start                     : Starting test function: class=<class 'ptsprojects.testcase.TestFunc'>, func=<function test_cases.<locals>.<lambda> at 0x7ff4e06289d0> start_wid=None stop_wid=None post_wid=None skip_call=None call_count=1 args=() kwds={}
2021-09-24 11:19:27,894 root DEBUG testcase.py               258   start                     : Test function parameters: args=(), kwds={}
2021-09-24 11:19:27,898 root DEBUG testcase.py               246   start                     : Starting test function: class=<class 'ptsprojects.testcase.TestFunc'>, func=<function test_cases.<locals>.<lambda> at 0x7ff4e0628a60> start_wid=None stop_wid=None post_wid=None skip_call=None call_count=1 args=() kwds={}
2021-09-24 11:19:27,898 root DEBUG testcase.py               258   start                     : Test function parameters: args=(), kwds={}
2021-09-24 11:19:27,903 root DEBUG testcase.py               246   start                     : Starting test function: class=<class 'ptsprojects.testcase.TestFunc'>, func=<function test_cases.<locals>.<lambda> at 0x7ff4e0628af0> start_wid=None stop_wid=None post_wid=None skip_call=None call_count=1 args=() kwds={}
2021-09-24 11:19:27,903 root DEBUG testcase.py               258   start                     : Test function parameters: args=(), kwds={}
2021-09-24 11:19:27,908 root DEBUG testcase.py               246   start                     : Starting test function: class=<class 'ptsprojects.testcase.TestFunc'>, func=<function test_cases.<locals>.<lambda> at 0x7ff4e0628b80> start_wid=None stop_wid=None post_wid=None skip_call=None call_count=1 args=() kwds={}
2021-09-24 11:19:27,908 root DEBUG testcase.py               258   start                     : Test function parameters: args=(), kwds={}
2021-09-24 11:19:27,913 root DEBUG testcase.py               246   start                     : Starting test function: class=<class 'ptsprojects.testcase.TestFunc'>, func=<function test_cases.<locals>.<lambda> at 0x7ff4e0628c10> start_wid=None stop_wid=None post_wid=None skip_call=None call_count=1 args=() kwds={}
2021-09-24 11:19:27,913 root DEBUG testcase.py               258   start                     : Test function parameters: args=(), kwds={}
2021-09-24 11:19:27,917 root DEBUG testcase.py               246   start                     : Starting test function: class=<class 'ptsprojects.testcase.TestFunc'>, func=<function test_cases.<locals>.<lambda> at 0x7ff4e0628ca0> start_wid=None stop_wid=None post_wid=None skip_call=None call_count=1 args=() kwds={}
2021-09-24 11:19:27,918 root DEBUG testcase.py               258   start                     : Test function parameters: args=(), kwds={}
2021-09-24 11:19:27,922 root DEBUG testcase.py               246   start                     : Starting test function: class=<class 'ptsprojects.testcase.TestFunc'>, func=<function set_pts_addr at 0x7ff4e258d1f0> start_wid=None stop_wid=None post_wid=None skip_call=None call_count=1 args=('00:1B:DC:F2:1C:35', 0) kwds={}
2021-09-24 11:19:27,922 root DEBUG testcase.py               258   start                     : Test function parameters: args=('00:1B:DC:F2:1C:35', 0), kwds={}
2021-09-24 11:19:27,922 root DEBUG testcase.py               246   start                     : Starting test function: class=<class 'ptsprojects.testcase.TestFunc'>, func=<bound method Stack.l2cap_init of <ptsprojects.stack.Stack object at 0x7ff4e0e62a90>> start_wid=None stop_wid=None post_wid=None skip_call=None call_count=1 args=(39, 120) kwds={}
2021-09-24 11:19:27,922 root DEBUG testcase.py               258   start                     : Test function parameters: args=(39, 120), kwds={}
2021-09-24 11:19:27,922 root DEBUG testcase.py               246   start                     : Starting test function: class=<class 'ptsprojects.testcase.TestFunc'>, func=<function l2cap_le_listen at 0x7ff4e25adf70> start_wid=None stop_wid=None post_wid=None skip_call=None call_count=1 args=(39, 120, 0) kwds={}
2021-09-24 11:19:27,922 root DEBUG testcase.py               258   start                     : Test function parameters: args=(39, 120, 0), kwds={}
2021-09-24 11:19:27,923 root DEBUG l2cap.py                  145   l2cap_listen              : l2cap_le_listen 39 1 120 0
2021-09-24 11:19:27,923 root DEBUG iutctl_common.py          117   send                      : send, 3 5 0 'bytearray(b"\\\'\\x00\\x01x\\x00\\x00\\x00")'
2021-09-24 11:19:27,923 root DEBUG iutctl_common.py          120   send                      : btpclient command: send 3 5 0 'bytearray(b"\\\'\\x00\\x01x\\x00\\x00\\x00")'
2021-09-24 11:19:27,923 root DEBUG iutctl_common.py          125   send                      : sending frame b"\x03\x05\x00\x07\x00'\x00\x01x\x00\x00\x00"
2021-09-24 11:19:27,923 root DEBUG l2cap.py                  48    l2cap_command_rsp_succ    : l2cap_command_rsp_succ
2021-09-24 11:19:27,923 root DEBUG iutctl_common.py          174   read                      : read
2021-09-24 11:19:27,930 root DEBUG iutctl_common.py          98    read                      : Received: hdr: Header(svc_id=3, op=5, ctrl_index=0, data_len=0) bytearray(b'\x03\x05\x00\x00\x00')
2021-09-24 11:19:27,936 root DEBUG iutctl_common.py          111   read                      : Received data: "('',)", bytearray(b'')
2021-09-24 11:19:27,947 root DEBUG l2cap.py                  53    l2cap_command_rsp_succ    : received Header(svc_id=3, op=5, ctrl_index=0, data_len=0) (b'',)
2021-09-24 11:19:27,947 root DEBUG autoptsclient_common.py   270   set_current_test_case     : CallbackThread.set_current_test_case L2CAP/ECFC/BV-26-C
2021-09-24 11:19:37,650 ClientCallback.on_implicit_send INFO autoptsclient_common.py   169   on_implicit_send          : ********************
2021-09-24 11:19:37,651 ClientCallback.on_implicit_send INFO autoptsclient_common.py   170   on_implicit_send          : BEGIN OnImplicitSend:
2021-09-24 11:19:37,651 ClientCallback.on_implicit_send INFO autoptsclient_common.py   171   on_implicit_send          : project_name: L2CAP
2021-09-24 11:19:37,651 ClientCallback.on_implicit_send INFO autoptsclient_common.py   172   on_implicit_send          : wid: 51
2021-09-24 11:19:37,651 ClientCallback.on_implicit_send INFO autoptsclient_common.py   173   on_implicit_send          : test_case_name: L2CAP/ECFC/BV-26-C
2021-09-24 11:19:37,651 ClientCallback.on_implicit_send INFO autoptsclient_common.py   174   on_implicit_send          : description: Initiate or create LE ACL connection to the PTS.
2021-09-24 11:19:37,651 ClientCallback.on_implicit_send INFO autoptsclient_common.py   175   on_implicit_send          : style: MMI_Style_Ok_Cancel2 0x11141
2021-09-24 11:19:37,651 ClientCallback.on_implicit_send INFO autoptsclient_common.py   181   on_implicit_send          : Calling test cases on_implicit_send
2021-09-24 11:19:37,651 root DEBUG testcase.py               675   on_implicit_send          : L2CAP L2CAP/ECFC/BV-26-C on_implicit_send
2021-09-24 11:19:37,651 root DEBUG testcase.py               619   join_post_wid_thread      : L2CAP L2CAP/ECFC/BV-26-C join_post_wid_thread
2021-09-24 11:19:37,651 root DEBUG testcase.py               621   join_post_wid_thread      : self.post_wid_thread None
2021-09-24 11:19:37,651 root DEBUG l2cap.py                  29    l2cap_wid_hdl             : l2cap_wid_hdl, 51, 'Initiate or create LE ACL connection to the PTS.', L2CAP/ECFC/BV-26-C
2021-09-24 11:19:37,652 root DEBUG gap.py                    377   gap_conn                  : gap_conn None None
2021-09-24 11:19:37,652 root DEBUG iutctl_common.py          117   send                      : send, 1 14 0 "bytearray(b'\\x005\\x1c\\xf2\\xdc\\x1b\\x00\\x00')"
2021-09-24 11:19:37,652 root DEBUG iutctl_common.py          120   send                      : btpclient command: send 1 14 0 "bytearray(b'\\x005\\x1c\\xf2\\xdc\\x1b\\x00\\x00')"
2021-09-24 11:19:37,652 root DEBUG iutctl_common.py          125   send                      : sending frame b'\x01\x0e\x00\x08\x00\x005\x1c\xf2\xdc\x1b\x00\x00'
2021-09-24 11:19:37,652 root DEBUG gap.py                    770   gap_command_rsp_succ      : gap_command_rsp_succ
2021-09-24 11:19:37,652 root DEBUG iutctl_common.py          174   read                      : read
2021-09-24 11:19:37,661 root DEBUG iutctl_common.py          98    read                      : Received: hdr: Header(svc_id=1, op=14, ctrl_index=0, data_len=0) bytearray(b'\x01\x0e\x00\x00\x00')
2021-09-24 11:19:37,671 root DEBUG iutctl_common.py          111   read                      : Received data: "('',)", bytearray(b'')
2021-09-24 11:19:37,682 root DEBUG gap.py                    775   gap_command_rsp_succ      : received Header(svc_id=1, op=14, ctrl_index=0, data_len=0) (b'',)
2021-09-24 11:19:37,682 root DEBUG testcase.py               713   on_implicit_send          : Sending response 'OK'
2021-09-24 11:19:37,682 ClientCallback.on_implicit_send INFO autoptsclient_common.py   186   on_implicit_send          : test case returned on_implicit_send, response: OK
2021-09-24 11:19:37,682 ClientCallback.on_implicit_send INFO autoptsclient_common.py   196   on_implicit_send          : END OnImplicitSend:
2021-09-24 11:19:37,682 ClientCallback.on_implicit_send INFO autoptsclient_common.py   197   on_implicit_send          : ********************
2021-09-24 11:19:38,124 root DEBUG iutctl_common.py          98    read                      : Received: hdr: Header(svc_id=1, op=130, ctrl_index=0, data_len=13) bytearray(b'\x01\x82\x00\r\x00')
2021-09-24 11:19:38,124 root DEBUG iutctl_common.py          111   read                      : Received data: "('\x005\x1còÜ\x1b\x00(\x00\x00\x00\x90\x01',)", bytearray(b'\x005\x1c\xf2\xdc\x1b\x00(\x00\x00\x00\x90\x01')
2021-09-24 11:19:38,125 root DEBUG btp.py                    423   event_handler             : event_handler Header(svc_id=1, op=130, ctrl_index=0, data_len=13) (b'\x005\x1c\xf2\xdc\x1b\x00(\x00\x00\x00\x90\x01',)
2021-09-24 11:19:38,125 root DEBUG gap.py                    128   gap_connected_ev_         : gap_connected_ev_ b'\x005\x1c\xf2\xdc\x1b\x00(\x00\x00\x00\x90\x01'
2021-09-24 11:19:39,224 ClientCallback.on_implicit_send INFO autoptsclient_common.py   169   on_implicit_send          : ********************
2021-09-24 11:19:39,224 ClientCallback.on_implicit_send INFO autoptsclient_common.py   170   on_implicit_send          : BEGIN OnImplicitSend:
2021-09-24 11:19:39,224 ClientCallback.on_implicit_send INFO autoptsclient_common.py   171   on_implicit_send          : project_name: L2CAP
2021-09-24 11:19:39,224 ClientCallback.on_implicit_send INFO autoptsclient_common.py   172   on_implicit_send          : wid: 256
2021-09-24 11:19:39,224 ClientCallback.on_implicit_send INFO autoptsclient_common.py   173   on_implicit_send          : test_case_name: L2CAP/ECFC/BV-26-C
2021-09-24 11:19:39,224 ClientCallback.on_implicit_send INFO autoptsclient_common.py   174   on_implicit_send          : description: Please send L2CAP Credit Based Connection RSP to PTS.
2021-09-24 11:19:39,224 ClientCallback.on_implicit_send INFO autoptsclient_common.py   175   on_implicit_send          : style: MMI_Style_Ok_Cancel2 0x11141
2021-09-24 11:19:39,224 ClientCallback.on_implicit_send INFO autoptsclient_common.py   181   on_implicit_send          : Calling test cases on_implicit_send
2021-09-24 11:19:39,224 root DEBUG testcase.py               675   on_implicit_send          : L2CAP L2CAP/ECFC/BV-26-C on_implicit_send
2021-09-24 11:19:39,224 root DEBUG testcase.py               619   join_post_wid_thread      : L2CAP L2CAP/ECFC/BV-26-C join_post_wid_thread
2021-09-24 11:19:39,225 root DEBUG testcase.py               621   join_post_wid_thread      : self.post_wid_thread None
2021-09-24 11:19:39,225 root DEBUG l2cap.py                  29    l2cap_wid_hdl             : l2cap_wid_hdl, 256, 'Please send L2CAP Credit Based Connection RSP to PTS.', L2CAP/ECFC/BV-26-C
2021-09-24 11:19:39,225 root DEBUG testcase.py               713   on_implicit_send          : Sending response 'OK'
2021-09-24 11:19:39,225 ClientCallback.on_implicit_send INFO autoptsclient_common.py   186   on_implicit_send          : test case returned on_implicit_send, response: OK
2021-09-24 11:19:39,225 ClientCallback.on_implicit_send INFO autoptsclient_common.py   196   on_implicit_send          : END OnImplicitSend:
2021-09-24 11:19:39,225 ClientCallback.on_implicit_send INFO autoptsclient_common.py   197   on_implicit_send          : ********************
2021-09-24 11:19:39,576 root DEBUG iutctl_common.py          98    read                      : Received: hdr: Header(svc_id=1, op=131, ctrl_index=0, data_len=7) bytearray(b'\x01\x83\x00\x07\x00')
2021-09-24 11:19:39,576 root DEBUG iutctl_common.py          111   read                      : Received data: "('\x005\x1còÜ\x1b\x00',)", bytearray(b'\x005\x1c\xf2\xdc\x1b\x00')
2021-09-24 11:19:39,576 root DEBUG btp.py                    423   event_handler             : event_handler Header(svc_id=1, op=131, ctrl_index=0, data_len=7) (b'\x005\x1c\xf2\xdc\x1b\x00',)
2021-09-24 11:19:39,576 root DEBUG gap.py                    142   gap_disconnected_ev_      : gap_disconnected_ev_ b'\x005\x1c\xf2\xdc\x1b\x00'
2021-09-24 11:19:42,125 ClientCallback.log INFO autoptsclient_common.py   133   log                       : PTS_LOGTYPE_START_TEST Start Test Case 

+1688 ms
 L2CAP/ECFC/BV-26-C L2CAP/ECFC/BV-26-C

2021-09-24 11:19:42,125 root DEBUG testcase.py               464   log                       : New status L2CAP L2CAP/ECFC/BV-26-C - Started
2021-09-24 11:19:42,359 ClientCallback.log INFO autoptsclient_common.py   133   log                       : PTS_LOGTYPE_FINAL_VERDICT Final Verdict 

+10688 ms
 L2CAP/ECFC/BV-26-C PASS

2021-09-24 11:19:42,360 root DEBUG testcase.py               464   log                       : New status L2CAP L2CAP/ECFC/BV-26-C - PASS
2021-09-24 11:19:42,367 ClientCallback.log INFO autoptsclient_common.py   133   log                       : PTS_LOGTYPE_FINAL_VERDICT Encrypted Verdict 

+10688 ms
 L2CAP/ECFC/BV-26-C A1#ZGY3Yzc3MDgzY2I1YjRmN2M0ZGZkMzg3Y2E4ZDNhZmRjNzIxNzQ0YThiN2QyNzE2MWJkZGEwNTRiNjM3YThhMA==#TW9d0DsyUH8kpDNuzuCAKlWRIV0mbYJGzD2cdVODbiLeYzHFVlEZmCHzwuupVdFv

2021-09-24 11:19:42,428 ClientCallback.log INFO autoptsclient_common.py   133   log                       : PTS_LOGTYPE_END_TEST Test Case Ended 

+10688 ms
 L2CAP/ECFC/BV-26-C L2CAP/ECFC/BV-26-C

2021-09-24 11:19:42,579 root DEBUG autoptsclient_common.py   813   run_test_case_thread_entry : After run_test_case error_code='' status='PASS'
2021-09-24 11:19:42,579 root DEBUG autoptsclient_common.py   278   error_code                : CallbackThread.error_code
2021-09-24 11:19:42,579 root DEBUG autoptsclient_common.py   292   cleanup                   : CallbackThread.cleanup
2021-09-24 11:19:43,581 root DEBUG testcase.py               758   post_run                  : post_run L2CAP L2CAP/ECFC/BV-26-C 
2021-09-24 11:19:43,581 root DEBUG testcase.py               246   start                     : Starting test function: class=<class 'ptsprojects.testcase.TestFuncCleanUp'>, func=<bound method Stack.cleanup of <ptsprojects.stack.Stack object at 0x7ff4e0e62a90>> start_wid=None stop_wid=None post_wid=None skip_call=None call_count=1 args=() kwds={}
2021-09-24 11:19:43,581 root DEBUG testcase.py               258   start                     : Test function parameters: args=(), kwds={}
2021-09-24 11:19:43,581 root DEBUG autoptsclient_common.py   287   clear_pending_responses   : CallbackThread.clear_pending_responses
2021-09-24 11:19:43,581 root DEBUG testcase.py               246   start                     : Starting test function: class=<class 'ptsprojects.testcase.TestFuncCleanUp'>, func=<bound method ZephyrCtl.stop of <ptsprojects.zephyr.iutctl.ZephyrCtl object at 0x7ff4e0e62970>> start_wid=None stop_wid=None post_wid=None skip_call=None call_count=1 args=() kwds={}
2021-09-24 11:19:43,581 root DEBUG testcase.py               258   start                     : Test function parameters: args=(), kwds={}
2021-09-24 11:19:43,582 root DEBUG iutctl.py                 221   stop                      : <class 'ptsprojects.zephyr.iutctl.ZephyrCtl'>.stop
2021-09-24 11:19:47,587 root DEBUG testcase.py               783   post_run                  : post_run, cleanup running pre test case script
2021-09-24 11:19:47,587 root DEBUG testcase.py               793   post_run                  : post_run, run post test case script
2021-09-24 11:19:47,607 root DEBUG autoptsclient_common.py   843   run_test_case_thread_entry : Done TestCase wrapper L2CAP L2CAP/ECFC/BV-26-C
